httpget.py: An Error has occurred
httpget.py: An Error has occurred
httpget.py: An Error has occurred
httpget.py: An Error has occurred
httpget.py: An Error has occurred
httpget.py: An Error has occurred
httpget.py: An Error has occurred
httpget.py: An Error has occurred
httpget.py: An Error has occurred
httpget.py: An Error has occurred
httpget.py: An Error has occurred
httpget.py: An Error has occurred
httpget.py: An Error has occurred
httpget.py: An Error has occurred
httpget.py: An Error has occurred
httpget.py: An Error has occurred
httpget.py: An Error has occurred
httpget.py: An Error has occurred
httpget.py: An Error has occurred
httpget.py: An Error has occurred
httpget.py: An Error has occurred
httpget.py: An Error has occurred
Trim Cut;
Part 1 complete;
Part 2 complete;
Part 3 complete;
Part 4 complete;
Part 5 complete;
Part 6 complete;
Part 7 complete;
Part 8 complete;
Part 9 complete;
Part 10 complete;
Part 11 complete;
Part 12 complete;
Part 13 complete;
Part 14 complete;
Part 15 complete;
Part 16 complete;
Part 17 complete;
Part 18 complete;
Part 19 complete;
Part 20 complete;
Part 21 complete;
Part 22 complete;
Part 23 complete;
Part 24 complete;
Part 25 complete;
Part 26 complete;
Part 27 complete;
Part 28 complete;
Part 29 complete;
Part 30 complete;
Part 31 complete;
Part 32 complete;
Part 33 complete;
Part 34 complete;
Part 35 complete;
Trim Cut;
Part 36 complete;
Part 37 complete;
Part 38 complete;
Part 39 complete;
Part 40 complete;
Part 41 complete;
Trim Cut;
Part 42 complete;
Part 43 complete;
Part 44 complete;
Part 45 complete;
Part 46 complete;
Part 47 complete;
Part 48 complete;
Part 49 complete;
Part 50 complete;
Part 51 complete;
Part 52 complete;
Part 53 complete;
Part 54 complete;
Part 55 complete;
Part 56 complete;
Part 57 complete;
Part 58 complete;
Part 59 complete;
Part 60 complete;
Part 61 complete;
Part 62 complete;
Part 63 complete;
Part 64 complete;
Part 65 complete;
Part 66 complete;
Part 67 complete;
Part 68 complete;
Part 69 complete;
Part 70 complete;
Part 71 complete;
Part 72 complete;
Part 73 complete;
Part 74 complete;
Part 75 complete;
Part 76 complete;
Part 77 complete;
Part 78 complete;
Part 79 complete;
Part 80 complete;
Part 81 complete;
Part 82 complete;
Part 83 complete;
Part 84 complete;
Part 85 complete;
Part 86 complete;
Part 87 complete;
Part 88 complete;
Part 89 complete;
Part 90 complete;
Part 91 complete;
Part 92 complete;
Part 93 complete;
Part 94 complete;
Part 95 complete;
Part 95 complete;
Part 96 complete;
Part 97 complete;
Part 98 complete;
Part 99 complete;
Part 100 complete;
Part 101 complete;
Part 102 complete;
Part 103 complete;
Part 104 complete;
Part 105 complete;
Part 106 complete;
Part 107 complete;
Part 108 complete;
Part 109 complete;
Part 110 complete;
Part 111 complete;
Part 112 complete;
Part 113 complete;
Part 114 complete;
Part 115 complete;
Part 116 complete;
Part 117 complete;
Part 118 complete;
Part 119 complete;
Part 120 complete;
Part 121 complete;
Part 122 complete;
Part 123 complete;
Part 124 complete;
Part 125 complete;
Part 126 complete;
Part 127 complete;
Part 128 complete;
Part 129 complete;
Part 130 complete;
Part 131 complete;
Part 132 complete;
Part 133 complete;
Part 134 complete;
Part 135 complete;
Part 136 complete;
Part 137 complete;
Part 138 complete;
Part 139 complete;
Part 140 complete;
Part 141 complete;
Part 142 complete;
Part 143 complete;
Part 144 complete;
Part 145 complete;
Part 146 complete;
Part 147 complete;
Part 148 complete;
Part 149 complete;
Part 150 complete;
Part 151 complete;
Part 152 complete;
Part 153 complete;
Part 154 complete;
Part 155 complete;
Part 156 complete;
Part 157 complete;
Part 158 complete;
Part 159 complete;
Part 160 complete;
Part 161 complete;
Part 162 complete;
Part 163 complete;
Part 164 complete;
Part 165 complete;
Part 166 complete;
Part 167 complete;
Part 168 complete;
Part 169 complete;
Part 170 complete;
Part 171 complete;
Part 172 complete;
<Making the Agent>
Trim Cut;
Part 1 complete;
Part 2 complete;
Part 3 complete;
Part 4 complete;
Part 5 complete;
Part 6 complete;
Part 7 complete;
Trim Cut;
Part 8 complete;
Part 9 complete;
Part 10 complete;
Part 11 complete;
Part 12 complete;
Part 13 complete;
Part 13 complete;
Trim Cut;
Part 14 complete;
Part 15 complete;
Part 16 complete;
Part 17 complete;
Part 18 complete;
Part 19 complete;
Part 20 complete;
Part 21 complete;
Part 22 complete;
Part 23 complete;
Part 24 complete;
Part 25 complete;
Part 26 complete;
Part 27 complete;
Part 28 complete;
Part 29 complete;
Part 30 complete;
Part 31 complete;
Part 32 complete;
Part 33 complete;
Part 34 complete;
Part 35 complete;
Part 36 complete;
Part 37 complete;
Part 38 complete;
Part 39 complete;
Part 40 complete;
Part 41 complete;
Part 42 complete;
Part 43 complete;
Part 44 complete;
Part 45 complete;
Part 46 complete;
Part 47 complete;
Part 48 complete;
Part 49 complete;
Part 50 complete;
Part 51 complete;
Part 52 complete;
Part 53 complete;
Part 54 complete;
Part 55 complete;
Part 56 complete;
Part 57 complete;
Part 58 complete;
Part 59 complete;
Part 60 complete;
Part 61 complete;
Part 62 complete;
Part 63 complete;
Part 64 complete;
Part 65 complete;
Part 66 complete;
Part 67 complete;
httpget.py: An Error has occurred
httpget.py: An Error has occurred
httpget.py: An Error has occurred
httpget.py: An Error has occurred
httpget.py: An Error has occurred
Trim Cut;
Part 1 complete;
Part 2 complete;
Part 3 complete;
Part 4 complete;
Part 5 complete;
Part 6 complete;
Part 7 complete;
Part 8 complete;
Part 9 complete;
Part 10 complete;
Part 11 complete;
Part 12 complete;
Part 13 complete;
Part 14 complete;
Part 15 complete;
Part 16 complete;
Part 17 complete;
Part 18 complete;
Part 19 complete;
Part 20 complete;
Part 21 complete;
Part 22 complete;
Part 23 complete;
Part 24 complete;
Part 25 complete;
Part 26 complete;
Part 27 complete;
Part 28 complete;
Part 29 complete;
Part 30 complete;
Part 31 complete;
Part 32 complete;
Part 33 complete;
Part 34 complete;
Part 35 complete;
Part 36 complete;
Part 37 complete;
Part 38 complete;
Part 39 complete;
Part 40 complete;
Part 41 complete;
Part 42 complete;
Part 43 complete;
Part 44 complete;
Part 45 complete;
Part 46 complete;
Part 47 complete;
Part 48 complete;
Part 49 complete;
Part 50 complete;
Part 51 complete;
Part 52 complete;
Part 53 complete;
Part 54 complete;
Part 55 complete;
Part 56 complete;
Part 57 complete;
Part 58 complete;
Part 59 complete;
Part 60 complete;
Part 61 complete;
Part 62 complete;
Part 63 complete;
Part 64 complete;
Part 65 complete;
Part 66 complete;
Part 67 complete;
Part 68 complete;
Part 69 complete;
Part 70 complete;
Part 71 complete;
Part 72 complete;
Part 73 complete;
Part 74 complete;
Part 75 complete;
Part 76 complete;
Part 77 complete;
Part 78 complete;
Part 79 complete;
Part 80 complete;
Part 81 complete;
Part 82 complete;
Part 83 complete;
Part 84 complete;
Part 85 complete;
Part 86 complete;
Part 87 complete;
Part 88 complete;
Part 89 complete;
Part 90 complete;
Part 91 complete;
Part 92 complete;
Part 93 complete;
Part 94 complete;
Part 95 complete;
Part 96 complete;
Part 97 complete;
Part 98 complete;
Part 99 complete;
Part 100 complete;
Part 101 complete;
Part 102 complete;
Part 103 complete;
Part 104 complete;
Part 105 complete;
Part 106 complete;
Part 107 complete;
Part 108 complete;
Part 109 complete;
Part 110 complete;
Part 111 complete;
Part 112 complete;
Part 113 complete;
Part 114 complete;
Part 115 complete;
Part 116 complete;
Part 117 complete;
Trim Cut;
Part 118 complete;
Part 119 complete;
Part 120 complete;
Part 121 complete;
Part 122 complete;
Part 123 complete;
Part 124 complete;
Part 125 complete;
Part 126 complete;
Part 127 complete;
Part 128 complete;
Part 129 complete;
Part 130 complete;
Part 131 complete;
Part 132 complete;
Part 133 complete;
Part 134 complete;
Part 135 complete;
Part 136 complete;
Part 137 complete;
Part 138 complete;
Part 139 complete;
Part 140 complete;
Part 141 complete;
Part 142 complete;
Part 143 complete;
Part 144 complete;
Part 145 complete;
Part 146 complete;
Part 147 complete;
Part 148 complete;
Part 149 complete;
Part 150 complete;
Part 151 complete;
Part 152 complete;
Part 153 complete;
Part 154 complete;
Part 155 complete;
Part 156 complete;
Part 157 complete;
Part 158 complete;
Part 159 complete;
Part 160 complete;
Part 161 complete;
Part 162 complete;
Part 163 complete;
Part 164 complete;
Part 165 complete;
Part 166 complete;
Part 167 complete;
Part 168 complete;
Part 169 complete;
Part 170 complete;
Part 171 complete;
Part 172 complete;
Part 173 complete;
Part 174 complete;
Part 175 complete;
Part 176 complete;
Part 177 complete;
Part 178 complete;
Part 179 complete;
Part 180 complete;
Part 181 complete;
Part 182 complete;
Part 183 complete;
Part 184 complete;
Part 185 complete;
Part 186 complete;
Part 187 complete;
Part 188 complete;
Part 189 complete;
Part 190 complete;
Part 191 complete;
Part 192 complete;
Part 193 complete;
Part 194 complete;
Part 195 complete;
Part 196 complete;
Part 197 complete;
Part 198 complete;
Part 199 complete;
Part 200 complete;
Part 201 complete;
Part 202 complete;
Part 203 complete;
Part 204 complete;
Part 205 complete;
Part 206 complete;
Part 207 complete;
Part 208 complete;
Part 209 complete;
Part 210 complete;
Part 211 complete;
Part 212 complete;
Part 213 complete;
Part 214 complete;
Part 215 complete;
Part 216 complete;
Part 217 complete;
Part 218 complete;
Part 219 complete;
Part 220 complete;
Part 221 complete;
Part 222 complete;
Part 223 complete;
Part 224 complete;
Part 225 complete;
Part 226 complete;
Part 227 complete;
Part 228 complete;
Part 229 complete;
Part 230 complete;
Part 231 complete;
Part 232 complete;
Part 233 complete;
Part 234 complete;
Part 235 complete;
Part 236 complete;
Part 237 complete;
Part 238 complete;
Part 239 complete;
Part 240 complete;
Part 241 complete;
Part 242 complete;
Part 243 complete;
Part 244 complete;
Part 245 complete;
Part 246 complete;
Part 247 complete;
Part 248 complete;
Part 249 complete;
Part 250 complete;
Part 251 complete;
Part 252 complete;
Part 253 complete;
Part 254 complete;
Part 255 complete;
Part 256 complete;
Part 257 complete;
Part 258 complete;
Part 259 complete;
Part 260 complete;
Part 261 complete;
Part 262 complete;
Part 263 complete;
Part 264 complete;
Part 265 complete;
Part 266 complete;
Part 267 complete;
Part 268 complete;
Part 269 complete;
Part 270 complete;
Part 271 complete;
Part 272 complete;
Part 273 complete;
Part 274 complete;
Part 275 complete;
Part 276 complete;
Part 277 complete;
Part 278 complete;
Part 279 complete;
Part 280 complete;
Part 281 complete;
Part 282 complete;
Part 283 complete;
Part 284 complete;
Part 285 complete;
Part 286 complete;
Part 287 complete;
Part 288 complete;
Part 289 complete;
Part 290 complete;
Part 291 complete;
Part 292 complete;
Part 293 complete;
Part 294 complete;
Part 295 complete;
Part 296 complete;
Part 297 complete;
Part 298 complete;
Part 299 complete;
Part 300 complete;
Part 301 complete;
Part 302 complete;
Part 303 complete;
Trim Cut;
Part 304 complete;
Part 305 complete;
Part 306 complete;
Part 307 complete;
Part 308 complete;
Part 309 complete;
Part 310 complete;
Part 311 complete;
Part 312 complete;
Part 313 complete;
Part 314 complete;
Part 315 complete;
Part 316 complete;
Part 317 complete;
Part 318 complete;
Part 319 complete;
Part 320 complete;
Part 321 complete;
Part 322 complete;
Part 323 complete;
Part 324 complete;
Part 325 complete;
Part 326 complete;
Part 327 complete;
Part 328 complete;
Part 329 complete;
Part 330 complete;
Part 331 complete;
Part 332 complete;
Part 333 complete;
Part 334 complete;
Part 335 complete;
Part 336 complete;
Part 337 complete;
Part 338 complete;
Part 339 complete;
Part 340 complete;
Part 341 complete;
Part 342 complete;
Part 343 complete;
Part 344 complete;
Part 345 complete;
Part 346 complete;
Part 347 complete;
Part 348 complete;
Part 349 complete;
Part 350 complete;
Part 351 complete;
Part 352 complete;
Part 353 complete;
Part 354 complete;
Part 355 complete;
Part 356 complete;
Part 357 complete;
Part 358 complete;
Part 359 complete;
Part 360 complete;
Part 361 complete;
Part 362 complete;
Part 363 complete;
Part 364 complete;
Part 365 complete;
Part 366 complete;
Part 367 complete;
Part 368 complete;
Part 369 complete;
Part 370 complete;
Part 371 complete;
Part 372 complete;
Part 373 complete;
Part 374 complete;
Part 375 complete;
Part 376 complete;
Part 377 complete;
Part 378 complete;
Part 379 complete;
Part 380 complete;
Part 381 complete;
Part 382 complete;
Part 383 complete;
Part 384 complete;
Part 385 complete;
Part 386 complete;
Part 387 complete;
Part 388 complete;
Part 389 complete;
Part 390 complete;
Part 391 complete;
Part 392 complete;
Part 393 complete;
Part 394 complete;
Part 395 complete;
Part 396 complete;
Part 397 complete;
Part 398 complete;
Part 399 complete;
Part 400 complete;
Part 401 complete;
Part 402 complete;
Part 403 complete;
Part 404 complete;
Part 405 complete;
Part 406 complete;
Part 407 complete;
Part 408 complete;
Part 409 complete;
Part 410 complete;
Part 411 complete;
Part 412 complete;
Part 413 complete;
Part 414 complete;
Part 415 complete;
Part 416 complete;
Part 417 complete;
Part 418 complete;
Part 419 complete;
Part 420 complete;
Part 421 complete;
Part 422 complete;
Part 423 complete;
Part 424 complete;
Part 425 complete;
Part 426 complete;
Part 427 complete;
Part 428 complete;
Part 429 complete;
Part 430 complete;
Part 431 complete;
Part 432 complete;
Part 433 complete;
Part 434 complete;
Part 435 complete;
Part 436 complete;
Part 437 complete;
Part 438 complete;
Part 439 complete;
Part 440 complete;
Part 441 complete;
Part 442 complete;
Part 443 complete;
Part 444 complete;
Part 445 complete;
Part 446 complete;
Part 447 complete;
Part 448 complete;
Part 449 complete;
Part 450 complete;
Part 451 complete;
Part 452 complete;
Part 453 complete;
Part 454 complete;
Part 455 complete;
Part 456 complete;
Part 457 complete;
Part 458 complete;
Part 459 complete;
Part 460 complete;
Part 461 complete;
ConfirmationNumbers.txt not found
ConfirmationNumbers.txt not found
ConfirmationNumbers.txt not found
ConfirmationNumbers.txt not found
ConfirmationNumbers.txt not found
ConfirmationNumbers.txt not found
ConfirmationNumbers.txt not found
ConfirmationNumbers.txt not found
ConfirmationNumbers.txt not found
ConfirmationNumbers.txt not found
ConfirmationNumbers.txt not found
ConfirmationNumbers.txt not found
ConfirmationNumbers.txt not found
ConfirmationNumbers.txt not found
ConfirmationNumbers.txt not found
ConfirmationNumbers.txt not found
ConfirmationNumbers.txt not found
ConfirmationNumbers.txt not found
ConfirmationNumbers.txt not found
ConfirmationNumbers.txt not found
ConfirmationNumbers.txt not found
ConfirmationNumbers.txt not found
ConfirmationNumbers.txt not found
ConfirmationNumbers.txt not found
ConfirmationNumbers.txt not found
ConfirmationNumbers.txt not found
ConfirmationNumbers.txt not found
ConfirmationNumbers.txt not found
ConfirmationNumbers.txt not found
ConfirmationNumbers.txt not found
ConfirmationNumbers.txt not found
ConfirmationNumbers.txt not found
ConfirmationNumbers.txt not found
ConfirmationNumbers.txt not found
ConfirmationNumbers.txt not found
ConfirmationNumbers.txt not found
ConfirmationNumbers.txt not found
ConfirmationNumbers.txt not found
ConfirmationNumbers.txt not found
ConfirmationNumbers.txt not found
ConfirmationNumbers.txt not found
ConfirmationNumbers.txt not found
ConfirmationNumbers.txt not found
ConfirmationNumbers.txt not found
ConfirmationNumbers.txt not found
ConfirmationNumbers.txt not found
ConfirmationNumbers.txt not found
ConfirmationNumbers.txt not found
ConfirmationNumbers.txt not found
ConfirmationNumbers.txt not found
ConfirmationNumbers.txt not found
ConfirmationNumbers.txt not found
ConfirmationNumbers.txt not found
ConfirmationNumbers.txt not found
ConfirmationNumbers.txt not found
ConfirmationNumbers.txt not found
ConfirmationNumbers.txt not found
ConfirmationNumbers.txt not found
ConfirmationNumbers.txt not found
ConfirmationNumbers.txt not found
ConfirmationNumbers.txt not found
ConfirmationNumbers.txt not found
ConfirmationNumbers.txt not found
ConfirmationNumbers.txt not found
ConfirmationNumbers.txt not found
ConfirmationNumbers.txt not found
ConfirmationNumbers.txt not found
ConfirmationNumbers.txt not found
ConfirmationNumbers.txt not found
ConfirmationNumbers.txt not found
Trim Cut;
Part 1 complete;
Part 2 complete;
Part 3 complete;
Part 4 complete;
Part 5 complete;
Part 6 complete;
Part 7 complete;
Part 8 complete;
Part 9 complete;
Trim Cut;
Part 10 complete;
Part 11 complete;
Part 12 complete;
Part 13 complete;
Part 14 complete;
Part 15 complete;
Part 16 complete;
Part 17 complete;
Part 18 complete;
Trim Cut;
Part 19 complete;
Part 20 complete;
Part 21 complete;
Part 22 complete;
Part 23 complete;
Part 24 complete;
Trim Cut;
Part 25 complete;
Part 26 complete;
Part 27 complete;
Part 28 complete;
Part 29 complete;
Part 30 complete;
Part 31 complete;
Part 32 complete;
Part 33 complete;
Part 34 complete;
Part 35 complete;
Part 36 complete;
Part 37 complete;
Part 38 complete;
Part 39 complete;
Part 40 complete;
Part 41 complete;
Part 42 complete;
Part 43 complete;
Part 44 complete;
Part 45 complete;
Part 46 complete;
Part 47 complete;
Part 48 complete;
Part 49 complete;
Part 50 complete;
Part 51 complete;
Part 52 complete;
Part 53 complete;
Part 54 complete;
Part 55 complete;
Part 56 complete;
Part 57 complete;
Part 58 complete;
Part 59 complete;
Part 60 complete;
Part 61 complete;
Part 62 complete;
Part 63 complete;
Part 64 complete;
Part 65 complete;
Part 66 complete;
Part 67 complete;
Part 68 complete;
Part 69 complete;
Part 70 complete;
Part 71 complete;
Part 72 complete;
Part 73 complete;
Part 74 complete;
Part 75 complete;
Part 76 complete;
Part 77 complete;
Part 78 complete;
Part 79 complete;
Part 80 complete;
Part 81 complete;
Part 82 complete;
Part 83 complete;
Part 84 complete;
Part 85 complete;
Part 86 complete;
Part 87 complete;
Part 88 complete;
Part 89 complete;
Part 90 complete;
Part 91 complete;
Part 92 complete;
Part 93 complete;
Part 94 complete;
Part 95 complete;
Part 96 complete;
Part 97 complete;
Part 98 complete;
Part 99 complete;
Part 100 complete;
Part 101 complete;
Part 102 complete;
Part 103 complete;
Part 104 complete;
Part 105 complete;
Part 106 complete;
Part 107 complete;
Part 108 complete;
Part 109 complete;
Part 110 complete;
Part 111 complete;
Part 112 complete;
Part 113 complete;
Part 114 complete;
Part 115 complete;
Part 116 complete;
Part 117 complete;
Part 118 complete;
Part 119 complete;
Part 120 complete;
Part 121 complete;
Part 122 complete;
Part 123 complete;
Part 124 complete;
Part 125 complete;
Part 126 complete;
Part 127 complete;
Part 128 complete;
Part 129 complete;
Part 130 complete;
Part 131 complete;
Part 132 complete;
Part 133 complete;
Part 134 complete;
Part 135 complete;
Part 136 complete;
Part 137 complete;
Part 138 complete;
Part 139 complete;
Part 140 complete;
Part 141 complete;
Part 142 complete;
Part 143 complete;
Part 144 complete;
Part 145 complete;
Part 146 complete;
Part 147 complete;
Part 148 complete;
Part 149 complete;
Part 150 complete;
Part 151 complete;
Part 152 complete;
Part 153 complete;
Part 154 complete;
Part 155 complete;
Part 156 complete;
Part 157 complete;
Part 158 complete;
Part 159 complete;
Part 160 complete;
Part 161 complete;
Part 162 complete;
Part 163 complete;
Part 164 complete;
Part 165 complete;
Part 166 complete;
Part 167 complete;
Part 168 complete;
Part 169 complete;
Part 170 complete;
Part 171 complete;
Part 172 complete;
Part 173 complete;
Part 174 complete;
Part 175 complete;
Part 176 complete;
Part 177 complete;
Trim Cut;
Part 178 complete;
Part 179 complete;
Part 180 complete;
Part 181 complete;
Part 182 complete;
Part 183 complete;
Part 184 complete;
Trim Cut;
Part 185 complete;
Part 186 complete;
Part 187 complete;
Part 188 complete;
Part 189 complete;
Part 190 complete;
Part 191 complete;
Part 192 complete;
Part 193 complete;
Part 194 complete;
Trim Cut;
Part 195 complete;
Part 196 complete;
Part 197 complete;
Part 198 complete;
Part 199 complete;
Trim Cut;
Part 200 complete;
Part 201 complete;
Part 202 complete;
Part 203 complete;
Part 204 complete;
Part 205 complete;
Trim Cut;
Part 206 complete;
Part 207 complete;
Part 208 complete;
Part 209 complete;
Part 210 complete;
Part 211 complete;
Part 212 complete;
Part 213 complete;
Part 214 complete;
Part 215 complete;
Part 216 complete;
Part 217 complete;
Part 218 complete;
Part 219 complete;
Part 220 complete;
Part 221 complete;
Part 222 complete;
Part 223 complete;
Part 224 complete;
Part 225 complete;
Part 226 complete;
Part 227 complete;
Part 228 complete;
Part 229 complete;
Part 230 complete;
Part 231 complete;
Part 232 complete;
Part 233 complete;
Part 234 complete;
Part 235 complete;
Part 236 complete;
Part 237 complete;
Part 238 complete;
Part 239 complete;
Part 240 complete;
Part 241 complete;
Part 242 complete;
Part 243 complete;
Part 244 complete;
Part 245 complete;
Part 246 complete;
Part 247 complete;
Part 248 complete;
Part 249 complete;
Part 250 complete;
Part 251 complete;
Part 252 complete;
Part 253 complete;
Part 254 complete;
Part 255 complete;
Part 256 complete;
Part 257 complete;
Part 258 complete;
Part 259 complete;
Part 260 complete;
Part 261 complete;
Part 262 complete;
Part 263 complete;
Part 264 complete;
Part 265 complete;
Part 266 complete;
Part 267 complete;
Part 268 complete;
Part 269 complete;
Part 270 complete;
Part 271 complete;
Part 272 complete;
Part 273 complete;
Part 274 complete;
Part 275 complete;
Part 276 complete;
Part 277 complete;
Part 278 complete;
Part 279 complete;
Part 280 complete;
Part 281 complete;
Part 282 complete;
Part 283 complete;
Part 284 complete;
Part 285 complete;
Part 286 complete;
Part 287 complete;
Part 288 complete;
Part 289 complete;
Part 290 complete;
Part 291 complete;
Part 292 complete;
Part 293 complete;
Part 294 complete;
Part 295 complete;
Part 296 complete;
Part 297 complete;
Part 298 complete;
Part 299 complete;
Part 300 complete;
Part 301 complete;
Part 302 complete;
Part 303 complete;
Part 304 complete;
Part 305 complete;
Part 306 complete;
Part 307 complete;
Part 308 complete;
Part 309 complete;
Part 310 complete;
Part 311 complete;
Part 312 complete;
Part 313 complete;
Part 314 complete;
Part 315 complete;
Part 316 complete;
Part 317 complete;
Part 318 complete;
Part 319 complete;
Part 320 complete;
Part 321 complete;
Part 322 complete;
Part 323 complete;
Part 324 complete;
Part 325 complete;
Part 326 complete;
Part 327 complete;
Part 328 complete;
Part 329 complete;
Part 330 complete;
Part 331 complete;
Part 332 complete;
Part 333 complete;
Part 334 complete;
Part 335 complete;
Part 336 complete;
Part 337 complete;
Part 338 complete;
Part 339 complete;
Part 340 complete;
Part 341 complete;
Part 342 complete;
Part 343 complete;
Part 344 complete;
Part 345 complete;
Part 346 complete;
Part 347 complete;
Part 348 complete;
Part 349 complete;
Part 350 complete;
Part 351 complete;
Part 352 complete;
Part 353 complete;
Part 354 complete;
Part 355 complete;
Part 356 complete;
Part 357 complete;
Part 358 complete;
Part 359 complete;
Part 360 complete;
Part 361 complete;
Part 362 complete;
Part 363 complete;
Part 364 complete;
Part 365 complete;
Part 366 complete;
Part 367 complete;
Part 368 complete;
Part 369 complete;
Part 370 complete;
Part 371 complete;
Part 372 complete;
Part 373 complete;
Part 374 complete;
Part 375 complete;
Part 376 complete;
Part 377 complete;
Part 378 complete;
Part 379 complete;
Part 380 complete;
Part 381 complete;
Part 382 complete;
Part 383 complete;
Part 384 complete;
Part 385 complete;
Part 386 complete;
Part 387 complete;
Part 388 complete;
Part 389 complete;
Part 390 complete;
Part 391 complete;
Part 392 complete;
Part 393 complete;
Trim Cut;
Part 394 complete;
Part 395 complete;
Part 396 complete;
Part 397 complete;
Part 398 complete;
Part 399 complete;
Part 400 complete;
Part 401 complete;
Part 402 complete;
Part 403 complete;
Part 404 complete;
Part 405 complete;
Part 406 complete;
Part 407 complete;
Part 408 complete;
Part 409 complete;
Part 410 complete;
Part 411 complete;
Part 412 complete;
Part 413 complete;
Part 414 complete;
Part 415 complete;
Part 416 complete;
Part 417 complete;
Part 418 complete;
Part 419 complete;
Part 420 complete;
Part 421 complete;
Part 422 complete;
Part 423 complete;
Part 424 complete;
Part 425 complete;
Part 426 complete;
Part 427 complete;
Part 428 complete;
Part 429 complete;
Part 430 complete;
Part 431 complete;
Part 432 complete;
Part 433 complete;
Part 434 complete;
Part 435 complete;
Part 436 complete;
Part 437 complete;
Part 438 complete;
Part 439 complete;
Part 440 complete;
Part 441 complete;
Part 442 complete;
Part 443 complete;
Part 444 complete;
Part 445 complete;
Part 446 complete;
Part 447 complete;
Part 448 complete;
Part 449 complete;
Part 450 complete;
Part 451 complete;
Part 452 complete;
Part 453 complete;
Part 454 complete;
Part 455 complete;
Part 456 complete;
Part 457 complete;
Part 458 complete;
Part 459 complete;
Part 460 complete;
Part 461 complete;
Part 462 complete;
Part 463 complete;
Part 464 complete;
Part 465 complete;
Part 466 complete;
Part 467 complete;
Part 468 complete;
Part 469 complete;
Part 470 complete;
Part 471 complete;
Part 472 complete;
Part 473 complete;
Part 474 complete;
Part 475 complete;
Part 476 complete;
Part 477 complete;
Part 478 complete;
Part 479 complete;
Part 480 complete;
Part 481 complete;
Part 482 complete;
Part 483 complete;
Part 484 complete;
Part 485 complete;
Part 486 complete;
Part 487 complete;
Part 488 complete;
Part 489 complete;
Part 490 complete;
Part 491 complete;
Part 492 complete;
Part 493 complete;
Part 494 complete;
Part 495 complete;
Part 496 complete;
Part 497 complete;
Part 498 complete;
Part 499 complete;
Part 500 complete;
Part 501 complete;
Part 502 complete;
Part 503 complete;
Part 504 complete;
Part 505 complete;
Part 506 complete;
Part 507 complete;
Part 508 complete;
Part 509 complete;
Part 510 complete;
Part 511 complete;
Part 512 complete;
Part 513 complete;
Part 514 complete;
Part 515 complete;
Part 516 complete;
Part 517 complete;
Part 518 complete;
Part 519 complete;
Part 520 complete;
Part 521 complete;
Part 522 complete;
Part 523 complete;
Part 524 complete;
Part 525 complete;
Part 526 complete;
Part 527 complete;
Part 528 complete;
Part 529 complete;
Part 530 complete;
Part 531 complete;
Part 532 complete;
Part 533 complete;
Part 534 complete;
Part 535 complete;
Part 536 complete;
Part 537 complete;
Part 538 complete;
Part 539 complete;
Part 540 complete;
Part 541 complete;
Part 542 complete;
Part 543 complete;
Part 544 complete;
Part 545 complete;
Part 546 complete;
Part 547 complete;
Part 548 complete;
Part 549 complete;
Part 550 complete;
Part 551 complete;
Part 552 complete;
Part 553 complete;
Part 554 complete;
Part 555 complete;
Part 556 complete;
Part 557 complete;
Part 558 complete;
Part 559 complete;
Part 560 complete;
Part 561 complete;
Part 562 complete;
Part 563 complete;
Part 564 complete;
Part 565 complete;
Part 566 complete;
Part 567 complete;
Part 568 complete;
Part 569 complete;
Part 570 complete;
Part 571 complete;
Part 572 complete;
Part 573 complete;
Part 574 complete;
Part 575 complete;
Part 576 complete;
Part 577 complete;
Part 578 complete;
Trim Cut;
Part 579 complete;
Part 580 complete;
Part 581 complete;
Part 582 complete;
Part 583 complete;
Part 584 complete;
Part 585 complete;
Part 586 complete;
Part 587 complete;
Part 588 complete;
Part 589 complete;
Part 590 complete;
Part 591 complete;
Part 592 complete;
Part 592 complete;
Part 593 complete;
Part 594 complete;
Part 595 complete;
Part 596 complete;
Part 597 complete;
Part 598 complete;
Part 599 complete;
Part 600 complete;
Part 601 complete;
Part 602 complete;
Part 603 complete;
Part 604 complete;
Part 605 complete;
Part 606 complete;
Part 607 complete;
Part 608 complete;
Part 609 complete;
Part 610 complete;
Part 611 complete;
Part 612 complete;
Part 613 complete;
Part 614 complete;
Part 615 complete;
Part 616 complete;
Part 617 complete;
Trim Cut;
Part 1 complete;
httpget.py: An Error has occurred
httpget.py: An Error has occurred
httpget.py: An Error has occurred
httpget.py: An Error has occurred
httpget.py: An Error has occurred
httpget.py: An Error has occurred
httpget.py: An Error has occurred
httpget.py: An Error has occurred
httpget.py: An Error has occurred
httpget.py: An Error has occurred
httpget.py: An Error has occurred
httpget.py: An Error has occurred
httpget.py: An Error has occurred
httpget.py: An Error has occurred
httpget.py: An Error has occurred
httpget.py: An Error has occurred
httpget.py: An Error has occurred
httpget.py: An Error has occurred
httpget.py: An Error has occurred
httpget.py: An Error has occurred
httpget.py: An Error has occurred
httpget.py: An Error has occurred
httpget.py: An Error has occurred
httpget.py: An Error has occurred
httpget.py: An Error has occurred
httpget.py: An Error has occurred
httpget.py: An Error has occurred
httpget.py: An Error has occurred
httpget.py: An Error has occurred
httpget.py: An Error has occurred
httpget.py: An Error has occurred
httpget.py: An Error has occurred
httpget.py: An Error has occurred
httpget.py: An Error has occurred
httpget.py: An Error has occurred
httpget.py: An Error has occurred
httpget.py: An Error has occurred
httpget.py: An Error has occurred
httpget.py: An Error has occurred
httpget.py: An Error has occurred
httpget.py: An Error has occurred
httpget.py: An Error has occurred
httpget.py: An Error has occurred
httpget.py: An Error has occurred
httpget.py: An Error has occurred
httpget.py: An Error has occurred
httpget.py: An Error has occurred
httpget.py: An Error has occurred
httpget.py: An Error has occurred
httpget.py: An Error has occurred
httpget.py: An Error has occurred
httpget.py: An Error has occurred
httpget.py: An Error has occurred
httpget.py: An Error has occurred
httpget.py: An Error has occurred
httpget.py: An Error has occurred
httpget.py: An Error has occurred
httpget.py: An Error has occurred
httpget.py: An Error has occurred
httpget.py: An Error has occurred
httpget.py: An Error has occurred
httpget.py: An Error has occurred
httpget.py: An Error has occurred
httpget.py: An Error has occurred
httpget.py: An Error has occurred
httpget.py: An Error has occurred
httpget.py: An Error has occurred
httpget.py: An Error has occurred
httpget.py: An Error has occurred
httpget.py: An Error has occurred
httpget.py: An Error has occurred
httpget.py: An Error has occurred
httpget.py: An Error has occurred
httpget.py: An Error has occurred
httpget.py: An Error has occurred
httpget.py: An Error has occurred
httpget.py: An Error has occurred
httpget.py: An Error has occurred
httpget.py: An Error has occurred
httpget.py: An Error has occurred
httpget.py: An Error has occurred
httpget.py: An Error has occurred
httpget.py: An Error has occurred
httpget.py: An Error has occurred
httpget.py: An Error has occurred
httpget.py: An Error has occurred
httpget.py: An Error has occurred
httpget.py: An Error has occurred
httpget.py: An Error has occurred
httpget.py: An Error has occurred
httpget.py: An Error has occurred
httpget.py: An Error has occurred
httpget.py: An Error has occurred
httpget.py: An Error has occurred
httpget.py: An Error has occurred
httpget.py: An Error has occurred
httpget.py: An Error has occurred
httpget.py: An Error has occurred
httpget.py: An Error has occurred
httpget.py: An Error has occurred
httpget.py: An Error has occurred
httpget.py: An Error has occurred
httpget.py: An Error has occurred
httpget.py: An Error has occurred
httpget.py: An Error has occurred
httpget.py: An Error has occurred
httpget.py: An Error has occurred
httpget.py: An Error has occurred
httpget.py: An Error has occurred
httpget.py: An Error has occurred
httpget.py: An Error has occurred
httpget.py: An Error has occurred
httpget.py: An Error has occurred
httpget.py: An Error has occurred
httpget.py: An Error has occurred
httpget.py: An Error has occurred
httpget.py: An Error has occurred
httpget.py: An Error has occurred
httpget.py: An Error has occurred
httpget.py: An Error has occurred
httpget.py: An Error has occurred
httpget.py: An Error has occurred
httpget.py: An Error has occurred
httpget.py: An Error has occurred
httpget.py: An Error has occurred
httpget.py: An Error has occurred
httpget.py: An Error has occurred
httpget.py: An Error has occurred
httpget.py: An Error has occurred
httpget.py: An Error has occurred
httpget.py: An Error has occurred
httpget.py: An Error has occurred
httpget.py: An Error has occurred
httpget.py: An Error has occurred
httpget.py: An Error has occurred
httpget.py: An Error has occurred
httpget.py: An Error has occurred
httpget.py: An Error has occurred
httpget.py: An Error has occurred
httpget.py: An Error has occurred
httpget.py: An Error has occurred
httpget.py: An Error has occurred
httpget.py: An Error has occurred
httpget.py: An Error has occurred
httpget.py: An Error has occurred
httpget.py: An Error has occurred
httpget.py: An Error has occurred
httpget.py: An Error has occurred
httpget.py: An Error has occurred
httpget.py: An Error has occurred
httpget.py: An Error has occurred
httpget.py: An Error has occurred
httpget.py: An Error has occurred
httpget.py: An Error has occurred
httpget.py: An Error has occurred
httpget.py: An Error has occurred
httpget.py: An Error has occurred
httpget.py: An Error has occurred
httpget.py: An Error has occurred
httpget.py: An Error has occurred
httpget.py: An Error has occurred
httpget.py: An Error has occurred
httpget.py: An Error has occurred
httpget.py: An Error has occurred
httpget.py: An Error has occurred
httpget.py: An Error has occurred
httpget.py: An Error has occurred
httpget.py: An Error has occurred
httpget.py: An Error has occurred
httpget.py: An Error has occurred
httpget.py: An Error has occurred
httpget.py: An Error has occurred
httpget.py: An Error has occurred
httpget.py: An Error has occurred
httpget.py: An Error has occurred
httpget.py: An Error has occurred
httpget.py: An Error has occurred
httpget.py: An Error has occurred
httpget.py: An Error has occurred
httpget.py: An Error has occurred
httpget.py: An Error has occurred
httpget.py: An Error has occurred
httpget.py: An Error has occurred
httpget.py: An Error has occurred
httpget.py: An Error has occurred
httpget.py: An Error has occurred
httpget.py: An Error has occurred
httpget.py: An Error has occurred
httpget.py: An Error has occurred
httpget.py: An Error has occurred
httpget.py: An Error has occurred
httpget.py: An Error has occurred
httpget.py: An Error has occurred
httpget.py: An Error has occurred
httpget.py: An Error has occurred
httpget.py: An Error has occurred
httpget.py: An Error has occurred
httpget.py: An Error has occurred
httpget.py: An Error has occurred
httpget.py: An Error has occurred
httpget.py: An Error has occurred
httpget.py: An Error has occurred
httpget.py: An Error has occurred
httpget.py: An Error has occurred
httpget.py: An Error has occurred
httpget.py: An Error has occurred
httpget.py: An Error has occurred
httpget.py: An Error has occurred
httpget.py: An Error has occurred
httpget.py: An Error has occurred
httpget.py: An Error has occurred
httpget.py: An Error has occurred
httpget.py: An Error has occurred
httpget.py: An Error has occurred
httpget.py: An Error has occurred
httpget.py: An Error has occurred
httpget.py: An Error has occurred
httpget.py: An Error has occurred
httpget.py: An Error has occurred
httpget.py: An Error has occurred
httpget.py: An Error has occurred
httpget.py: An Error has occurred
httpget.py: An Error has occurred
httpget.py: An Error has occurred
httpget.py: An Error has occurred
httpget.py: An Error has occurred
httpget.py: An Error has occurred
httpget.py: An Error has occurred
httpget.py: An Error has occurred
httpget.py: An Error has occurred
httpget.py: An Error has occurred
httpget.py: An Error has occurred
httpget.py: An Error has occurred
httpget.py: An Error has occurred
httpget.py: An Error has occurred
httpget.py: An Error has occurred
httpget.py: An Error has occurred
httpget.py: An Error has occurred
httpget.py: An Error has occurred
httpget.py: An Error has occurred
httpget.py: An Error has occurred
httpget.py: An Error has occurred
httpget.py: An Error has occurred
httpget.py: An Error has occurred
httpget.py: An Error has occurred
httpget.py: An Error has occurred
httpget.py: An Error has occurred
httpget.py: An Error has occurred
httpget.py: An Error has occurred
httpget.py: An Error has occurred
httpget.py: An Error has occurred
httpget.py: An Error has occurred
httpget.py: An Error has occurred
httpget.py: An Error has occurred
httpget.py: An Error has occurred
httpget.py: An Error has occurred
httpget.py: An Error has occurred
httpget.py: An Error has occurred
httpget.py: An Error has occurred
httpget.py: An Error has occurred
httpget.py: An Error has occurred
httpget.py: An Error has occurred
httpget.py: An Error has occurred
httpget.py: An Error has occurred
httpget.py: An Error has occurred
httpget.py: An Error has occurred
httpget.py: An Error has occurred
httpget.py: An Error has occurred
httpget.py: An Error has occurred
httpget.py: An Error has occurred
httpget.py: An Error has occurred
httpget.py: An Error has occurred
httpget.py: An Error has occurred
httpget.py: An Error has occurred
httpget.py: An Error has occurred
httpget.py: An Error has occurred
httpget.py: An Error has occurred
httpget.py: An Error has occurred
httpget.py: An Error has occurred
httpget.py: An Error has occurred
httpget.py: An Error has occurred
httpget.py: An Error has occurred
httpget.py: An Error has occurred
httpget.py: An Error has occurred
httpget.py: An Error has occurred
httpget.py: An Error has occurred
httpget.py: An Error has occurred
httpget.py: An Error has occurred
httpget.py: An Error has occurred
httpget.py: An Error has occurred
httpget.py: An Error has occurred
httpget.py: An Error has occurred
httpget.py: An Error has occurred
httpget.py: An Error has occurred
httpget.py: An Error has occurred
httpget.py: An Error has occurred
httpget.py: An Error has occurred
httpget.py: An Error has occurred
httpget.py: An Error has occurred
httpget.py: An Error has occurred
httpget.py: An Error has occurred
httpget.py: An Error has occurred
httpget.py: An Error has occurred
httpget.py: An Error has occurred
httpget.py: An Error has occurred
httpget.py: An Error has occurred
httpget.py: An Error has occurred
httpget.py: An Error has occurred
httpget.py: An Error has occurred
httpget.py: An Error has occurred
httpget.py: An Error has occurred
httpget.py: An Error has occurred
httpget.py: An Error has occurred
httpget.py: An Error has occurred
httpget.py: An Error has occurred
httpget.py: An Error has occurred
httpget.py: An Error has occurred
httpget.py: An Error has occurred
httpget.py: An Error has occurred
httpget.py: An Error has occurred
httpget.py: An Error has occurred
httpget.py: An Error has occurred
httpget.py: An Error has occurred
httpget.py: An Error has occurred
httpget.py: An Error has occurred
httpget.py: An Error has occurred
httpget.py: An Error has occurred
httpget.py: An Error has occurred
httpget.py: An Error has occurred
httpget.py: An Error has occurred
httpget.py: An Error has occurred
httpget.py: An Error has occurred
httpget.py: An Error has occurred
httpget.py: An Error has occurred
httpget.py: An Error has occurred
httpget.py: An Error has occurred
httpget.py: An Error has occurred
httpget.py: An Error has occurred
httpget.py: An Error has occurred
httpget.py: An Error has occurred
httpget.py: An Error has occurred
httpget.py: An Error has occurred
httpget.py: An Error has occurred
httpget.py: An Error has occurred
httpget.py: An Error has occurred
httpget.py: An Error has occurred
httpget.py: An Error has occurred
httpget.py: An Error has occurred
httpget.py: An Error has occurred
httpget.py: An Error has occurred
httpget.py: An Error has occurred
httpget.py: An Error has occurred
httpget.py: An Error has occurred
httpget.py: An Error has occurred
httpget.py: An Error has occurred
httpget.py: An Error has occurred
httpget.py: An Error has occurred
httpget.py: An Error has occurred
httpget.py: An Error has occurred
httpget.py: An Error has occurred
httpget.py: An Error has occurred
httpget.py: An Error has occurred
httpget.py: An Error has occurred
httpget.py: An Error has occurred
httpget.py: An Error has occurred
httpget.py: An Error has occurred
httpget.py: An Error has occurred
httpget.py: An Error has occurred
httpget.py: An Error has occurred
httpget.py: An Error has occurred
httpget.py: An Error has occurred
httpget.py: An Error has occurred
httpget.py: An Error has occurred
httpget.py: An Error has occurred
httpget.py: An Error has occurred
httpget.py: An Error has occurred
httpget.py: An Error has occurred
httpget.py: An Error has occurred
httpget.py: An Error has occurred
httpget.py: An Error has occurred
httpget.py: An Error has occurred
httpget.py: An Error has occurred
httpget.py: An Error has occurred
httpget.py: An Error has occurred
httpget.py: An Error has occurred
httpget.py: An Error has occurred
httpget.py: An Error has occurred
httpget.py: An Error has occurred
httpget.py: An Error has occurred
httpget.py: An Error has occurred
httpget.py: An Error has occurred
httpget.py: An Error has occurred
httpget.py: An Error has occurred
httpget.py: An Error has occurred
httpget.py: An Error has occurred
httpget.py: An Error has occurred
httpget.py: An Error has occurred
httpget.py: An Error has occurred
httpget.py: An Error has occurred
httpget.py: An Error has occurred
httpget.py: An Error has occurred
httpget.py: An Error has occurred
httpget.py: An Error has occurred
httpget.py: An Error has occurred
httpget.py: An Error has occurred
httpget.py: An Error has occurred
httpget.py: An Error has occurred
httpget.py: An Error has occurred
httpget.py: An Error has occurred
httpget.py: An Error has occurred
httpget.py: An Error has occurred
httpget.py: An Error has occurred
httpget.py: An Error has occurred
httpget.py: An Error has occurred
httpget.py: An Error has occurred
httpget.py: An Error has occurred
httpget.py: An Error has occurred
httpget.py: An Error has occurred
httpget.py: An Error has occurred
httpget.py: An Error has occurred
httpget.py: An Error has occurred
httpget.py: An Error has occurred
httpget.py: An Error has occurred
httpget.py: An Error has occurred
httpget.py: An Error has occurred
httpget.py: An Error has occurred
httpget.py: An Error has occurred
httpget.py: An Error has occurred
httpget.py: An Error has occurred
httpget.py: An Error has occurred
httpget.py: An Error has occurred
httpget.py: An Error has occurred
httpget.py: An Error has occurred
httpget.py: An Error has occurred
httpget.py: An Error has occurred
httpget.py: An Error has occurred
httpget.py: An Error has occurred
httpget.py: An Error has occurred
httpget.py: An Error has occurred
httpget.py: An Error has occurred
httpget.py: An Error has occurred
httpget.py: An Error has occurred
httpget.py: An Error has occurred
httpget.py: An Error has occurred
httpget.py: An Error has occurred
httpget.py: An Error has occurred
httpget.py: An Error has occurred
httpget.py: An Error has occurred
httpget.py: An Error has occurred
httpget.py: An Error has occurred
httpget.py: An Error has occurred
httpget.py: An Error has occurred
httpget.py: An Error has occurred
httpget.py: An Error has occurred
httpget.py: An Error has occurred
httpget.py: An Error has occurred
httpget.py: An Error has occurred
httpget.py: An Error has occurred
httpget.py: An Error has occurred
httpget.py: An Error has occurred
httpget.py: An Error has occurred
httpget.py: An Error has occurred
httpget.py: An Error has occurred
httpget.py: An Error has occurred
httpget.py: An Error has occurred
httpget.py: An Error has occurred
httpget.py: An Error has occurred
httpget.py: An Error has occurred
httpget.py: An Error has occurred
httpget.py: An Error has occurred
httpget.py: An Error has occurred
httpget.py: An Error has occurred
httpget.py: An Error has occurred
httpget.py: An Error has occurred
httpget.py: An Error has occurred
httpget.py: An Error has occurred
httpget.py: An Error has occurred
httpget.py: An Error has occurred
httpget.py: An Error has occurred
httpget.py: An Error has occurred
httpget.py: An Error has occurred
httpget.py: An Error has occurred
httpget.py: An Error has occurred
httpget.py: An Error has occurred
httpget.py: An Error has occurred
httpget.py: An Error has occurred
httpget.py: An Error has occurred
httpget.py: An Error has occurred
httpget.py: An Error has occurred
httpget.py: An Error has occurred
httpget.py: An Error has occurred
httpget.py: An Error has occurred
httpget.py: An Error has occurred
httpget.py: An Error has occurred
httpget.py: An Error has occurred
httpget.py: An Error has occurred
httpget.py: An Error has occurred
httpget.py: An Error has occurred
httpget.py: An Error has occurred
httpget.py: An Error has occurred
httpget.py: An Error has occurred
httpget.py: An Error has occurred
httpget.py: An Error has occurred
httpget.py: An Error has occurred
httpget.py: An Error has occurred
httpget.py: An Error has occurred
httpget.py: An Error has occurred
httpget.py: An Error has occurred
httpget.py: An Error has occurred
httpget.py: An Error has occurred
httpget.py: An Error has occurred
httpget.py: An Error has occurred
httpget.py: An Error has occurred
httpget.py: An Error has occurred
httpget.py: An Error has occurred
httpget.py: An Error has occurred
httpget.py: An Error has occurred
httpget.py: An Error has occurred
httpget.py: An Error has occurred
httpget.py: An Error has occurred
httpget.py: An Error has occurred
httpget.py: An Error has occurred
httpget.py: An Error has occurred
httpget.py: An Error has occurred
httpget.py: An Error has occurred
httpget.py: An Error has occurred
httpget.py: An Error has occurred
httpget.py: An Error has occurred
httpget.py: An Error has occurred
httpget.py: An Error has occurred
httpget.py: An Error has occurred
httpget.py: An Error has occurred
httpget.py: An Error has occurred
httpget.py: An Error has occurred
httpget.py: An Error has occurred
httpget.py: An Error has occurred
httpget.py: An Error has occurred
httpget.py: An Error has occurred
httpget.py: An Error has occurred
httpget.py: An Error has occurred
httpget.py: An Error has occurred
httpget.py: An Error has occurred
httpget.py: An Error has occurred
httpget.py: An Error has occurred
httpget.py: An Error has occurred
httpget.py: An Error has occurred
httpget.py: An Error has occurred
httpget.py: An Error has occurred
httpget.py: An Error has occurred
httpget.py: An Error has occurred
httpget.py: An Error has occurred
httpget.py: An Error has occurred
httpget.py: An Error has occurred
httpget.py: An Error has occurred
httpget.py: An Error has occurred
httpget.py: An Error has occurred
httpget.py: An Error has occurred
httpget.py: An Error has occurred
httpget.py: An Error has occurred
httpget.py: An Error has occurred
httpget.py: An Error has occurred
httpget.py: An Error has occurred
httpget.py: An Error has occurred
httpget.py: An Error has occurred
httpget.py: An Error has occurred
httpget.py: An Error has occurred
httpget.py: An Error has occurred
httpget.py: An Error has occurred
httpget.py: An Error has occurred
httpget.py: An Error has occurred
httpget.py: An Error has occurred
httpget.py: An Error has occurred
httpget.py: An Error has occurred
httpget.py: An Error has occurred
httpget.py: An Error has occurred
httpget.py: An Error has occurred
httpget.py: An Error has occurred
httpget.py: An Error has occurred
httpget.py: An Error has occurred
httpget.py: An Error has occurred
httpget.py: An Error has occurred
httpget.py: An Error has occurred
httpget.py: An Error has occurred
httpget.py: An Error has occurred
httpget.py: An Error has occurred
httpget.py: An Error has occurred
httpget.py: An Error has occurred
httpget.py: An Error has occurred
httpget.py: An Error has occurred
httpget.py: An Error has occurred
httpget.py: An Error has occurred
httpget.py: An Error has occurred
httpget.py: An Error has occurred
httpget.py: An Error has occurred
httpget.py: An Error has occurred
httpget.py: An Error has occurred
httpget.py: An Error has occurred
httpget.py: An Error has occurred
httpget.py: An Error has occurred
httpget.py: An Error has occurred
httpget.py: An Error has occurred
httpget.py: An Error has occurred
httpget.py: An Error has occurred
httpget.py: An Error has occurred
httpget.py: An Error has occurred
httpget.py: An Error has occurred
httpget.py: An Error has occurred
httpget.py: An Error has occurred
httpget.py: An Error has occurred
httpget.py: An Error has occurred
httpget.py: An Error has occurred
httpget.py: An Error has occurred
httpget.py: An Error has occurred
httpget.py: An Error has occurred
httpget.py: An Error has occurred
httpget.py: An Error has occurred
httpget.py: An Error has occurred
httpget.py: An Error has occurred
httpget.py: An Error has occurred
httpget.py: An Error has occurred
httpget.py: An Error has occurred
httpget.py: An Error has occurred
httpget.py: An Error has occurred
httpget.py: An Error has occurred
httpget.py: An Error has occurred
httpget.py: An Error has occurred
httpget.py: An Error has occurred
httpget.py: An Error has occurred
httpget.py: An Error has occurred
httpget.py: An Error has occurred
httpget.py: An Error has occurred
httpget.py: An Error has occurred
httpget.py: An Error has occurred
httpget.py: An Error has occurred
httpget.py: An Error has occurred
httpget.py: An Error has occurred
httpget.py: An Error has occurred
httpget.py: An Error has occurred
httpget.py: An Error has occurred
httpget.py: An Error has occurred
httpget.py: An Error has occurred
httpget.py: An Error has occurred
httpget.py: An Error has occurred
httpget.py: An Error has occurred
httpget.py: An Error has occurred
httpget.py: An Error has occurred
httpget.py: An Error has occurred
httpget.py: An Error has occurred
httpget.py: An Error has occurred
httpget.py: An Error has occurred
httpget.py: An Error has occurred
httpget.py: An Error has occurred
httpget.py: An Error has occurred
httpget.py: An Error has occurred
httpget.py: An Error has occurred
httpget.py: An Error has occurred
httpget.py: An Error has occurred
httpget.py: An Error has occurred
httpget.py: An Error has occurred
httpget.py: An Error has occurred
httpget.py: An Error has occurred
httpget.py: An Error has occurred
httpget.py: An Error has occurred
httpget.py: An Error has occurred
httpget.py: An Error has occurred
httpget.py: An Error has occurred
httpget.py: An Error has occurred
httpget.py: An Error has occurred
httpget.py: An Error has occurred
httpget.py: An Error has occurred
httpget.py: An Error has occurred
httpget.py: An Error has occurred
httpget.py: An Error has occurred
httpget.py: An Error has occurred
httpget.py: An Error has occurred
httpget.py: An Error has occurred
httpget.py: An Error has occurred
httpget.py: An Error has occurred
httpget.py: An Error has occurred
httpget.py: An Error has occurred
httpget.py: An Error has occurred
httpget.py: An Error has occurred
httpget.py: An Error has occurred
httpget.py: An Error has occurred
httpget.py: An Error has occurred
httpget.py: An Error has occurred
httpget.py: An Error has occurred
httpget.py: An Error has occurred
httpget.py: An Error has occurred
httpget.py: An Error has occurred
httpget.py: An Error has occurred
httpget.py: An Error has occurred
httpget.py: An Error has occurred
httpget.py: An Error has occurred
httpget.py: An Error has occurred
httpget.py: An Error has occurred
httpget.py: An Error has occurred
httpget.py: An Error has occurred
httpget.py: An Error has occurred
httpget.py: An Error has occurred
httpget.py: An Error has occurred
httpget.py: An Error has occurred
httpget.py: An Error has occurred
httpget.py: An Error has occurred
httpget.py: An Error has occurred
httpget.py: An Error has occurred
httpget.py: An Error has occurred
httpget.py: An Error has occurred
httpget.py: An Error has occurred
httpget.py: An Error has occurred
httpget.py: An Error has occurred
httpget.py: An Error has occurred
httpget.py: An Error has occurred
httpget.py: An Error has occurred
httpget.py: An Error has occurred
httpget.py: An Error has occurred
httpget.py: An Error has occurred
httpget.py: An Error has occurred
httpget.py: An Error has occurred
httpget.py: An Error has occurred
httpget.py: An Error has occurred
httpget.py: An Error has occurred
httpget.py: An Error has occurred
httpget.py: An Error has occurred
httpget.py: An Error has occurred
httpget.py: An Error has occurred
httpget.py: An Error has occurred
httpget.py: An Error has occurred
httpget.py: An Error has occurred
httpget.py: An Error has occurred
httpget.py: An Error has occurred
httpget.py: An Error has occurred
httpget.py: An Error has occurred
httpget.py: An Error has occurred
httpget.py: An Error has occurred
httpget.py: An Error has occurred
httpget.py: An Error has occurred
httpget.py: An Error has occurred
httpget.py: An Error has occurred
httpget.py: An Error has occurred
httpget.py: An Error has occurred
httpget.py: An Error has occurred
httpget.py: An Error has occurred
httpget.py: An Error has occurred
httpget.py: An Error has occurred
httpget.py: An Error has occurred
httpget.py: An Error has occurred
httpget.py: An Error has occurred
httpget.py: An Error has occurred
httpget.py: An Error has occurred
httpget.py: An Error has occurred
httpget.py: An Error has occurred
httpget.py: An Error has occurred
httpget.py: An Error has occurred
httpget.py: An Error has occurred
httpget.py: An Error has occurred
httpget.py: An Error has occurred
httpget.py: An Error has occurred
httpget.py: An Error has occurred
httpget.py: An Error has occurred
httpget.py: An Error has occurred
httpget.py: An Error has occurred
httpget.py: An Error has occurred
httpget.py: An Error has occurred
httpget.py: An Error has occurred
httpget.py: An Error has occurred
httpget.py: An Error has occurred
httpget.py: An Error has occurred
httpget.py: An Error has occurred
httpget.py: An Error has occurred
httpget.py: An Error has occurred
httpget.py: An Error has occurred
httpget.py: An Error has occurred
httpget.py: An Error has occurred
httpget.py: An Error has occurred
httpget.py: An Error has occurred
httpget.py: An Error has occurred
httpget.py: An Error has occurred
httpget.py: An Error has occurred
httpget.py: An Error has occurred
httpget.py: An Error has occurred
httpget.py: An Error has occurred
httpget.py: An Error has occurred
httpget.py: An Error has occurred
httpget.py: An Error has occurred
httpget.py: An Error has occurred
httpget.py: An Error has occurred
httpget.py: An Error has occurred
httpget.py: An Error has occurred
httpget.py: An Error has occurred
httpget.py: An Error has occurred
httpget.py: An Error has occurred
httpget.py: An Error has occurred
httpget.py: An Error has occurred
httpget.py: An Error has occurred
httpget.py: An Error has occurred
httpget.py: An Error has occurred
httpget.py: An Error has occurred
httpget.py: An Error has occurred
httpget.py: An Error has occurred
httpget.py: An Error has occurred
httpget.py: An Error has occurred
httpget.py: An Error has occurred
httpget.py: An Error has occurred
httpget.py: An Error has occurred
httpget.py: An Error has occurred
httpget.py: An Error has occurred
httpget.py: An Error has occurred
httpget.py: An Error has occurred
httpget.py: An Error has occurred
httpget.py: An Error has occurred
httpget.py: An Error has occurred
httpget.py: An Error has occurred
httpget.py: An Error has occurred
httpget.py: An Error has occurred
httpget.py: An Error has occurred
httpget.py: An Error has occurred
httpget.py: An Error has occurred
httpget.py: An Error has occurred
httpget.py: An Error has occurred
httpget.py: An Error has occurred
httpget.py: An Error has occurred
httpget.py: An Error has occurred
httpget.py: An Error has occurred
httpget.py: An Error has occurred
httpget.py: An Error has occurred
httpget.py: An Error has occurred
httpget.py: An Error has occurred
httpget.py: An Error has occurred
httpget.py: An Error has occurred
httpget.py: An Error has occurred
httpget.py: An Error has occurred
httpget.py: An Error has occurred
httpget.py: An Error has occurred
httpget.py: An Error has occurred
httpget.py: An Error has occurred
httpget.py: An Error has occurred
httpget.py: An Error has occurred
httpget.py: An Error has occurred
httpget.py: An Error has occurred
httpget.py: An Error has occurred
httpget.py: An Error has occurred
httpget.py: An Error has occurred
httpget.py: An Error has occurred
httpget.py: An Error has occurred
httpget.py: An Error has occurred
httpget.py: An Error has occurred
httpget.py: An Error has occurred
httpget.py: An Error has occurred
httpget.py: An Error has occurred
httpget.py: An Error has occurred
httpget.py: An Error has occurred
httpget.py: An Error has occurred
httpget.py: An Error has occurred
httpget.py: An Error has occurred
httpget.py: An Error has occurred
httpget.py: An Error has occurred
httpget.py: An Error has occurred
httpget.py: An Error has occurred
httpget.py: An Error has occurred
httpget.py: An Error has occurred
httpget.py: An Error has occurred
httpget.py: An Error has occurred
httpget.py: An Error has occurred
httpget.py: An Error has occurred
httpget.py: An Error has occurred
httpget.py: An Error has occurred
httpget.py: An Error has occurred
httpget.py: An Error has occurred
httpget.py: An Error has occurred
httpget.py: An Error has occurred
httpget.py: An Error has occurred
httpget.py: An Error has occurred
httpget.py: An Error has occurred
httpget.py: An Error has occurred
httpget.py: An Error has occurred
httpget.py: An Error has occurred
httpget.py: An Error has occurred
httpget.py: An Error has occurred
httpget.py: An Error has occurred
httpget.py: An Error has occurred
httpget.py: An Error has occurred
httpget.py: An Error has occurred
httpget.py: An Error has occurred
httpget.py: An Error has occurred
httpget.py: An Error has occurred
httpget.py: An Error has occurred
httpget.py: An Error has occurred
httpget.py: An Error has occurred
httpget.py: An Error has occurred
httpget.py: An Error has occurred
httpget.py: An Error has occurred
httpget.py: An Error has occurred
httpget.py: An Error has occurred
httpget.py: An Error has occurred
httpget.py: An Error has occurred
httpget.py: An Error has occurred
httpget.py: An Error has occurred
httpget.py: An Error has occurred
httpget.py: An Error has occurred
httpget.py: An Error has occurred
httpget.py: An Error has occurred
httpget.py: An Error has occurred
httpget.py: An Error has occurred
httpget.py: An Error has occurred
httpget.py: An Error has occurred
httpget.py: An Error has occurred
httpget.py: An Error has occurred
httpget.py: An Error has occurred
httpget.py: An Error has occurred
httpget.py: An Error has occurred
httpget.py: An Error has occurred
httpget.py: An Error has occurred
httpget.py: An Error has occurred
httpget.py: An Error has occurred
httpget.py: An Error has occurred
httpget.py: An Error has occurred
httpget.py: An Error has occurred
httpget.py: An Error has occurred
httpget.py: An Error has occurred
httpget.py: An Error has occurred
httpget.py: An Error has occurred
httpget.py: An Error has occurred
httpget.py: An Error has occurred
httpget.py: An Error has occurred
httpget.py: An Error has occurred
httpget.py: An Error has occurred
httpget.py: An Error has occurred
httpget.py: An Error has occurred
httpget.py: An Error has occurred
httpget.py: An Error has occurred
httpget.py: An Error has occurred
httpget.py: An Error has occurred
httpget.py: An Error has occurred
httpget.py: An Error has occurred
httpget.py: An Error has occurred
httpget.py: An Error has occurred
httpget.py: An Error has occurred
httpget.py: An Error has occurred
httpget.py: An Error has occurred
httpget.py: An Error has occurred
httpget.py: An Error has occurred
httpget.py: An Error has occurred
httpget.py: An Error has occurred
httpget.py: An Error has occurred
httpget.py: An Error has occurred
httpget.py: An Error has occurred
httpget.py: An Error has occurred
httpget.py: An Error has occurred
httpget.py: An Error has occurred
httpget.py: An Error has occurred
httpget.py: An Error has occurred
httpget.py: An Error has occurred
httpget.py: An Error has occurred
httpget.py: An Error has occurred
httpget.py: An Error has occurred
httpget.py: An Error has occurred
httpget.py: An Error has occurred
httpget.py: An Error has occurred
httpget.py: An Error has occurred
httpget.py: An Error has occurred
httpget.py: An Error has occurred
httpget.py: An Error has occurred
httpget.py: An Error has occurred
httpget.py: An Error has occurred
httpget.py: An Error has occurred
httpget.py: An Error has occurred
httpget.py: An Error has occurred
httpget.py: An Error has occurred
httpget.py: An Error has occurred
httpget.py: An Error has occurred
httpget.py: An Error has occurred
httpget.py: An Error has occurred
httpget.py: An Error has occurred
httpget.py: An Error has occurred
httpget.py: An Error has occurred
httpget.py: An Error has occurred
httpget.py: An Error has occurred
httpget.py: An Error has occurred
httpget.py: An Error has occurred
httpget.py: An Error has occurred
httpget.py: An Error has occurred
httpget.py: An Error has occurred
httpget.py: An Error has occurred
httpget.py: An Error has occurred
httpget.py: An Error has occurred
httpget.py: An Error has occurred
httpget.py: An Error has occurred
httpget.py: An Error has occurred
httpget.py: An Error has occurred
httpget.py: An Error has occurred
httpget.py: An Error has occurred
httpget.py: An Error has occurred
httpget.py: An Error has occurred
httpget.py: An Error has occurred
httpget.py: An Error has occurred
httpget.py: An Error has occurred
httpget.py: An Error has occurred
httpget.py: An Error has occurred
httpget.py: An Error has occurred
httpget.py: An Error has occurred
httpget.py: An Error has occurred
httpget.py: An Error has occurred
httpget.py: An Error has occurred
httpget.py: An Error has occurred
httpget.py: An Error has occurred
httpget.py: An Error has occurred
httpget.py: An Error has occurred
httpget.py: An Error has occurred
httpget.py: An Error has occurred
httpget.py: An Error has occurred
httpget.py: An Error has occurred
httpget.py: An Error has occurred
httpget.py: An Error has occurred
httpget.py: An Error has occurred
httpget.py: An Error has occurred
httpget.py: An Error has occurred
httpget.py: An Error has occurred
httpget.py: An Error has occurred
httpget.py: An Error has occurred
httpget.py: An Error has occurred
httpget.py: An Error has occurred
httpget.py: An Error has occurred
httpget.py: An Error has occurred
httpget.py: An Error has occurred
httpget.py: An Error has occurred
httpget.py: An Error has occurred
httpget.py: An Error has occurred
httpget.py: An Error has occurred
httpget.py: An Error has occurred
httpget.py: An Error has occurred
httpget.py: An Error has occurred
httpget.py: An Error has occurred
httpget.py: An Error has occurred
httpget.py: An Error has occurred
httpget.py: An Error has occurred
httpget.py: An Error has occurred
httpget.py: An Error has occurred
httpget.py: An Error has occurred
httpget.py: An Error has occurred
httpget.py: An Error has occurred
httpget.py: An Error has occurred
httpget.py: An Error has occurred
httpget.py: An Error has occurred
httpget.py: An Error has occurred
httpget.py: An Error has occurred
httpget.py: An Error has occurred
httpget.py: An Error has occurred
httpget.py: An Error has occurred
httpget.py: An Error has occurred
httpget.py: An Error has occurred
httpget.py: An Error has occurred
httpget.py: An Error has occurred
httpget.py: An Error has occurred
httpget.py: An Error has occurred
httpget.py: An Error has occurred
httpget.py: An Error has occurred
httpget.py: An Error has occurred
httpget.py: An Error has occurred
httpget.py: An Error has occurred
httpget.py: An Error has occurred
httpget.py: An Error has occurred
httpget.py: An Error has occurred
httpget.py: An Error has occurred
httpget.py: An Error has occurred
httpget.py: An Error has occurred
httpget.py: An Error has occurred
httpget.py: An Error has occurred
httpget.py: An Error has occurred
httpget.py: An Error has occurred
httpget.py: An Error has occurred
httpget.py: An Error has occurred
httpget.py: An Error has occurred
httpget.py: An Error has occurred
httpget.py: An Error has occurred
httpget.py: An Error has occurred
httpget.py: An Error has occurred
httpget.py: An Error has occurred
httpget.py: An Error has occurred
httpget.py: An Error has occurred
httpget.py: An Error has occurred
httpget.py: An Error has occurred
httpget.py: An Error has occurred
httpget.py: An Error has occurred
httpget.py: An Error has occurred
httpget.py: An Error has occurred
httpget.py: An Error has occurred
httpget.py: An Error has occurred
httpget.py: An Error has occurred
httpget.py: An Error has occurred
httpget.py: An Error has occurred
httpget.py: An Error has occurred
httpget.py: An Error has occurred
httpget.py: An Error has occurred
httpget.py: An Error has occurred
httpget.py: An Error has occurred
httpget.py: An Error has occurred
httpget.py: An Error has occurred
httpget.py: An Error has occurred
httpget.py: An Error has occurred
httpget.py: An Error has occurred
httpget.py: An Error has occurred
httpget.py: An Error has occurred
httpget.py: An Error has occurred
httpget.py: An Error has occurred
httpget.py: An Error has occurred
httpget.py: An Error has occurred
httpget.py: An Error has occurred
httpget.py: An Error has occurred
httpget.py: An Error has occurred
httpget.py: An Error has occurred
httpget.py: An Error has occurred
httpget.py: An Error has occurred
httpget.py: An Error has occurred
httpget.py: An Error has occurred
httpget.py: An Error has occurred
httpget.py: An Error has occurred
httpget.py: An Error has occurred
httpget.py: An Error has occurred
httpget.py: An Error has occurred
httpget.py: An Error has occurred
httpget.py: An Error has occurred
httpget.py: An Error has occurred
httpget.py: An Error has occurred
httpget.py: An Error has occurred
httpget.py: An Error has occurred
httpget.py: An Error has occurred
httpget.py: An Error has occurred
httpget.py: An Error has occurred
httpget.py: An Error has occurred
httpget.py: An Error has occurred
httpget.py: An Error has occurred
httpget.py: An Error has occurred
httpget.py: An Error has occurred
httpget.py: An Error has occurred
httpget.py: An Error has occurred
httpget.py: An Error has occurred
httpget.py: An Error has occurred
httpget.py: An Error has occurred
httpget.py: An Error has occurred
httpget.py: An Error has occurred
httpget.py: An Error has occurred
httpget.py: An Error has occurred
httpget.py: An Error has occurred
httpget.py: An Error has occurred
httpget.py: An Error has occurred
httpget.py: An Error has occurred
httpget.py: An Error has occurred
httpget.py: An Error has occurred
httpget.py: An Error has occurred
httpget.py: An Error has occurred
httpget.py: An Error has occurred
httpget.py: An Error has occurred
httpget.py: An Error has occurred
httpget.py: An Error has occurred
httpget.py: An Error has occurred
httpget.py: An Error has occurred
httpget.py: An Error has occurred
httpget.py: An Error has occurred
httpget.py: An Error has occurred
httpget.py: An Error has occurred
httpget.py: An Error has occurred
httpget.py: An Error has occurred
httpget.py: An Error has occurred
httpget.py: An Error has occurred
httpget.py: An Error has occurred
httpget.py: An Error has occurred
httpget.py: An Error has occurred
httpget.py: An Error has occurred
httpget.py: An Error has occurred
httpget.py: An Error has occurred
httpget.py: An Error has occurred
httpget.py: An Error has occurred
httpget.py: An Error has occurred
httpget.py: An Error has occurred
httpget.py: An Error has occurred
httpget.py: An Error has occurred
httpget.py: An Error has occurred
httpget.py: An Error has occurred
httpget.py: An Error has occurred
httpget.py: An Error has occurred
httpget.py: An Error has occurred
httpget.py: An Error has occurred
httpget.py: An Error has occurred
httpget.py: An Error has occurred
httpget.py: An Error has occurred
httpget.py: An Error has occurred
httpget.py: An Error has occurred
httpget.py: An Error has occurred
httpget.py: An Error has occurred
httpget.py: An Error has occurred
httpget.py: An Error has occurred
httpget.py: An Error has occurred
httpget.py: An Error has occurred
httpget.py: An Error has occurred
httpget.py: An Error has occurred
httpget.py: An Error has occurred
httpget.py: An Error has occurred
httpget.py: An Error has occurred
httpget.py: An Error has occurred
httpget.py: An Error has occurred
httpget.py: An Error has occurred
httpget.py: An Error has occurred
httpget.py: An Error has occurred
httpget.py: An Error has occurred
httpget.py: An Error has occurred
httpget.py: An Error has occurred
httpget.py: An Error has occurred
httpget.py: An Error has occurred
httpget.py: An Error has occurred
httpget.py: An Error has occurred
httpget.py: An Error has occurred
httpget.py: An Error has occurred
httpget.py: An Error has occurred
httpget.py: An Error has occurred
httpget.py: An Error has occurred
httpget.py: An Error has occurred
httpget.py: An Error has occurred
httpget.py: An Error has occurred
httpget.py: An Error has occurred
httpget.py: An Error has occurred
httpget.py: An Error has occurred
httpget.py: An Error has occurred
httpget.py: An Error has occurred
httpget.py: An Error has occurred
httpget.py: An Error has occurred
httpget.py: An Error has occurred
httpget.py: An Error has occurred
httpget.py: An Error has occurred
httpget.py: An Error has occurred
httpget.py: An Error has occurred
httpget.py: An Error has occurred
httpget.py: An Error has occurred
httpget.py: An Error has occurred
httpget.py: An Error has occurred
<Making the Agent>
httpget.py: An Error has occurred
