2025-04-09 09:13:36.693585 Part 27 Complete;
2025-04-09 09:13:40.679417 Reset the pcsig;
2025-04-09 09:19:05.770853 Part 28 Complete;
2025-04-09 09:19:09.846776 Reset the pcsig;
2025-04-09 09:21:17.127850 Part 29 Complete;
2025-04-09 09:21:21.660414 Reset the pcsig;
2025-04-09 09:22:23.377492 Part 30 Complete;
2025-04-09 09:22:27.332472 Reset the pcsig;
2025-04-09 09:22:31.333097 Part 31 Complete;
2025-04-09 09:22:35.340067 Reset the pcsig;
2025-04-09 09:25:40.381713 Part 32 Complete;
2025-04-09 09:25:48.778723 Reset the pcsig;
2025-04-09 09:26:45.877671 Part 33 Complete;
2025-04-09 09:26:54.431099 Reset the pcsig;
2025-04-09 09:31:04.833647 Part 34 Complete;
2025-04-09 09:31:12.847012 Reset the pcsig;
2025-04-09 09:32:10.633451 Part 35 Complete;
2025-04-09 09:32:19.150153 Reset the pcsig;
2025-04-09 09:33:16.370445 Part 36 Complete;
2025-04-09 09:33:24.681169 Reset the pcsig;
2025-04-09 09:39:38.728976 Part 37 Complete;
2025-04-09 09:39:46.701771 Reset the pcsig;
2025-04-09 09:45:03.653308 Part 38 Complete;
2025-04-09 09:45:11.709884 Reset the pcsig;
2025-04-09 09:47:11.058028 Part 39 Complete;
2025-04-09 09:47:19.071994 Reset the pcsig;
2025-04-09 09:51:26.001984 Part 40 Complete;
2025-04-09 09:51:34.444664 Reset the pcsig;
2025-04-09 09:52:31.910212 Part 41 Complete;
2025-04-09 09:52:39.966875 Reset the pcsig;
2025-04-09 09:53:33.637571 Part 42 Complete;
2025-04-09 09:53:41.594225 Reset the pcsig;
2025-04-09 09:54:39.057614 Part 43 Complete;
2025-04-09 09:54:47.085423 Reset the pcsig;
2025-04-09 09:55:44.688678 Part 44 Complete;
2025-04-09 09:55:52.625050 Reset the pcsig;
2025-04-09 09:56:45.978270 Part 45 Complete;
2025-04-09 09:56:54.030142 Reset the pcsig;
2025-04-09 09:57:51.609056 Part 46 Complete;
2025-04-09 09:57:59.974384 Reset the pcsig;
2025-04-09 09:58:56.951179 Part 47 Complete;
2025-04-09 09:59:05.393431 Reset the pcsig;
2025-04-09 09:59:58.350011 Part 48 Complete;
2025-04-09 10:00:06.873247 Reset the pcsig;
2025-04-09 10:01:04.344722 Part 49 Complete;
2025-04-09 10:01:12.417791 Reset the pcsig;
2025-04-09 10:02:06.008499 Part 50 Complete;
2025-04-09 10:02:13.942648 Reset the pcsig;
2025-04-09 10:03:11.416916 Part 51 Complete;
2025-04-09 10:03:19.371875 Reset the pcsig;
2025-04-09 10:04:12.814233 Part 52 Complete;
2025-04-09 10:04:20.880582 Reset the pcsig;
2025-04-09 10:05:18.347672 Part 53 Complete;
2025-04-09 10:05:26.363772 Reset the pcsig;
2025-04-09 10:06:19.819176 Part 54 Complete;
2025-04-09 10:06:27.844346 Reset the pcsig;
2025-04-09 10:07:25.315888 Part 55 Complete;
2025-04-09 10:07:33.806915 Reset the pcsig;
2025-04-09 10:08:26.825194 Part 56 Complete;
2025-04-09 10:08:35.316003 Reset the pcsig;
2025-04-09 10:09:28.356492 Part 57 Complete;
2025-04-09 10:09:36.782204 Reset the pcsig;
2025-04-09 10:10:33.802213 Part 58 Complete;
2025-04-09 10:10:42.293081 Reset the pcsig;
2025-04-09 10:11:35.259200 Part 59 Complete;
2025-04-09 10:11:43.754247 Reset the pcsig;
2025-04-09 10:12:41.407089 Part 60 Complete;
2025-04-09 10:12:49.420749 Reset the pcsig;
2025-04-09 10:13:42.895777 Part 61 Complete;
2025-04-09 10:13:50.910171 Reset the pcsig;
2025-04-09 10:14:44.502202 Part 62 Complete;
2025-04-09 10:14:52.574449 Reset the pcsig;
2025-04-09 10:16:51.591549 Part 63 Complete;
2025-04-09 10:16:59.659114 Reset the pcsig;
2025-04-09 10:17:53.109852 Part 64 Complete;
2025-04-09 10:18:01.182450 Reset the pcsig;
2025-04-09 10:18:54.632001 Part 65 Complete;
2025-04-09 10:19:02.648820 Reset the pcsig;
2025-04-09 10:20:00.115916 Part 158 Complete;
2025-04-09 10:20:08.192567 Reset the pcsig;
2025-04-09 10:21:01.785829 Part 159 Complete;
2025-04-09 10:21:09.601724 Reset the pcsig;
2025-04-09 10:22:02.999859 Part 160 Complete;
2025-04-09 10:22:11.038620 Reset the pcsig;
2025-04-09 10:23:08.565370 Part 161 Complete;
2025-04-09 10:23:17.047113 Reset the pcsig;
2025-04-09 10:24:10.092478 Part 162 Complete;
2025-04-09 10:24:18.578776 Reset the pcsig;
2025-04-09 10:25:11.598524 Part 163 Complete;
2025-04-09 10:25:20.077505 Reset the pcsig;
2025-04-09 10:26:13.058405 Part 164 Complete;
2025-04-09 10:26:21.547708 Reset the pcsig;
2025-04-09 10:27:18.582913 Part 165 Complete;
2025-04-09 10:27:27.066541 Reset the pcsig;
2025-04-09 10:40:27.001394 Part 166 Complete;
2025-04-09 10:40:35.023845 Reset the pcsig;
2025-04-09 10:41:36.550177 Part 167 Complete;
2025-04-09 10:41:45.046229 Reset the pcsig;
2025-04-09 10:42:42.096824 Part 168 Complete;
2025-04-09 10:42:50.545494 Reset the pcsig;
2025-04-09 10:43:52.048382 Part 169 Complete;
2025-04-09 10:44:00.071246 Reset the pcsig;
2025-04-09 10:44:57.613624 Part 170 Complete;
2025-04-09 10:45:05.665177 Reset the pcsig;
2025-04-09 10:46:07.106603 Part 171 Complete;
2025-04-09 10:46:15.602414 Reset the pcsig;
2025-04-09 10:47:13.101919 Part 172 Complete;
2025-04-09 10:47:21.217445 Reset the pcsig;
2025-04-09 10:48:22.581145 Part 173 Complete;
2025-04-09 10:48:30.603444 Reset the pcsig;
2025-04-09 10:49:28.068694 Part 174 Complete;
2025-04-09 10:49:36.511576 Reset the pcsig;
2025-04-09 10:50:38.002144 Part 175 Complete;
2025-04-09 10:50:46.073199 Reset the pcsig;
2025-04-09 10:51:43.498505 Part 176 Complete;
2025-04-09 10:51:51.526028 Reset the pcsig;
2025-04-09 10:52:49.066224 Part 177 Complete;
2025-04-09 10:52:57.083973 Reset the pcsig;
2025-04-09 10:53:58.516333 Part 178 Complete;
2025-04-09 10:54:07.005104 Reset the pcsig;
2025-04-09 10:55:04.479575 Part 179 Complete;
2025-04-09 10:55:12.503183 Reset the pcsig;
2025-04-09 10:56:09.992065 Part 180 Complete;
2025-04-09 10:56:18.006861 Reset the pcsig;
2025-04-09 10:57:19.551061 Part 181 Complete;
2025-04-09 10:57:27.924044 Reset the pcsig;
2025-04-09 10:58:24.981093 Part 182 Complete;
2025-04-09 10:58:33.476615 Reset the pcsig;
2025-04-09 10:59:30.908353 Part 183 Complete;
2025-04-09 10:59:38.923965 Reset the pcsig;
2025-04-09 11:00:40.418884 Part 184 Complete;
2025-04-09 11:00:48.442528 Reset the pcsig;
2025-04-09 11:01:45.920233 Part 185 Complete;
2025-04-09 11:01:54.363253 Reset the pcsig;
2025-04-09 11:02:51.440244 Part 186 Complete;
2025-04-09 11:02:59.926614 Reset the pcsig;
2025-04-09 11:03:57.425422 Part 187 Complete;
2025-04-09 11:04:05.446242 Reset the pcsig;
2025-04-09 11:05:07.087827 Part 188 Complete;
2025-04-09 11:05:15.105430 Reset the pcsig;
2025-04-09 11:06:12.557099 Part 189 Complete;
2025-04-09 11:06:21.007290 Reset the pcsig;
2025-04-09 11:07:18.088265 Part 190 Complete;
2025-04-09 11:07:26.589745 Reset the pcsig;
2025-04-09 11:08:24.081501 Part 191 Complete;
2025-04-09 11:08:32.105384 Reset the pcsig;
2025-04-09 11:09:29.664339 Part 192 Complete;
2025-04-09 11:09:37.679459 Reset the pcsig;
2025-04-09 11:10:39.271001 Part 193 Complete;
2025-04-09 11:10:47.736379 Reset the pcsig;
2025-04-09 11:11:44.846030 Part 194 Complete;
2025-04-09 11:11:53.289656 Reset the pcsig;
2025-04-09 11:12:50.829827 Part 195 Complete;
2025-04-09 11:12:58.849120 Reset the pcsig;
2025-04-09 11:13:56.410969 Part 196 Complete;
2025-04-09 11:14:04.498179 Reset the pcsig;
2025-04-09 11:15:02.006302 Part 197 Complete;
2025-04-09 11:15:10.041145 Reset the pcsig;
2025-04-09 11:16:07.543869 Part 198 Complete;
2025-04-09 11:16:15.988507 Reset the pcsig;
2025-04-09 11:17:13.059796 Part 199 Complete;
2025-04-09 11:17:21.542780 Reset the pcsig;
2025-04-09 11:18:19.052981 Part 200 Complete;
2025-04-09 11:18:27.082911 Reset the pcsig;
2025-04-09 11:19:24.613494 Part 201 Complete;
2025-04-09 11:19:32.643662 Reset the pcsig;
2025-04-09 11:20:30.179429 Part 202 Complete;
2025-04-09 11:20:38.209181 Reset the pcsig;
2025-04-09 11:21:35.716301 Part 203 Complete;
2025-04-09 11:21:44.159733 Reset the pcsig;
2025-04-09 11:22:41.231948 Part 204 Complete;
2025-04-09 11:22:49.712480 Reset the pcsig;
2025-04-09 11:23:47.204802 Part 205 Complete;
2025-04-09 11:23:55.232965 Reset the pcsig;
2025-04-09 11:24:52.821453 Part 206 Complete;
2025-04-09 11:25:00.840394 Reset the pcsig;
2025-04-09 11:25:58.360258 Part 207 Complete;
2025-04-09 11:26:06.407211 Reset the pcsig;
2025-04-09 11:27:04.028729 Part 208 Complete;
2025-04-09 11:27:12.518242 Reset the pcsig;
2025-04-09 11:28:09.620084 Part 209 Complete;
2025-04-09 11:28:18.054296 Reset the pcsig;
2025-04-09 11:29:15.573057 Part 210 Complete;
2025-04-09 11:29:23.589648 Reset the pcsig;
2025-04-09 11:30:21.154638 Part 211 Complete;
2025-04-09 11:30:29.202345 Reset the pcsig;
2025-04-09 11:31:26.691760 Part 212 Complete;
2025-04-09 11:31:34.721747 Reset the pcsig;
2025-04-09 11:32:32.300997 Part 213 Complete;
2025-04-09 11:32:40.787867 Reset the pcsig;
2025-04-09 11:33:37.902956 Part 214 Complete;
2025-04-09 11:33:46.347368 Reset the pcsig;
2025-04-09 11:34:43.838178 Part 215 Complete;
2025-04-09 11:34:51.903249 Reset the pcsig;
2025-04-09 11:35:49.357726 Part 216 Complete;
2025-04-09 11:35:57.384331 Reset the pcsig;
2025-04-09 11:36:54.892566 Part 217 Complete;
2025-04-09 11:37:02.964923 Reset the pcsig;
2025-04-09 11:38:00.430741 Part 218 Complete;
2025-04-09 11:38:08.876885 Reset the pcsig;
2025-04-09 11:39:05.957240 Part 219 Complete;
2025-04-09 11:39:14.450078 Reset the pcsig;
2025-04-09 11:40:11.953580 Part 220 Complete;
2025-04-09 11:40:19.982562 Reset the pcsig;
2025-04-09 11:41:17.496294 Part 221 Complete;
2025-04-09 11:41:25.523628 Reset the pcsig;
2025-04-09 11:42:23.081318 Part 222 Complete;
2025-04-09 11:42:31.109830 Reset the pcsig;
2025-04-09 11:43:28.623527 Part 223 Complete;
2025-04-09 11:43:37.072095 Reset the pcsig;
2025-04-09 11:44:34.205948 Part 224 Complete;
2025-04-09 11:44:42.595026 Reset the pcsig;
2025-04-09 11:45:40.101194 Part 225 Complete;
2025-04-09 11:45:48.132605 Reset the pcsig;
2025-04-09 11:46:41.762859 Part 226 Complete;
2025-04-09 11:46:49.874123 Reset the pcsig;
2025-04-09 11:47:47.328230 Part 227 Complete;
2025-04-09 11:47:55.360132 Reset the pcsig;
2025-04-09 11:48:52.863073 Part 228 Complete;
2025-04-09 11:49:00.898317 Reset the pcsig;
2025-04-09 11:49:58.480840 Part 229 Complete;
2025-04-09 11:50:06.877008 Reset the pcsig;
2025-04-09 11:51:00.039876 Part 230 Complete;
2025-04-09 11:51:08.551301 Reset the pcsig;
2025-04-09 11:52:05.639530 Part 231 Complete;
2025-04-09 11:52:14.141129 Reset the pcsig;
2025-04-09 11:53:11.656670 Part 232 Complete;
2025-04-09 11:53:19.749630 Reset the pcsig;
2025-04-09 11:54:17.224648 Part 233 Complete;
2025-04-09 11:54:25.259585 Reset the pcsig;
2025-04-09 11:55:18.831866 Part 234 Complete;
2025-04-09 11:55:26.888625 Reset the pcsig;
2025-04-09 11:56:24.419947 Part 235 Complete;
2025-04-09 11:56:32.487946 Reset the pcsig;
2025-04-09 11:57:30.003531 Part 236 Complete;
2025-04-09 11:57:38.463899 Reset the pcsig;
2025-04-09 11:58:35.585702 Part 237 Complete;
2025-04-09 11:58:44.084505 Reset the pcsig;
2025-04-09 11:59:37.241532 Part 238 Complete;
2025-04-09 11:59:45.784240 Reset the pcsig;
2025-04-09 12:00:43.309932 Part 239 Complete;
2025-04-09 12:00:51.415471 Reset the pcsig;
2025-04-09 12:01:48.904432 Part 240 Complete;
2025-04-09 12:01:56.939777 Reset the pcsig;
2025-04-09 12:02:50.530087 Part 241 Complete;
2025-04-09 12:02:58.555490 Reset the pcsig;
2025-04-09 12:03:56.113838 Part 242 Complete;
2025-04-09 12:04:04.208349 Reset the pcsig;
2025-04-09 12:05:01.751633 Part 243 Complete;
2025-04-09 12:05:10.202625 Reset the pcsig;
2025-04-09 12:06:03.317720 Part 244 Complete;
2025-04-09 12:06:11.814360 Reset the pcsig;
2025-04-09 12:07:08.944646 Part 245 Complete;
2025-04-09 12:07:17.441487 Reset the pcsig;
2025-04-09 12:08:15.056831 Part 246 Complete;
2025-04-09 12:08:23.083475 Reset the pcsig;
2025-04-09 12:09:16.619523 Part 247 Complete;
2025-04-09 12:09:24.643642 Reset the pcsig;
2025-04-09 12:10:22.250775 Part 248 Complete;
2025-04-09 12:10:30.336249 Reset the pcsig;
2025-04-09 12:11:23.897045 Part 249 Complete;
2025-04-09 12:11:31.967063 Reset the pcsig;
2025-04-09 12:12:29.491290 Part 250 Complete;
2025-04-09 12:12:37.581115 Reset the pcsig;
2025-04-09 12:13:35.158601 Part 251 Complete;
2025-04-09 12:13:43.558578 Reset the pcsig;
2025-04-09 12:14:36.667545 Part 252 Complete;
2025-04-09 12:14:45.107318 Reset the pcsig;
2025-04-09 12:15:42.237712 Part 253 Complete;
2025-04-09 12:15:50.749529 Reset the pcsig;
2025-04-09 12:16:48.233831 Part 254 Complete;
2025-04-09 12:16:56.269414 Reset the pcsig;
2025-04-09 12:17:49.845196 Part 255 Complete;
2025-04-09 12:17:57.906632 Reset the pcsig;
2025-04-09 12:18:55.500097 Part 256 Complete;
2025-04-09 12:19:03.584664 Reset the pcsig;
2025-04-09 12:19:57.147348 Part 257 Complete;
2025-04-09 12:20:05.174961 Reset the pcsig;
2025-04-09 12:21:02.746895 Part 258 Complete;
2025-04-09 12:21:10.810528 Reset the pcsig;
2025-04-09 12:22:04.323714 Part 259 Complete;
2025-04-09 12:22:12.352678 Reset the pcsig;
2025-04-09 12:23:09.982616 Part 260 Complete;
2025-04-09 12:23:18.359628 Reset the pcsig;
2025-04-09 12:24:11.474722 Part 261 Complete;
2025-04-09 12:24:19.922386 Reset the pcsig;
2025-04-09 12:25:17.120891 Part 262 Complete;
2025-04-09 12:25:25.504133 Reset the pcsig;
2025-04-09 12:26:18.620858 Part 263 Complete;
2025-04-09 12:26:27.119260 Reset the pcsig;
2025-04-09 12:27:24.657129 Part 264 Complete;
2025-04-09 12:27:32.698253 Reset the pcsig;
2025-04-09 12:28:26.241505 Part 265 Complete;
2025-04-09 12:28:34.315691 Reset the pcsig;
2025-04-09 12:29:27.859796 Part 266 Complete;
2025-04-09 12:29:35.934031 Reset the pcsig;
2025-04-09 12:30:33.424951 Part 267 Complete;
2025-04-09 12:30:41.461007 Reset the pcsig;
2025-04-09 12:31:35.039464 Part 268 Complete;
2025-04-09 12:31:43.065156 Reset the pcsig;
2025-04-09 12:32:40.619504 Part 269 Complete;
2025-04-09 12:32:48.693569 Reset the pcsig;
2025-04-09 12:33:42.231829 Part 270 Complete;
2025-04-09 12:33:50.234757 Reset the pcsig;
2025-04-09 12:34:47.850975 Part 271 Complete;
2025-04-09 12:34:56.363995 Reset the pcsig;
2025-04-09 12:35:49.496952 Part 272 Complete;
2025-04-09 12:35:57.982584 Reset the pcsig;
2025-04-09 12:36:55.126057 Part 273 Complete;
2025-04-09 12:37:03.632967 Reset the pcsig;
2025-04-09 12:37:56.688833 Part 274 Complete;
2025-04-09 12:38:05.207734 Reset the pcsig;
2025-04-09 12:39:02.757882 Part 275 Complete;
2025-04-09 12:39:10.841712 Reset the pcsig;
2025-04-09 12:40:04.333060 Part 276 Complete;
2025-04-09 12:40:12.417254 Reset the pcsig;
2025-04-09 12:41:05.973375 Part 277 Complete;
2025-04-09 12:41:14.018784 Reset the pcsig;
2025-04-09 12:42:11.609737 Part 278 Complete;
2025-04-09 12:42:19.686594 Reset the pcsig;
2025-04-09 12:43:13.240988 Part 279 Complete;
2025-04-09 12:43:21.293941 Reset the pcsig;
2025-04-09 12:44:18.841073 Part 280 Complete;
2025-04-09 12:44:26.874006 Reset the pcsig;
2025-04-09 12:45:20.423290 Part 281 Complete;
2025-04-09 12:45:28.516626 Reset the pcsig;
2025-04-09 12:46:21.994741 Part 282 Complete;
2025-04-09 12:46:30.046385 Reset the pcsig;
2025-04-09 12:47:27.652429 Part 283 Complete;
2025-04-09 12:47:36.160965 Reset the pcsig;
2025-04-09 12:48:29.277638 Part 284 Complete;
2025-04-09 12:48:37.766494 Reset the pcsig;
2025-04-09 12:49:30.885095 Part 285 Complete;
2025-04-09 12:49:39.373959 Reset the pcsig;
2025-04-09 12:50:36.525908 Part 286 Complete;
2025-04-09 12:50:45.026391 Reset the pcsig;
2025-04-09 12:51:38.139928 Part 287 Complete;
2025-04-09 12:51:46.648895 Reset the pcsig;
2025-04-09 12:52:39.732150 Part 288 Complete;
2025-04-09 12:52:48.181694 Reset the pcsig;
2025-04-09 12:53:45.729109 Part 289 Complete;
2025-04-09 12:53:53.811572 Reset the pcsig;
2025-04-09 12:54:47.297408 Part 290 Complete;
2025-04-09 12:54:55.318948 Reset the pcsig;
2025-04-09 12:55:48.846629 Part 291 Complete;
2025-04-09 12:55:56.871657 Reset the pcsig;
2025-04-09 12:56:54.500043 Part 292 Complete;
2025-04-09 12:57:02.597327 Reset the pcsig;
2025-04-09 12:57:56.125888 Part 293 Complete;
2025-04-09 12:58:04.187451 Reset the pcsig;
2025-04-09 12:59:01.813962 Part 294 Complete;
2025-04-09 12:59:09.841023 Reset the pcsig;
2025-04-09 13:26:18.635587 Trim Cut Activated 
2025-04-09 13:28:17.443320 Part 295 Complete;
2025-04-09 13:28:26.030429 Reset the pcsig;
2025-04-09 13:29:23.640691 Part 296 Complete;
2025-04-09 13:29:31.669579 Reset the pcsig;
2025-04-09 13:30:29.274123 Part 297 Complete;
2025-04-09 13:30:37.293298 Reset the pcsig;
2025-04-09 13:31:38.914453 Part 298 Complete;
2025-04-09 13:31:47.404263 Reset the pcsig;
2025-04-09 13:32:44.543461 Part 299 Complete;
2025-04-09 13:32:53.039373 Reset the pcsig;
2025-04-09 13:33:50.650042 Part 300 Complete;
2025-04-09 13:33:58.676516 Reset the pcsig;
2025-04-09 13:34:52.329073 Part 301 Complete;
2025-04-09 13:35:00.451079 Reset the pcsig;
2025-04-09 13:35:57.938850 Part 302 Complete;
2025-04-09 13:36:05.962491 Reset the pcsig;
2025-04-09 13:37:03.553191 Part 303 Complete;
2025-04-09 13:37:11.583160 Reset the pcsig;
2025-04-09 13:38:09.340540 Part 304 Complete;
2025-04-09 13:38:17.860783 Reset the pcsig;
2025-04-09 13:39:11.071451 Part 305 Complete;
2025-04-09 13:39:19.530802 Reset the pcsig;
2025-04-09 13:40:16.685646 Part 306 Complete;
2025-04-09 13:40:25.223083 Reset the pcsig;
2025-04-09 13:41:22.879841 Part 307 Complete;
2025-04-09 13:41:30.925698 Reset the pcsig;
2025-04-09 13:42:28.552828 Part 308 Complete;
2025-04-09 13:42:36.578622 Reset the pcsig;
2025-04-09 13:43:34.425757 Part 309 Complete;
2025-04-09 13:43:42.454390 Reset the pcsig;
2025-04-09 13:44:40.026629 Part 310 Complete;
2025-04-09 13:44:48.542553 Reset the pcsig;
2025-04-09 13:45:45.636497 Part 311 Complete;
2025-04-09 13:45:54.134785 Reset the pcsig;
2025-04-09 13:46:51.657660 Part 312 Complete;
2025-04-09 13:46:59.700532 Reset the pcsig;
2025-04-09 13:47:53.273731 Part 313 Complete;
2025-04-09 13:48:01.290264 Reset the pcsig;
2025-04-09 13:48:58.926567 Part 314 Complete;
2025-04-09 13:49:06.969231 Reset the pcsig;
2025-04-09 13:50:04.537629 Part 315 Complete;
2025-04-09 13:50:12.564768 Reset the pcsig;
2025-04-09 13:51:10.120550 Part 316 Complete;
2025-04-09 13:51:18.615386 Reset the pcsig;
2025-04-09 13:52:15.739964 Part 317 Complete;
2025-04-09 13:52:24.248320 Reset the pcsig;
2025-04-09 13:53:21.808376 Part 318 Complete;
2025-04-09 13:53:29.841026 Reset the pcsig;
2025-04-09 13:54:27.399995 Part 319 Complete;
2025-04-09 13:54:35.432136 Reset the pcsig;
2025-04-09 13:55:28.983780 Part 320 Complete;
2025-04-09 13:55:37.004089 Reset the pcsig;
2025-04-09 13:56:34.578530 Part 321 Complete;
2025-04-09 13:56:42.617112 Reset the pcsig;
2025-04-09 13:57:40.176342 Part 322 Complete;
2025-04-09 13:57:48.615316 Reset the pcsig;
2025-04-09 13:58:45.758024 Part 323 Complete;
2025-04-09 13:58:54.281481 Reset the pcsig;
2025-04-09 13:59:51.827267 Part 324 Complete;
2025-04-09 13:59:59.850877 Reset the pcsig;
2025-04-09 14:00:53.474021 Part 325 Complete;
2025-04-09 14:01:01.594877 Reset the pcsig;
2025-04-09 14:01:59.089953 Part 326 Complete;
2025-04-09 14:02:07.125243 Reset the pcsig;
2025-04-09 14:03:04.696595 Part 327 Complete;
2025-04-09 14:03:12.721990 Reset the pcsig;
2025-04-09 14:04:06.295203 Part 328 Complete;
2025-04-09 14:04:14.301682 Reset the pcsig;
2025-04-09 14:05:11.939647 Part 329 Complete;
2025-04-09 14:05:20.439448 Reset the pcsig;
2025-04-09 14:06:17.545089 Part 330 Complete;
2025-04-09 14:06:26.039954 Reset the pcsig;
2025-04-09 14:07:19.210005 Part 331 Complete;
2025-04-09 14:07:27.764086 Reset the pcsig;
2025-04-09 14:08:25.296991 Part 332 Complete;
2025-04-09 14:08:33.329089 Reset the pcsig;
2025-04-09 14:09:26.927881 Part 333 Complete;
2025-04-09 14:09:34.941647 Reset the pcsig;
2025-04-09 14:10:32.556316 Part 334 Complete;
2025-04-09 14:10:40.634093 Reset the pcsig;
2025-04-09 14:11:38.202084 Part 335 Complete;
2025-04-09 14:11:46.237754 Reset the pcsig;
2025-04-09 14:12:39.781619 Part 336 Complete;
2025-04-09 14:12:47.851895 Reset the pcsig;
2025-04-09 14:13:45.374555 Part 337 Complete;
2025-04-09 14:13:53.831768 Reset the pcsig;
2025-04-09 14:14:46.973735 Part 338 Complete;
2025-04-09 14:14:55.464745 Reset the pcsig;
2025-04-09 14:15:52.672972 Part 339 Complete;
2025-04-09 14:16:01.132957 Reset the pcsig;
2025-04-09 14:16:54.226900 Part 340 Complete;
2025-04-09 14:17:02.720824 Reset the pcsig;
2025-04-09 14:18:00.348729 Part 341 Complete;
2025-04-09 14:18:08.416050 Reset the pcsig;
2025-04-09 14:19:01.888664 Part 342 Complete;
2025-04-09 14:19:09.978869 Reset the pcsig;
2025-04-09 14:20:03.533484 Part 343 Complete;
2025-04-09 14:20:11.554018 Reset the pcsig;
2025-04-09 14:21:09.185884 Part 344 Complete;
2025-04-09 14:21:17.210294 Reset the pcsig;
2025-04-09 14:22:14.820523 Part 345 Complete;
2025-04-09 14:22:22.860401 Reset the pcsig;
2025-04-09 14:23:20.438896 Part 346 Complete;
2025-04-09 14:23:28.902859 Reset the pcsig;
2025-04-09 14:24:26.089565 Part 347 Complete;
2025-04-09 14:24:34.496775 Reset the pcsig;
2025-04-09 14:25:27.620946 Part 348 Complete;
2025-04-09 14:25:36.117277 Reset the pcsig;
2025-04-09 14:26:33.668870 Part 349 Complete;
2025-04-09 14:26:41.703802 Reset the pcsig;
2025-04-09 14:27:39.324733 Part 350 Complete;
2025-04-09 14:27:47.401669 Reset the pcsig;
2025-04-09 14:28:44.976731 Part 351 Complete;
2025-04-09 14:28:53.011698 Reset the pcsig;
2025-04-09 14:29:50.587837 Part 352 Complete;
2025-04-09 14:29:59.043927 Reset the pcsig;
2025-04-09 14:30:52.193757 Part 353 Complete;
2025-04-09 14:31:00.643648 Reset the pcsig;
2025-04-09 14:31:57.774939 Part 354 Complete;
2025-04-09 14:32:06.230431 Reset the pcsig;
2025-04-09 14:33:03.786143 Part 355 Complete;
2025-04-09 14:33:11.829488 Reset the pcsig;
2025-04-09 14:34:09.399412 Part 356 Complete;
2025-04-09 14:34:17.427575 Reset the pcsig;
2025-04-09 14:35:15.030629 Part 357 Complete;
2025-04-09 14:35:23.061068 Reset the pcsig;
2025-04-09 14:36:20.705810 Part 358 Complete;
2025-04-09 14:36:29.090931 Reset the pcsig;
2025-04-09 14:37:22.228916 Part 359 Complete;
2025-04-09 14:37:30.711027 Reset the pcsig;
2025-04-09 14:38:27.858782 Part 360 Complete;
2025-04-09 14:38:36.366813 Reset the pcsig;
2025-04-09 14:39:33.879585 Part 361 Complete;
2025-04-09 14:39:41.915502 Reset the pcsig;
2025-04-09 14:40:39.530187 Part 362 Complete;
2025-04-09 14:40:47.577374 Reset the pcsig;
2025-04-09 14:41:41.124424 Part 363 Complete;
2025-04-09 14:41:49.150512 Reset the pcsig;
2025-04-09 14:42:46.727165 Part 364 Complete;
2025-04-09 14:42:54.803859 Reset the pcsig;
2025-04-09 14:43:52.312608 Part 365 Complete;
2025-04-09 14:44:00.763434 Reset the pcsig;
2025-04-09 14:44:53.909392 Part 366 Complete;
2025-04-09 14:45:02.391841 Reset the pcsig;
2025-04-09 14:45:59.516405 Part 367 Complete;
2025-04-09 14:46:08.005652 Reset the pcsig;
2025-04-09 14:47:05.527033 Part 368 Complete;
2025-04-09 14:47:13.561690 Reset the pcsig;
2025-04-09 14:48:07.134417 Part 369 Complete;
2025-04-09 14:48:15.142916 Reset the pcsig;
2025-04-09 14:49:12.770171 Part 370 Complete;
2025-04-09 14:49:20.870975 Reset the pcsig;
2025-04-09 14:50:18.382774 Part 371 Complete;
2025-04-09 14:50:26.464448 Reset the pcsig;
2025-04-09 14:51:19.946159 Part 372 Complete;
2025-04-09 14:51:27.973005 Reset the pcsig;
2025-04-09 14:52:25.534155 Part 373 Complete;
2025-04-09 14:52:33.988149 Reset the pcsig;
2025-04-09 14:53:27.122134 Part 374 Complete;
2025-04-09 14:53:35.628058 Reset the pcsig;
2025-04-09 14:54:32.802716 Part 375 Complete;
2025-04-09 14:54:41.299263 Reset the pcsig;
2025-04-09 14:55:34.415991 Part 376 Complete;
2025-04-09 14:55:42.956733 Reset the pcsig;
2025-04-09 14:56:40.498250 Part 377 Complete;
2025-04-09 14:56:48.589054 Reset the pcsig;
2025-04-09 14:57:42.103583 Part 378 Complete;
2025-04-09 14:57:50.130190 Reset the pcsig;
2025-04-09 14:58:47.756251 Part 379 Complete;
2025-04-09 14:58:55.838654 Reset the pcsig;
2025-04-09 14:59:49.409073 Part 380 Complete;
2025-04-09 14:59:57.446510 Reset the pcsig;
2025-04-09 15:00:55.000375 Part 381 Complete;
2025-04-09 15:01:03.083137 Reset the pcsig;
2025-04-09 15:01:56.580297 Part 382 Complete;
2025-04-09 15:02:04.602754 Reset the pcsig;
2025-04-09 15:03:02.208936 Part 383 Complete;
2025-04-09 15:03:10.666389 Reset the pcsig;
2025-04-09 15:04:03.849724 Part 384 Complete;
2025-04-09 15:04:12.249558 Reset the pcsig;
2025-04-09 15:05:05.464466 Part 385 Complete;
2025-04-09 15:05:13.924948 Reset the pcsig;
2025-04-09 15:06:11.052750 Part 386 Complete;
2025-04-09 15:06:19.564881 Reset the pcsig;
2025-04-09 15:07:12.685059 Part 387 Complete;
2025-04-09 15:07:21.201000 Reset the pcsig;
2025-04-09 15:08:18.767433 Part 388 Complete;
2025-04-09 15:08:26.801857 Reset the pcsig;
2025-04-09 15:09:20.351785 Part 389 Complete;
2025-04-09 15:09:28.389461 Reset the pcsig;
2025-04-09 15:10:22.022683 Part 390 Complete;
2025-04-09 15:10:30.065786 Reset the pcsig;
2025-04-09 15:11:27.694437 Part 391 Complete;
2025-04-09 15:11:35.776320 Reset the pcsig;
2025-04-09 15:12:29.313447 Part 392 Complete;
2025-04-09 15:12:37.399582 Reset the pcsig;
2025-04-09 15:13:30.957728 Part 393 Complete;
2025-04-09 15:13:39.033398 Reset the pcsig;
2025-04-09 15:14:32.582927 Part 394 Complete;
2025-04-09 15:14:40.649757 Reset the pcsig;
2025-04-09 15:15:38.187859 Part 395 Complete;
2025-04-09 15:15:46.221882 Reset the pcsig;
2025-04-09 15:16:39.782666 Part 396 Complete;
2025-04-09 15:16:47.861335 Reset the pcsig;
2025-04-09 15:17:41.380238 Part 397 Complete;
2025-04-09 15:17:49.466399 Reset the pcsig;
2025-04-09 15:18:42.951247 Part 398 Complete;
2025-04-09 15:18:50.978700 Reset the pcsig;
2025-04-09 15:19:48.633405 Part 399 Complete;
2025-04-09 15:19:57.135102 Reset the pcsig;
2025-04-09 15:20:50.261444 Part 400 Complete;
2025-04-09 15:20:58.763715 Reset the pcsig;
2025-04-09 15:21:51.892767 Part 401 Complete;
2025-04-09 15:22:00.386058 Reset the pcsig;
2025-04-09 15:22:57.527598 Part 402 Complete;
2025-04-09 15:23:06.024120 Reset the pcsig;
2025-04-09 15:23:59.120674 Part 403 Complete;
2025-04-09 15:24:07.621519 Reset the pcsig;
2025-04-09 15:25:00.714752 Part 404 Complete;
2025-04-09 15:25:09.219169 Reset the pcsig;
2025-04-09 15:26:02.325285 Part 405 Complete;
2025-04-09 15:26:10.868883 Reset the pcsig;
2025-04-09 15:27:08.455624 Part 406 Complete;
2025-04-09 15:27:16.483041 Reset the pcsig;
2025-04-09 15:28:10.042672 Part 407 Complete;
2025-04-09 15:28:18.083828 Reset the pcsig;
2025-04-09 15:29:11.643518 Part 408 Complete;
2025-04-09 15:29:19.713345 Reset the pcsig;
2025-04-09 15:30:13.223079 Part 409 Complete;
2025-04-09 15:30:21.249805 Reset the pcsig;
2025-04-09 15:31:14.899514 Part 410 Complete;
2025-04-09 15:31:22.973078 Reset the pcsig;
2025-04-09 15:32:20.480958 Part 411 Complete;
2025-04-09 15:32:28.517515 Reset the pcsig;
2025-04-09 15:33:22.115793 Part 412 Complete;
2025-04-09 15:33:30.197671 Reset the pcsig;
2025-04-09 15:34:23.769112 Part 413 Complete;
2025-04-09 15:34:31.854000 Reset the pcsig;
2025-04-09 15:35:25.389341 Part 414 Complete;
2025-04-09 15:35:33.415166 Reset the pcsig;
2025-04-09 15:36:27.030937 Part 415 Complete;
2025-04-09 15:36:35.057887 Reset the pcsig;
2025-04-09 15:37:28.612623 Part 416 Complete;
2025-04-09 15:37:36.662263 Reset the pcsig;
2025-04-09 15:38:34.295434 Part 417 Complete;
2025-04-09 15:38:42.337398 Reset the pcsig;
2025-04-09 15:39:35.850560 Part 418 Complete;
2025-04-09 15:39:43.936388 Reset the pcsig;
2025-04-09 15:40:37.461330 Part 419 Complete;
2025-04-09 15:40:45.543193 Reset the pcsig;
2025-04-09 15:41:39.043661 Part 420 Complete;
2025-04-09 15:41:47.126031 Reset the pcsig;
2025-04-09 15:42:40.689519 Part 421 Complete;
2025-04-09 15:42:48.727479 Reset the pcsig;
2025-04-09 15:43:42.281118 Part 422 Complete;
2025-04-09 15:43:50.376856 Reset the pcsig;
2025-04-09 15:44:43.875371 Part 423 Complete;
2025-04-09 15:44:51.910973 Reset the pcsig;
httpget.py: An Error has occurred
httpget.py: An Error has occurred
httpget.py: An Error has occurred
httpget.py: An Error has occurred
httpget.py: An Error has occurred
httpget.py: An Error has occurred
httpget.py: An Error has occurred
httpget.py: An Error has occurred
httpget.py: An Error has occurred
2025-04-10 06:43:58.688349 Part 424 Complete;
2025-04-10 06:44:07.167533 Reset the pcsig;
2025-04-10 06:45:08.719700 Part 425 Complete;
2025-04-10 06:45:16.752909 Reset the pcsig;
2025-04-10 06:46:14.342164 Part 426 Complete;
2025-04-10 06:46:22.379669 Reset the pcsig;
2025-04-10 06:47:20.003308 Part 427 Complete;
2025-04-10 06:47:28.033708 Reset the pcsig;
2025-04-10 06:48:21.584797 Part 428 Complete;
2025-04-10 06:48:29.613105 Reset the pcsig;
2025-04-10 06:50:28.855892 Part 429 Complete;
2025-04-10 06:50:37.350146 Reset the pcsig;
2025-04-10 06:51:30.483101 Part 430 Complete;
2025-04-10 06:51:38.991883 Reset the pcsig;
2025-04-10 06:52:32.144912 Part 431 Complete;
2025-04-10 06:52:40.664701 Reset the pcsig;
2025-04-10 06:53:33.821245 Part 432 Complete;
2025-04-10 06:53:42.324025 Reset the pcsig;
2025-04-10 06:54:35.466933 Part 433 Complete;
2025-04-10 06:54:43.960582 Reset the pcsig;
2025-04-10 06:55:37.086073 Part 434 Complete;
2025-04-10 06:55:45.595098 Reset the pcsig;
2025-04-10 06:56:38.766772 Part 435 Complete;
2025-04-10 06:56:47.215179 Reset the pcsig;
2025-04-10 06:57:36.337163 Part 436 Complete;
2025-04-10 06:57:44.416082 Reset the pcsig;
2025-04-10 06:58:37.906404 Part 437 Complete;
2025-04-10 06:58:45.944087 Reset the pcsig;
2025-04-10 06:59:39.502696 Part 438 Complete;
2025-04-10 06:59:47.582113 Reset the pcsig;
2025-04-10 07:00:37.157930 Part 439 Complete;
2025-04-10 07:00:45.187418 Reset the pcsig;
2025-04-10 07:01:38.728705 Part 440 Complete;
2025-04-10 07:01:46.768743 Reset the pcsig;
2025-04-10 07:02:40.301615 Part 441 Complete;
2025-04-10 07:02:48.393737 Reset the pcsig;
2025-04-10 07:03:37.957860 Part 442 Complete;
2025-04-10 07:03:46.089983 Reset the pcsig;
2025-04-10 07:04:39.558143 Part 443 Complete;
2025-04-10 07:04:47.648054 Reset the pcsig;
2025-04-10 07:05:41.146430 Part 444 Complete;
2025-04-10 07:05:49.178378 Reset the pcsig;
2025-04-10 07:06:38.312720 Part 445 Complete;
2025-04-10 07:06:46.817647 Reset the pcsig;
2025-04-10 07:07:35.965958 Part 446 Complete;
2025-04-10 07:07:44.414241 Reset the pcsig;
2025-04-10 07:08:37.535282 Part 447 Complete;
2025-04-10 07:08:46.057608 Reset the pcsig;
2025-04-10 07:09:35.157550 Part 448 Complete;
2025-04-10 07:09:43.184877 Reset the pcsig;
2025-04-10 07:11:34.349614 Part 449 Complete;
2025-04-10 07:11:42.425119 Reset the pcsig;
2025-04-10 07:12:31.920700 Part 450 Complete;
2025-04-10 07:12:39.954641 Reset the pcsig;
2025-04-10 07:14:30.783730 Part 451 Complete;
2025-04-10 07:14:39.176112 Reset the pcsig;
2025-04-10 07:15:28.297032 Part 452 Complete;
2025-04-10 07:15:36.825515 Reset the pcsig;
2025-04-10 07:16:25.947219 Part 453 Complete;
2025-04-10 07:16:33.999806 Reset the pcsig;
2025-04-10 07:17:27.593803 Part 454 Complete;
2025-04-10 07:17:35.628392 Reset the pcsig;
2025-04-10 07:18:25.162382 Part 455 Complete;
2025-04-10 07:18:33.195655 Reset the pcsig;
2025-04-10 07:19:22.725733 Part 456 Complete;
2025-04-10 07:19:30.753113 Reset the pcsig;
2025-04-10 07:20:24.378925 Part 457 Complete;
2025-04-10 07:20:32.396003 Reset the pcsig;
2025-04-10 07:21:21.510806 Part 458 Complete;
2025-04-10 07:21:30.017712 Reset the pcsig;
2025-04-10 07:22:19.089605 Part 459 Complete;
2025-04-10 07:22:27.543947 Reset the pcsig;
2025-04-10 07:23:16.739960 Part 460 Complete;
2025-04-10 07:23:24.747782 Reset the pcsig;
2025-04-10 07:24:18.270103 Part 461 Complete;
2025-04-10 07:24:26.353461 Reset the pcsig;
2025-04-10 07:25:15.830698 Part 462 Complete;
2025-04-10 07:25:23.867674 Reset the pcsig;
2025-04-10 07:26:13.459229 Part 463 Complete;
2025-04-10 07:26:21.547057 Reset the pcsig;
2025-04-10 07:27:10.687440 Part 464 Complete;
2025-04-10 07:27:19.203304 Reset the pcsig;
2025-04-10 07:29:10.222027 Part 465 Complete;
2025-04-10 07:29:18.666636 Reset the pcsig;
2025-04-10 07:30:07.837214 Part 466 Complete;
2025-04-10 07:30:15.863266 Reset the pcsig;
2025-04-10 07:31:05.478133 Part 467 Complete;
2025-04-10 07:31:13.516724 Reset the pcsig;
2025-04-10 07:32:03.134681 Part 468 Complete;
2025-04-10 07:32:11.188554 Reset the pcsig;
2025-04-10 07:33:04.786717 Part 469 Complete;
2025-04-10 07:33:12.813596 Reset the pcsig;
2025-04-10 07:34:01.937342 Part 470 Complete;
2025-04-10 07:34:10.485874 Reset the pcsig;
2025-04-10 07:34:59.587036 Part 471 Complete;
2025-04-10 07:35:08.091133 Reset the pcsig;
2025-04-10 07:35:57.267455 Part 472 Complete;
2025-04-10 07:36:05.327709 Reset the pcsig;
2025-04-10 07:36:54.874105 Part 473 Complete;
2025-04-10 07:37:02.933728 Reset the pcsig;
2025-04-10 07:37:52.538409 Part 474 Complete;
2025-04-10 07:38:00.653968 Reset the pcsig;
2025-04-10 07:38:54.185619 Part 475 Complete;
2025-04-10 07:39:02.217039 Reset the pcsig;
2025-04-10 07:39:51.337951 Part 476 Complete;
2025-04-10 07:39:59.841048 Reset the pcsig;
2025-04-10 07:40:48.923287 Part 477 Complete;
2025-04-10 07:40:57.371823 Reset the pcsig;
2025-04-10 07:41:46.501244 Part 478 Complete;
2025-04-10 07:41:54.593092 Reset the pcsig;
2025-04-10 07:42:44.091479 Part 479 Complete;
2025-04-10 07:42:52.124046 Reset the pcsig;
2025-04-10 07:43:41.756461 Part 480 Complete;
2025-04-10 07:43:49.817484 Reset the pcsig;
2025-04-10 07:44:43.340436 Part 481 Complete;
2025-04-10 07:44:51.432980 Reset the pcsig;
2025-04-10 07:45:40.491678 Part 482 Complete;
2025-04-10 07:45:48.997322 Reset the pcsig;
2025-04-10 07:46:38.113810 Part 483 Complete;
2025-04-10 07:46:46.569751 Reset the pcsig;
2025-04-10 07:47:35.683678 Part 484 Complete;
2025-04-10 07:47:43.791312 Reset the pcsig;
2025-04-10 07:48:37.285819 Part 485 Complete;
2025-04-10 07:48:45.326567 Reset the pcsig;
2025-04-10 07:49:34.865251 Part 486 Complete;
2025-04-10 07:49:42.903887 Reset the pcsig;
2025-04-10 07:50:32.441619 Part 487 Complete;
2025-04-10 07:50:40.488939 Reset the pcsig;
2025-04-10 07:51:29.589434 Part 488 Complete;
2025-04-10 07:51:38.057519 Reset the pcsig;
2025-04-10 07:52:27.209687 Part 489 Complete;
2025-04-10 07:52:35.663820 Reset the pcsig;
2025-04-10 07:53:28.831668 Part 490 Complete;
2025-04-10 07:53:37.234492 Reset the pcsig;
2025-04-10 07:54:26.421860 Part 491 Complete;
2025-04-10 07:54:34.386556 Reset the pcsig;
2025-04-10 07:55:23.986135 Part 492 Complete;
2025-04-10 07:55:32.060921 Reset the pcsig;
2025-04-10 07:56:21.559590 Part 493 Complete;
2025-04-10 07:56:29.596927 Reset the pcsig;
2025-04-10 07:57:18.721931 Part 494 Complete;
2025-04-10 07:57:27.167109 Reset the pcsig;
2025-04-10 07:58:16.336665 Part 495 Complete;
2025-04-10 07:58:24.783920 Reset the pcsig;
2025-04-10 07:59:17.890039 Part 496 Complete;
2025-04-10 07:59:26.360741 Reset the pcsig;
2025-04-10 08:00:15.462234 Part 497 Complete;
2025-04-10 08:00:23.496914 Reset the pcsig;
2025-04-10 08:01:13.041477 Part 498 Complete;
2025-04-10 08:01:21.081817 Reset the pcsig;
2025-04-10 08:02:10.677633 Part 499 Complete;
2025-04-10 08:02:18.757359 Reset the pcsig;
2025-04-10 08:03:12.279815 Part 500 Complete;
2025-04-10 08:03:20.355594 Reset the pcsig;
2025-04-10 08:04:09.448337 Part 501 Complete;
2025-04-10 08:04:17.944574 Reset the pcsig;
2025-04-10 08:05:07.065233 Part 502 Complete;
2025-04-10 08:05:15.523832 Reset the pcsig;
2025-04-10 08:06:04.642212 Part 503 Complete;
2025-04-10 08:06:12.665709 Reset the pcsig;
2025-04-10 08:07:02.189687 Part 504 Complete;
2025-04-10 08:07:10.240795 Reset the pcsig;
2025-04-10 08:09:01.438671 Part 505 Complete;
2025-04-10 08:09:09.539757 Reset the pcsig;
2025-04-10 08:09:58.596700 Part 506 Complete;
2025-04-10 08:10:07.111371 Reset the pcsig;
2025-04-10 08:10:56.214481 Part 507 Complete;
2025-04-10 08:11:04.675207 Reset the pcsig;
2025-04-10 08:11:53.773698 Part 508 Complete;
2025-04-10 08:12:01.814953 Reset the pcsig;
2025-04-10 08:12:51.374236 Part 509 Complete;
2025-04-10 08:12:59.411874 Reset the pcsig;
2025-04-10 08:13:48.886877 Part 510 Complete;
2025-04-10 08:13:56.916859 Reset the pcsig;
2025-04-10 08:14:46.057618 Part 511 Complete;
2025-04-10 08:14:54.599516 Reset the pcsig;
2025-04-10 08:15:47.703471 Part 512 Complete;
2025-04-10 08:15:56.218492 Reset the pcsig;
2025-04-10 08:16:45.354373 Part 513 Complete;
2025-04-10 08:16:53.814021 Reset the pcsig;
2025-04-10 08:17:42.918419 Part 514 Complete;
2025-04-10 08:17:50.946363 Reset the pcsig;
2025-04-10 08:18:40.501265 Part 515 Complete;
2025-04-10 08:18:48.537740 Reset the pcsig;
2025-04-10 08:19:38.059038 Part 516 Complete;
2025-04-10 08:19:46.142521 Reset the pcsig;
2025-04-10 08:20:39.708686 Part 517 Complete;
2025-04-10 08:20:47.738241 Reset the pcsig;
2025-04-10 08:21:36.866733 Part 518 Complete;
2025-04-10 08:21:45.373047 Reset the pcsig;
2025-04-10 08:22:34.446174 Part 519 Complete;
2025-04-10 08:22:42.914773 Reset the pcsig;
2025-04-10 08:23:32.028324 Part 520 Complete;
2025-04-10 08:23:40.068727 Reset the pcsig;
2025-04-10 08:24:29.613774 Part 521 Complete;
2025-04-10 08:24:37.653865 Reset the pcsig;
2025-04-10 08:25:27.204014 Part 522 Complete;
2025-04-10 08:25:35.239209 Reset the pcsig;
2025-04-10 08:26:24.370729 Part 523 Complete;
2025-04-10 08:26:32.957207 Reset the pcsig;
2025-04-10 08:27:22.119647 Part 524 Complete;
2025-04-10 08:27:30.579218 Reset the pcsig;
2025-04-10 08:28:19.710810 Part 525 Complete;
2025-04-10 08:28:27.745538 Reset the pcsig;
2025-04-10 08:29:17.254931 Part 526 Complete;
2025-04-10 08:29:25.324659 Reset the pcsig;
2025-04-10 08:30:14.958756 Part 527 Complete;
2025-04-10 08:30:22.981755 Reset the pcsig;
2025-04-10 08:31:16.537019 Part 528 Complete;
2025-04-10 08:31:24.575404 Reset the pcsig;
2025-04-10 08:32:13.669321 Part 529 Complete;
2025-04-10 08:32:22.152305 Reset the pcsig;
2025-04-10 08:33:11.229631 Part 530 Complete;
2025-04-10 08:33:19.759746 Reset the pcsig;
2025-04-10 08:34:09.062894 Part 531 Complete;
2025-04-10 08:34:17.065073 Reset the pcsig;
2025-04-10 08:35:06.946249 Part 532 Complete;
2025-04-10 08:35:14.807317 Reset the pcsig;
2025-04-10 08:36:04.422511 Part 533 Complete;
2025-04-10 08:36:12.495817 Reset the pcsig;
2025-04-10 08:37:01.682145 Trim Cut Complete
2025-04-10 08:37:10.134878 Reset the pcsig;
2025-04-10 08:37:59.328343 Part 534 Complete;
2025-04-10 08:38:07.870137 Reset the pcsig;
2025-04-10 08:38:57.052585 Part 535 Complete;
2025-04-10 08:39:05.058014 Reset the pcsig;
2025-04-10 08:39:55.011017 Part 536 Complete;
2025-04-10 08:40:02.961634 Reset the pcsig;
2025-04-10 08:40:56.530129 Part 537 Complete;
2025-04-10 08:41:04.530441 Reset the pcsig;
2025-04-10 08:41:54.089568 Part 538 Complete;
2025-04-10 08:42:02.126636 Reset the pcsig;
2025-04-10 08:42:51.233868 Part 539 Complete;
2025-04-10 08:42:59.747077 Reset the pcsig;
2025-04-10 08:43:48.850287 Part 540 Complete;
2025-04-10 08:43:57.303375 Reset the pcsig;
2025-04-10 08:44:46.415380 Part 541 Complete;
2025-04-10 08:44:54.452649 Reset the pcsig;
2025-04-10 08:45:43.982867 Part 542 Complete;
2025-04-10 08:45:52.019660 Reset the pcsig;
2025-04-10 08:46:41.532938 Part 543 Complete;
2025-04-10 08:46:49.566116 Reset the pcsig;
2025-04-10 08:47:38.716959 Part 544 Complete;
2025-04-10 08:47:47.271534 Reset the pcsig;
2025-04-10 08:48:36.406834 Part 545 Complete;
2025-04-10 08:48:44.853825 Reset the pcsig;
2025-04-10 08:49:38.042848 Part 546 Complete;
2025-04-10 08:49:46.438868 Reset the pcsig;
2025-04-10 09:33:26.756797 Part 547 Complete;
2025-04-10 09:33:34.785551 Reset the pcsig;
2025-04-10 09:34:32.381956 Part 548 Complete;
2025-04-10 09:34:40.462967 Reset the pcsig;
2025-04-10 09:35:34.001373 Part 549 Complete;
2025-04-10 09:35:42.095405 Reset the pcsig;
2025-04-10 09:37:33.178612 Part 550 Complete;
2025-04-10 09:37:41.225392 Reset the pcsig;
2025-04-10 09:38:34.817711 Part 551 Complete;
2025-04-10 09:38:42.886123 Reset the pcsig;
2025-04-10 09:39:36.443943 Part 552 Complete;
2025-04-10 09:39:44.522255 Reset the pcsig;
2025-04-10 09:40:38.087709 Part 553 Complete;
2025-04-10 09:40:46.173640 Reset the pcsig;
2025-04-10 09:41:35.699362 Part 554 Complete;
2025-04-10 09:41:43.742350 Reset the pcsig;
2025-04-10 09:42:37.250018 Part 555 Complete;
2025-04-10 09:42:45.276390 Reset the pcsig;
2025-04-10 09:43:38.830402 Part 556 Complete;
2025-04-10 09:43:46.865927 Reset the pcsig;
2025-04-10 09:44:40.436862 Part 557 Complete;
2025-04-10 09:44:48.464619 Reset the pcsig;
2025-04-10 09:45:37.634508 Part 558 Complete;
2025-04-10 09:45:46.133475 Reset the pcsig;
2025-04-10 09:46:35.328470 Part 559 Complete;
2025-04-10 09:46:43.771678 Reset the pcsig;
2025-04-10 09:47:36.842329 Part 560 Complete;
2025-04-10 09:47:45.296369 Reset the pcsig;
2025-04-10 09:48:34.456958 Part 561 Complete;
2025-04-10 09:48:42.520673 Reset the pcsig;
2025-04-10 09:48:46.886871 Part 562 Complete;
2025-04-10 09:48:54.923724 Reset the pcsig;
2025-04-10 09:49:36.015104 Part 563 Complete;
2025-04-10 09:49:44.090045 Reset the pcsig;
2025-04-10 09:50:33.583647 Part 564 Complete;
2025-04-10 09:50:41.606458 Reset the pcsig;
2025-04-10 09:51:35.170605 Part 565 Complete;
2025-04-10 09:51:43.207889 Reset the pcsig;
2025-04-10 09:52:32.752545 Part 566 Complete;
2025-04-10 09:52:40.789309 Reset the pcsig;
2025-04-10 09:53:34.362223 Part 567 Complete;
2025-04-10 09:53:42.379694 Reset the pcsig;
2025-04-10 09:54:31.494434 Part 568 Complete;
2025-04-10 09:54:39.992425 Reset the pcsig;
2025-04-10 09:55:29.070503 Part 569 Complete;
2025-04-10 09:55:37.574608 Reset the pcsig;
2025-04-10 09:56:30.783438 Part 570 Complete;
2025-04-10 09:56:39.181133 Reset the pcsig;
2025-04-10 09:57:28.337575 Part 571 Complete;
2025-04-10 09:57:36.415944 Reset the pcsig;
2025-04-10 09:58:25.916725 Part 572 Complete;
2025-04-10 09:58:33.951552 Reset the pcsig;
2025-04-10 09:59:23.485010 Part 573 Complete;
2025-04-10 09:59:31.504771 Reset the pcsig;
2025-04-10 10:00:25.052881 Part 574 Complete;
2025-04-10 10:00:33.090479 Reset the pcsig;
2025-04-10 10:01:22.191800 Part 575 Complete;
2025-04-10 10:01:30.699867 Reset the pcsig;
2025-04-10 10:02:19.809767 Part 576 Complete;
2025-04-10 10:02:28.346013 Reset the pcsig;
2025-04-10 10:03:21.495998 Part 577 Complete;
2025-04-10 10:03:30.011188 Reset the pcsig;
2025-04-10 10:04:19.132259 Part 578 Complete;
2025-04-10 10:04:27.170529 Reset the pcsig;
2025-04-10 10:05:16.700471 Part 579 Complete;
2025-04-10 10:05:24.737743 Reset the pcsig;
2025-04-10 10:06:14.328711 Part 580 Complete;
2025-04-10 10:06:22.414725 Reset the pcsig;
2025-04-10 10:07:15.939354 Part 581 Complete;
2025-04-10 10:07:24.032544 Reset the pcsig;
2025-04-10 10:08:13.082066 Part 582 Complete;
2025-04-10 10:08:21.583224 Reset the pcsig;
2025-04-10 10:09:10.704023 Part 583 Complete;
2025-04-10 10:09:19.158813 Reset the pcsig;
2025-04-10 10:10:08.264005 Part 584 Complete;
2025-04-10 10:10:16.313766 Reset the pcsig;
2025-04-10 10:11:05.979293 Part 585 Complete;
2025-04-10 10:11:13.978360 Reset the pcsig;
2025-04-10 10:12:07.595906 Part 586 Complete;
2025-04-10 10:12:15.632098 Reset the pcsig;
2025-04-10 10:13:05.126532 Part 587 Complete;
2025-04-10 10:13:13.162654 Reset the pcsig;
2025-04-10 10:14:02.261500 Part 588 Complete;
2025-04-10 10:14:10.760238 Reset the pcsig;
2025-04-10 10:14:59.870260 Part 589 Complete;
2025-04-10 10:15:08.322086 Reset the pcsig;
2025-04-10 10:15:57.427374 Part 590 Complete;
2025-04-10 10:16:05.538580 Reset the pcsig;
2025-04-10 10:16:59.022263 Part 591 Complete;
2025-04-10 10:17:07.060230 Reset the pcsig;
2025-04-10 10:17:56.585994 Part 592 Complete;
2025-04-10 10:18:04.665645 Reset the pcsig;
2025-04-10 10:18:54.161934 Part 593 Complete;
2025-04-10 10:19:02.200351 Reset the pcsig;
2025-04-10 10:19:51.324688 Part 594 Complete;
2025-04-10 10:19:59.816107 Reset the pcsig;
2025-04-10 10:20:48.913221 Part 595 Complete;
2025-04-10 10:20:57.434228 Reset the pcsig;
2025-04-10 10:21:46.578080 Part 596 Complete;
2025-04-10 10:21:54.633098 Reset the pcsig;
2025-04-10 10:22:44.228356 Part 597 Complete;
2025-04-10 10:22:52.233194 Reset the pcsig;
2025-04-10 10:23:45.786263 Part 598 Complete;
2025-04-10 10:23:53.874137 Reset the pcsig;
2025-04-10 10:24:43.354402 Part 599 Complete;
2025-04-10 10:24:51.390750 Reset the pcsig;
2025-04-10 10:25:40.500100 Part 600 Complete;
2025-04-10 10:25:49.008623 Reset the pcsig;
2025-04-10 10:26:38.145205 Part 601 Complete;
2025-04-10 10:26:46.599512 Reset the pcsig;
2025-04-10 10:27:35.708687 Part 602 Complete;
2025-04-10 10:27:43.750674 Reset the pcsig;
2025-04-10 10:28:33.276937 Part 603 Complete;
2025-04-10 10:28:41.308330 Reset the pcsig;
2025-04-10 10:29:30.903717 Part 604 Complete;
2025-04-10 10:29:38.928050 Reset the pcsig;
2025-04-10 10:30:28.069502 Part 605 Complete;
2025-04-10 10:30:36.610214 Reset the pcsig;
2025-04-10 10:31:29.766400 Part 606 Complete;
2025-04-10 10:31:38.231909 Reset the pcsig;
2025-04-10 10:32:23.319526 Part 607 Complete;
2025-04-10 10:32:31.337976 Reset the pcsig;
2025-04-10 10:33:20.982315 Part 608 Complete;
2025-04-10 10:33:28.996137 Reset the pcsig;
2025-04-10 10:34:22.560751 Part 609 Complete;
2025-04-10 10:34:30.598335 Reset the pcsig;
2025-04-10 10:35:20.141574 Part 610 Complete;
2025-04-10 10:35:28.172953 Reset the pcsig;
2025-04-10 10:36:17.283302 Part 611 Complete;
2025-04-10 10:36:25.807064 Reset the pcsig;
2025-04-10 10:37:14.918409 Part 612 Complete;
2025-04-10 10:37:23.382003 Reset the pcsig;
2025-04-10 10:38:12.509651 Part 613 Complete;
2025-04-10 10:38:20.546674 Reset the pcsig;
2025-04-10 10:39:10.105336 Part 614 Complete;
2025-04-10 10:39:18.145026 Reset the pcsig;
2025-04-10 10:40:07.679466 Part 615 Complete;
2025-04-10 10:40:15.727113 Reset the pcsig;
2025-04-10 10:41:04.834548 Part 616 Complete;
2025-04-10 10:41:13.334188 Reset the pcsig;
2025-04-10 10:42:02.415463 Part 617 Complete;
2025-04-10 10:42:10.876686 Reset the pcsig;
2025-04-10 10:43:00.017825 Part 618 Complete;
2025-04-10 10:43:08.105416 Reset the pcsig;
2025-04-10 10:43:57.665984 Part 619 Complete;
2025-04-10 10:44:05.652418 Reset the pcsig;
2025-04-10 10:44:55.242992 Part 620 Complete;
2025-04-10 10:45:03.257316 Reset the pcsig;
2025-04-10 10:46:50.092860 Part 621 Complete;
2025-04-10 10:46:58.791430 Reset the pcsig;
2025-04-10 10:47:47.857625 Part 622 Complete;
2025-04-10 10:47:55.902576 Reset the pcsig;
2025-04-10 10:48:45.773224 Part 623 Complete;
2025-04-10 10:48:53.746596 Reset the pcsig;
2025-04-10 10:49:43.243560 Part 624 Complete;
2025-04-10 10:49:51.322519 Reset the pcsig;
2025-04-10 10:50:40.578484 Part 625 Complete;
2025-04-10 10:50:49.017265 Reset the pcsig;
2025-04-10 10:51:38.132747 Part 626 Complete;
2025-04-10 10:51:46.637661 Reset the pcsig;
2025-04-10 10:52:35.652077 Part 627 Complete;
2025-04-10 10:52:43.678386 Reset the pcsig;
2025-04-10 10:53:33.294348 Part 628 Complete;
2025-04-10 10:53:41.322451 Reset the pcsig;
2025-04-10 10:54:30.902981 Part 629 Complete;
2025-04-10 10:54:38.922643 Reset the pcsig;
2025-04-10 10:55:28.074452 Part 630 Complete;
2025-04-10 10:55:36.526581 Reset the pcsig;
2025-04-10 10:56:25.648574 Part 631 Complete;
2025-04-10 10:56:34.143966 Reset the pcsig;
2025-04-10 10:57:23.210564 Part 632 Complete;
2025-04-10 10:57:31.234729 Reset the pcsig;
2025-04-10 10:58:20.819038 Part 633 Complete;
2025-04-10 10:58:28.847936 Reset the pcsig;
2025-04-10 10:59:18.377886 Part 634 Complete;
2025-04-10 10:59:26.402115 Reset the pcsig;
2025-04-10 11:00:15.511759 Part 635 Complete;
2025-04-10 11:00:24.005757 Reset the pcsig;
2025-04-10 11:01:13.077819 Part 636 Complete;
2025-04-10 11:01:21.550982 Reset the pcsig;
2025-04-10 11:02:10.676139 Part 637 Complete;
2025-04-10 11:02:18.764282 Reset the pcsig;
2025-04-10 11:03:08.271381 Part 638 Complete;
2025-04-10 11:03:16.318105 Reset the pcsig;
2025-04-10 11:04:05.865421 Part 639 Complete;
2025-04-10 11:04:13.899857 Reset the pcsig;
2025-04-10 11:05:03.070647 Part 640 Complete;
2025-04-10 11:05:11.463527 Reset the pcsig;
2025-04-10 11:05:56.653638 Part 641 Complete;
2025-04-10 11:06:04.656387 Reset the pcsig;
2025-04-10 11:06:54.257692 Part 642 Complete;
2025-04-10 11:07:02.279679 Reset the pcsig;
2025-04-10 11:07:51.998341 Part 643 Complete;
2025-04-10 11:08:00.048754 Reset the pcsig;
2025-04-10 11:08:04.010108 Part 644 Complete;
2025-04-10 11:08:12.469563 Reset the pcsig;
2025-04-10 11:08:53.579990 Part 645 Complete;
2025-04-10 11:09:01.617868 Reset the pcsig;
2025-04-10 11:09:46.686282 Part 646 Complete;
2025-04-10 11:09:55.197836 Reset the pcsig;
2025-04-10 11:10:44.328320 Part 647 Complete;
2025-04-10 11:10:52.382226 Reset the pcsig;
2025-04-10 11:11:41.977857 Part 648 Complete;
2025-04-10 11:11:50.036539 Reset the pcsig;
2025-04-10 11:12:39.494861 Part 649 Complete;
2025-04-10 11:12:47.524049 Reset the pcsig;
2025-04-10 11:13:36.643652 Part 650 Complete;
2025-04-10 11:13:45.134345 Reset the pcsig;
2025-04-10 11:14:34.227225 Part 651 Complete;
2025-04-10 11:14:42.692385 Reset the pcsig;
2025-04-10 11:15:31.814720 Part 652 Complete;
2025-04-10 11:15:39.852864 Reset the pcsig;
2025-04-10 11:16:29.408667 Part 653 Complete;
2025-04-10 11:16:37.445942 Reset the pcsig;
2025-04-10 11:17:27.008779 Part 654 Complete;
2025-04-10 11:17:35.039541 Reset the pcsig;
2025-04-10 11:18:24.202893 Part 655 Complete;
2025-04-10 11:18:32.675175 Reset the pcsig;
2025-04-10 11:19:17.710045 Part 656 Complete;
2025-04-10 11:19:25.758812 Reset the pcsig;
2025-04-10 11:20:15.303741 Part 657 Complete;
2025-04-10 11:20:23.331317 Reset the pcsig;
2025-04-10 11:21:12.879985 Part 658 Complete;
2025-04-10 11:21:20.906648 Reset the pcsig;
2025-04-10 11:22:10.006274 Part 659 Complete;
2025-04-10 11:22:18.497784 Reset the pcsig;
2025-04-10 11:23:07.572015 Part 660 Complete;
2025-04-10 11:23:16.021767 Reset the pcsig;
2025-04-10 11:24:05.162315 Part 661 Complete;
2025-04-10 11:24:13.203140 Reset the pcsig;
2025-04-10 11:25:02.746029 Part 662 Complete;
2025-04-10 11:25:10.787764 Reset the pcsig;
2025-04-10 11:26:00.311400 Part 663 Complete;
2025-04-10 11:26:08.349977 Reset the pcsig;
2025-04-10 11:26:57.463633 Part 664 Complete;
2025-04-10 11:27:05.978536 Reset the pcsig;
2025-04-10 11:27:55.094770 Part 665 Complete;
2025-04-10 11:28:03.561412 Reset the pcsig;
2025-04-10 11:28:52.679044 Part 666 Complete;
2025-04-10 11:29:00.719956 Reset the pcsig;
2025-04-10 11:30:43.458337 Part 667 Complete;
2025-04-10 11:30:52.020641 Reset the pcsig;
2025-04-10 11:31:41.115556 Part 668 Complete;
2025-04-10 11:31:49.582361 Reset the pcsig;
2025-04-10 11:32:38.675198 Part 669 Complete;
2025-04-10 11:32:46.711820 Reset the pcsig;
2025-04-10 11:33:36.235253 Part 670 Complete;
2025-04-10 11:33:44.271663 Reset the pcsig;
2025-04-10 11:34:33.782944 Part 671 Complete;
2025-04-10 11:34:41.820063 Reset the pcsig;
2025-04-10 11:35:30.931697 Part 672 Complete;
2025-04-10 11:35:39.435925 Reset the pcsig;
2025-04-10 11:36:28.573855 Part 673 Complete;
2025-04-10 11:36:37.044392 Reset the pcsig;
2025-04-10 11:37:26.203082 Part 674 Complete;
2025-04-10 11:37:34.193406 Reset the pcsig;
2025-04-10 11:42:36.878102 Trim Cut Activated 
2025-04-10 11:45:04.805157 Trim Cut Complete
2025-04-10 11:45:13.304912 Reset the pcsig;
2025-04-10 11:46:06.437081 Part 675 Complete;
2025-04-10 11:46:14.953836 Reset the pcsig;
2025-04-10 11:47:04.075871 Part 676 Complete;
2025-04-10 11:47:12.139746 Reset the pcsig;
2025-04-10 11:48:05.714492 Part 677 Complete;
2025-04-10 11:48:13.822028 Reset the pcsig;
2025-04-10 11:49:03.273934 Part 678 Complete;
2025-04-10 11:49:11.313197 Reset the pcsig;
2025-04-10 11:50:00.915437 Part 679 Complete;
2025-04-10 11:50:08.980724 Reset the pcsig;
2025-04-10 11:51:02.496120 Part 680 Complete;
2025-04-10 11:51:10.565455 Reset the pcsig;
2025-04-10 11:51:59.629911 Part 681 Complete;
2025-04-10 11:52:08.122381 Reset the pcsig;
2025-04-10 11:52:57.253172 Part 682 Complete;
2025-04-10 11:53:05.730745 Reset the pcsig;
2025-04-10 11:53:58.858838 Part 683 Complete;
2025-04-10 11:54:07.313299 Reset the pcsig;
2025-04-10 11:54:56.431536 Part 684 Complete;
2025-04-10 11:55:04.474356 Reset the pcsig;
2025-04-10 11:55:54.001870 Part 685 Complete;
2025-04-10 11:56:02.045270 Reset the pcsig;
2025-04-10 11:56:51.561136 Part 686 Complete;
2025-04-10 11:56:59.631378 Reset the pcsig;
2025-04-10 11:57:53.161938 Part 687 Complete;
2025-04-10 11:58:01.241573 Reset the pcsig;
2025-04-10 11:58:50.314397 Part 688 Complete;
2025-04-10 11:58:58.818131 Reset the pcsig;
2025-04-10 11:59:47.956327 Part 689 Complete;
2025-04-10 11:59:56.397759 Reset the pcsig;
2025-04-10 12:00:45.515072 Part 690 Complete;
2025-04-10 12:00:53.564797 Reset the pcsig;
2025-04-10 12:01:47.238537 Part 691 Complete;
2025-04-10 12:01:55.264987 Reset the pcsig;
2025-04-10 12:02:44.785663 Part 692 Complete;
2025-04-10 12:02:52.824790 Reset the pcsig;
2025-04-10 12:03:42.365546 Part 693 Complete;
2025-04-10 12:03:50.399867 Reset the pcsig;
2025-04-10 12:04:39.523966 Part 694 Complete;
2025-04-10 12:04:47.970727 Reset the pcsig;
2025-04-10 12:05:41.147027 Part 695 Complete;
2025-04-10 12:05:49.631172 Reset the pcsig;
2025-04-10 12:06:38.686144 Part 696 Complete;
2025-04-10 12:06:47.154427 Reset the pcsig;
2025-04-10 12:07:36.255392 Part 697 Complete;
2025-04-10 12:07:44.294527 Reset the pcsig;
httpget.py: An Error has occurred
2025-04-10 14:17:11.438903 Trim Cut Activated 
httpget.py: An Error has occurred
httpget.py: An Error has occurred
2025-04-10 17:05:59.520211 Trim Cut Complete
2025-04-10 17:06:03.955648 Trim Cut Activated 
2025-04-10 17:06:03.955801 Trim Cut Complete
2025-04-10 17:06:08.029779 Trim Cut Activated 
2025-04-10 17:06:08.029950 Trim Cut Complete
2025-04-10 17:06:11.991042 Trim Cut Activated 
2025-04-10 17:06:11.991198 Trim Cut Complete
2025-04-10 17:06:16.004803 Trim Cut Activated 
2025-04-10 17:06:16.004962 Trim Cut Complete
2025-04-10 17:06:20.078353 Trim Cut Activated 
2025-04-10 17:06:20.078504 Trim Cut Complete
2025-04-10 17:06:24.467327 Trim Cut Activated 
2025-04-10 17:06:24.467579 Trim Cut Complete
2025-04-10 17:06:28.483238 Trim Cut Activated 
2025-04-10 17:06:28.483396 Trim Cut Complete
2025-04-10 17:06:32.551426 Trim Cut Activated 
2025-04-10 17:06:32.551584 Trim Cut Complete
2025-04-10 17:06:36.517021 Trim Cut Activated 
2025-04-10 17:06:36.517209 Trim Cut Complete
2025-04-10 17:06:40.539438 Trim Cut Activated 
httpget.py: An Error has occurred
httpget.py: An Error has occurred
ConfirmationNumbers.txt not found
ConfirmationNumbers.txt not found
ConfirmationNumbers.txt not found
ConfirmationNumbers.txt not found
ConfirmationNumbers.txt not found
ConfirmationNumbers.txt not found
ConfirmationNumbers.txt not found
ConfirmationNumbers.txt not found
ConfirmationNumbers.txt not found
ConfirmationNumbers.txt not found
ConfirmationNumbers.txt not found
ConfirmationNumbers.txt not found
ConfirmationNumbers.txt not found
ConfirmationNumbers.txt not found
ConfirmationNumbers.txt not found
ConfirmationNumbers.txt not found
ConfirmationNumbers.txt not found
ConfirmationNumbers.txt not found
ConfirmationNumbers.txt not found
ConfirmationNumbers.txt not found
ConfirmationNumbers.txt not found
ConfirmationNumbers.txt not found
ConfirmationNumbers.txt not found
ConfirmationNumbers.txt not found
ConfirmationNumbers.txt not found
ConfirmationNumbers.txt not found
ConfirmationNumbers.txt not found
ConfirmationNumbers.txt not found
ConfirmationNumbers.txt not found
ConfirmationNumbers.txt not found
httpget.py: An Error has occurred
httpget.py: An Error has occurred
httpget.py: An Error has occurred
httpget.py: An Error has occurred
httpget.py: An Error has occurred
httpget.py: An Error has occurred
2025-04-11 08:58:47.471755 Trim Cut Complete
2025-04-11 08:58:55.504670 Reset the pcsig;
2025-04-11 08:59:36.558809 Part 1 Complete;
2025-04-11 08:59:45.076641 Reset the pcsig;
2025-04-11 09:00:21.667609 Part 2 Complete;
2025-04-11 09:00:30.153627 Reset the pcsig;
2025-04-11 09:01:07.210977 Part 3 Complete;
2025-04-11 09:01:15.238487 Reset the pcsig;
2025-04-11 09:01:52.380464 Part 4 Complete;
2025-04-11 09:02:00.385111 Reset the pcsig;
2025-04-11 09:02:41.413689 Part 5 Complete;
2025-04-11 09:02:49.874743 Reset the pcsig;
2025-04-11 09:03:26.467110 Part 6 Complete;
2025-04-11 09:03:34.973752 Reset the pcsig;
2025-04-11 09:04:11.992695 Part 7 Complete;
2025-04-11 09:04:20.077581 Reset the pcsig;
2025-04-11 09:04:57.082429 Part 8 Complete;
2025-04-11 09:05:05.165698 Reset the pcsig;
2025-04-11 09:05:42.192682 Part 9 Complete;
2025-04-11 09:05:50.274167 Reset the pcsig;
2025-04-11 09:06:27.295795 Part 10 Complete;
2025-04-11 09:06:35.804289 Reset the pcsig;
2025-04-11 09:07:12.443587 Part 11 Complete;
2025-04-11 09:07:20.956091 Reset the pcsig;
2025-04-11 09:07:58.008926 Part 12 Complete;
2025-04-11 09:08:06.085842 Reset the pcsig;
2025-04-11 09:08:43.112299 Part 13 Complete;
2025-04-11 09:08:51.139435 Reset the pcsig;
2025-04-11 09:09:28.218999 Part 14 Complete;
2025-04-11 09:09:36.300030 Reset the pcsig;
2025-04-11 09:10:09.386742 Part 15 Complete;
2025-04-11 09:10:17.388429 Reset the pcsig;
2025-04-11 09:10:54.404807 Part 16 Complete;
2025-04-11 09:11:02.870497 Reset the pcsig;
2025-04-11 09:11:39.461800 Part 17 Complete;
2025-04-11 09:11:47.980449 Reset the pcsig;
2025-04-11 09:12:25.082129 Part 18 Complete;
2025-04-11 09:12:33.104717 Reset the pcsig;
2025-04-11 09:12:37.132455 Reset the pcsig;
2025-04-11 09:13:10.195229 Part 19 Complete;
2025-04-11 09:13:18.290596 Reset the pcsig;
2025-04-11 09:13:51.285223 Part 20 Complete;
2025-04-11 09:13:59.378356 Reset the pcsig;
2025-04-11 09:14:36.390999 Part 21 Complete;
2025-04-11 09:14:44.473460 Reset the pcsig;
2025-04-11 09:15:21.481099 Part 22 Complete;
2025-04-11 09:15:29.983824 Reset the pcsig;
2025-04-11 09:16:06.578437 Part 23 Complete;
2025-04-11 09:16:15.087714 Reset the pcsig;
2025-04-11 09:16:47.667610 Part 24 Complete;
2025-04-11 09:16:56.147380 Reset the pcsig;
2025-04-11 09:18:50.969453 Trim Cut Activated 
2025-04-11 09:20:54.435900 Trim Cut Complete
2025-04-11 09:21:02.893390 Reset the pcsig;
2025-04-11 09:21:35.455864 Part 25 Complete;
2025-04-11 09:21:43.949352 Reset the pcsig;
2025-04-11 09:22:20.946554 Part 26 Complete;
2025-04-11 09:22:28.992765 Reset the pcsig;
2025-04-11 09:23:02.088869 Part 27 Complete;
2025-04-11 09:23:10.168532 Reset the pcsig;
2025-04-11 09:23:47.204619 Part 28 Complete;
2025-04-11 09:23:55.290189 Reset the pcsig;
2025-04-11 09:24:32.312348 Part 29 Complete;
2025-04-11 09:24:40.407699 Reset the pcsig;
2025-04-11 09:25:13.382754 Part 30 Complete;
2025-04-11 09:25:21.409174 Reset the pcsig;
2025-04-11 09:25:58.410624 Part 31 Complete;
2025-04-11 09:26:06.866277 Reset the pcsig;
2025-04-11 09:26:43.458645 Part 32 Complete;
2025-04-11 09:26:51.971070 Reset the pcsig;
2025-04-11 09:27:24.578210 Part 33 Complete;
2025-04-11 09:27:33.086324 Reset the pcsig;
2025-04-11 09:28:10.130028 Part 34 Complete;
2025-04-11 09:28:18.209845 Reset the pcsig;
2025-04-11 09:28:51.156768 Part 35 Complete;
2025-04-11 09:28:59.186506 Reset the pcsig;
2025-04-11 09:29:36.232029 Part 36 Complete;
2025-04-11 09:29:44.268672 Reset the pcsig;
2025-04-11 09:30:17.299948 Part 37 Complete;
2025-04-11 09:30:25.326648 Reset the pcsig;
2025-04-11 09:31:02.396254 Part 38 Complete;
2025-04-11 09:31:10.422550 Reset the pcsig;
2025-04-11 09:31:43.465872 Part 39 Complete;
2025-04-11 09:31:51.502463 Reset the pcsig;
2025-04-11 09:32:28.569940 Part 40 Complete;
2025-04-11 09:32:37.027553 Reset the pcsig;
2025-04-11 09:33:09.605735 Part 41 Complete;
2025-04-11 09:33:18.047304 Reset the pcsig;
2025-04-11 09:33:54.638984 Part 42 Complete;
2025-04-11 09:34:03.137635 Reset the pcsig;
2025-04-11 09:34:35.754614 Part 43 Complete;
2025-04-11 09:34:44.256437 Reset the pcsig;
2025-04-11 09:35:16.859814 Part 44 Complete;
2025-04-11 09:35:25.309523 Reset the pcsig;
2025-04-11 09:36:02.316110 Part 45 Complete;
2025-04-11 09:36:10.355135 Reset the pcsig;
2025-04-11 09:36:43.337241 Part 46 Complete;
2025-04-11 09:36:51.373909 Reset the pcsig;
2025-04-11 09:37:24.463540 Part 47 Complete;
2025-04-11 09:37:32.490455 Reset the pcsig;
2025-04-11 09:38:09.544963 Part 48 Complete;
2025-04-11 09:38:17.580030 Reset the pcsig;
2025-04-11 09:38:50.611721 Part 49 Complete;
2025-04-11 09:38:58.657831 Reset the pcsig;
2025-04-11 09:39:31.697667 Part 50 Complete;
2025-04-11 09:39:39.768247 Reset the pcsig;
2025-04-11 09:40:16.791388 Part 51 Complete;
2025-04-11 09:40:24.870820 Reset the pcsig;
2025-04-11 09:40:57.869756 Part 52 Complete;
2025-04-11 09:41:05.909775 Reset the pcsig;
2025-04-11 09:41:38.946148 Part 53 Complete;
2025-04-11 09:41:46.970079 Reset the pcsig;
2025-04-11 09:42:20.038375 Part 54 Complete;
2025-04-11 09:42:28.088849 Reset the pcsig;
2025-04-11 09:43:05.120315 Part 55 Complete;
2025-04-11 09:43:13.627749 Reset the pcsig;
2025-04-11 09:43:46.176741 Part 56 Complete;
2025-04-11 09:43:54.635217 Reset the pcsig;
2025-04-11 09:44:27.210768 Part 57 Complete;
2025-04-11 09:44:35.663591 Reset the pcsig;
2025-04-11 09:45:08.236586 Part 58 Complete;
2025-04-11 09:45:16.729356 Reset the pcsig;
2025-04-11 09:45:53.320435 Part 59 Complete;
2025-04-11 09:46:01.833373 Reset the pcsig;
2025-04-11 09:46:34.498709 Part 60 Complete;
2025-04-11 09:46:42.901714 Reset the pcsig;
2025-04-11 09:47:15.541345 Part 61 Complete;
2025-04-11 09:47:23.933041 Reset the pcsig;
2025-04-11 09:47:56.507391 Part 62 Complete;
2025-04-11 09:48:05.009688 Reset the pcsig;
2025-04-11 09:48:37.586001 Part 63 Complete;
2025-04-11 09:48:46.033816 Reset the pcsig;
2025-04-11 09:49:18.627142 Part 64 Complete;
2025-04-11 09:49:27.169273 Reset the pcsig;
2025-04-11 09:50:45.234395 Part 65 Complete;
2025-04-11 09:50:53.265499 Reset the pcsig;
2025-04-11 09:51:26.259213 Part 66 Complete;
2025-04-11 09:51:34.295663 Reset the pcsig;
2025-04-11 09:52:07.282841 Part 67 Complete;
2025-04-11 09:52:15.318297 Reset the pcsig;
2025-04-11 09:52:48.308327 Part 68 Complete;
2025-04-11 09:52:56.351728 Reset the pcsig;
2025-04-11 09:53:29.327451 Part 69 Complete;
2025-04-11 09:53:37.365785 Reset the pcsig;
2025-04-11 09:54:10.352861 Part 70 Complete;
2025-04-11 09:54:18.385477 Reset the pcsig;
2025-04-11 09:54:51.421005 Part 71 Complete;
2025-04-11 09:54:59.447646 Reset the pcsig;
2025-04-11 09:55:32.547881 Part 72 Complete;
2025-04-11 09:55:40.600061 Reset the pcsig;
2025-04-11 09:56:13.685636 Part 73 Complete;
2025-04-11 09:56:21.705314 Reset the pcsig;
2025-04-11 09:56:58.835058 Part 74 Complete;
2025-04-11 09:57:06.887648 Reset the pcsig;
2025-04-11 09:57:39.813176 Part 75 Complete;
2025-04-11 09:57:47.848546 Reset the pcsig;
2025-04-11 09:58:20.886479 Part 76 Complete;
2025-04-11 09:58:28.922997 Reset the pcsig;
2025-04-11 09:59:01.958582 Part 77 Complete;
2025-04-11 09:59:10.001296 Reset the pcsig;
2025-04-11 09:59:43.033558 Part 78 Complete;
2025-04-11 09:59:51.070632 Reset the pcsig;
2025-04-11 10:00:24.160954 Part 79 Complete;
2025-04-11 10:00:32.212971 Reset the pcsig;
2025-04-11 10:01:05.259502 Part 80 Complete;
2025-04-11 10:01:13.302295 Reset the pcsig;
2025-04-11 10:01:42.315583 Part 81 Complete;
2025-04-11 10:01:50.337146 Reset the pcsig;
2025-04-11 10:02:23.436354 Part 82 Complete;
2025-04-11 10:02:31.444022 Reset the pcsig;
2025-04-11 10:03:04.533083 Part 83 Complete;
2025-04-11 10:03:12.581404 Reset the pcsig;
2025-04-11 10:03:45.672329 Part 84 Complete;
2025-04-11 10:03:53.731133 Reset the pcsig;
2025-04-11 10:04:26.764558 Part 85 Complete;
2025-04-11 10:04:34.830132 Reset the pcsig;
2025-04-11 10:05:07.870900 Part 86 Complete;
2025-04-11 10:05:15.923437 Reset the pcsig;
2025-04-11 10:18:41.967874 Part 87 Complete;
2025-04-11 10:18:50.469839 Reset the pcsig;
2025-04-11 10:19:47.654200 Part 88 Complete;
2025-04-11 10:19:56.149769 Reset the pcsig;
2025-04-11 10:20:28.773877 Part 89 Complete;
2025-04-11 10:20:37.273303 Reset the pcsig;
2025-04-11 10:21:09.947597 Part 90 Complete;
2025-04-11 10:21:18.446445 Reset the pcsig;
2025-04-11 10:21:51.018290 Part 91 Complete;
2025-04-11 10:21:59.536298 Reset the pcsig;
2025-04-11 10:22:32.111598 Part 92 Complete;
2025-04-11 10:22:40.578268 Reset the pcsig;
2025-04-11 10:23:13.144635 Part 93 Complete;
2025-04-11 10:23:21.605296 Reset the pcsig;
2025-04-11 10:23:54.172937 Part 94 Complete;
2025-04-11 10:24:02.629835 Reset the pcsig;
2025-04-11 10:24:35.190716 Part 95 Complete;
2025-04-11 10:24:43.666264 Reset the pcsig;
2025-04-11 10:25:16.245736 Part 96 Complete;
2025-04-11 10:25:24.757906 Reset the pcsig;
2025-04-11 10:25:57.366837 Part 97 Complete;
2025-04-11 10:26:05.880824 Reset the pcsig;
2025-04-11 10:26:38.499658 Part 98 Complete;
2025-04-11 10:26:47.014758 Reset the pcsig;
2025-04-11 10:27:19.630336 Part 99 Complete;
2025-04-11 10:27:28.135264 Reset the pcsig;
2025-04-11 10:28:00.792261 Part 100 Complete;
2025-04-11 10:28:09.195200 Reset the pcsig;
2025-04-11 10:28:37.838088 Part 101 Complete;
2025-04-11 10:28:46.291958 Reset the pcsig;
2025-04-11 10:29:18.836141 Part 102 Complete;
2025-04-11 10:29:27.315650 Reset the pcsig;
2025-04-11 10:29:59.880374 Part 103 Complete;
2025-04-11 10:30:08.339630 Reset the pcsig;
2025-04-11 10:30:40.901485 Part 104 Complete;
2025-04-11 10:30:49.358173 Reset the pcsig;
2025-04-11 10:31:21.923305 Part 105 Complete;
2025-04-11 10:31:30.387745 Reset the pcsig;
2025-04-11 10:32:03.007628 Part 106 Complete;
2025-04-11 10:32:11.411809 Reset the pcsig;
2025-04-11 10:32:40.087591 Part 107 Complete;
2025-04-11 10:32:48.099284 Reset the pcsig;
2025-04-11 10:33:21.107515 Part 108 Complete;
2025-04-11 10:33:29.164981 Reset the pcsig;
2025-04-11 10:34:02.223411 Part 109 Complete;
2025-04-11 10:34:10.264500 Reset the pcsig;
2025-04-11 10:34:43.324095 Part 110 Complete;
2025-04-11 10:34:51.362330 Reset the pcsig;
2025-04-11 10:36:01.466496 Part 111 Complete;
2025-04-11 10:36:09.517094 Reset the pcsig;
2025-04-11 10:36:42.557216 Part 112 Complete;
2025-04-11 10:36:50.637519 Reset the pcsig;
2025-04-11 10:37:23.629342 Part 113 Complete;
2025-04-11 10:37:31.668519 Reset the pcsig;
2025-04-11 10:38:04.769783 Part 114 Complete;
2025-04-11 10:38:12.806189 Reset the pcsig;
2025-04-11 10:58:51.296720 Part 115 Complete;
2025-04-11 10:58:59.801006 Reset the pcsig;
2025-04-11 10:59:32.460899 Part 116 Complete;
2025-04-11 10:59:40.882013 Reset the pcsig;
2025-04-11 11:00:13.457584 Part 117 Complete;
2025-04-11 11:00:21.955921 Reset the pcsig;
2025-04-11 11:00:50.554819 Part 118 Complete;
2025-04-11 11:00:59.069985 Reset the pcsig;
2025-04-11 11:01:31.686573 Part 119 Complete;
2025-04-11 11:01:40.174513 Reset the pcsig;
2025-04-11 11:02:12.802726 Part 120 Complete;
2025-04-11 11:02:21.303305 Reset the pcsig;
2025-04-11 11:02:53.886222 Part 121 Complete;
2025-04-11 11:03:02.344498 Reset the pcsig;
2025-04-11 11:03:34.969299 Part 122 Complete;
2025-04-11 11:03:43.372771 Reset the pcsig;
2025-04-11 11:04:11.962681 Part 123 Complete;
2025-04-11 11:04:20.017293 Reset the pcsig;
2025-04-11 11:04:53.094670 Part 124 Complete;
2025-04-11 11:05:01.145069 Reset the pcsig;
2025-04-11 11:05:34.193128 Part 125 Complete;
2025-04-11 11:05:42.231183 Reset the pcsig;
2025-04-11 11:06:11.249823 Part 126 Complete;
2025-04-11 11:06:19.343942 Reset the pcsig;
2025-04-11 11:06:48.298477 Part 127 Complete;
2025-04-11 11:06:56.360725 Reset the pcsig;
2025-04-11 11:07:29.388066 Part 128 Complete;
2025-04-11 11:07:37.410469 Reset the pcsig;
2025-04-11 11:08:06.035975 Part 129 Complete;
2025-04-11 11:08:14.553658 Reset the pcsig;
2025-04-11 11:08:43.152139 Part 130 Complete;
2025-04-11 11:08:51.654886 Reset the pcsig;
2025-04-11 11:09:20.212078 Part 131 Complete;
2025-04-11 11:09:28.250956 Reset the pcsig;
2025-04-11 11:10:01.291786 Part 132 Complete;
2025-04-11 11:10:09.329550 Reset the pcsig;
2025-04-11 11:10:38.359724 Part 133 Complete;
2025-04-11 11:10:46.446164 Reset the pcsig;
2025-04-11 11:11:15.419859 Part 134 Complete;
2025-04-11 11:11:23.502005 Reset the pcsig;
2025-04-11 11:11:52.016656 Part 135 Complete;
2025-04-11 11:12:00.523905 Reset the pcsig;
2025-04-11 11:12:33.100292 Part 136 Complete;
2025-04-11 11:12:41.604370 Reset the pcsig;
2025-04-11 11:13:10.161420 Part 137 Complete;
2025-04-11 11:13:18.676698 Reset the pcsig;
2025-04-11 11:13:47.234184 Part 138 Complete;
2025-04-11 11:13:55.315828 Reset the pcsig;
2025-04-11 11:14:24.301947 Part 139 Complete;
2025-04-11 11:14:32.363259 Reset the pcsig;
2025-04-11 11:15:01.377542 Part 140 Complete;
2025-04-11 11:15:09.402043 Reset the pcsig;
2025-04-11 11:15:42.436460 Part 141 Complete;
2025-04-11 11:15:50.515252 Reset the pcsig;
2025-04-11 11:16:19.022947 Part 142 Complete;
2025-04-11 11:16:27.523471 Reset the pcsig;
2025-04-11 11:33:23.645322 Trim Cut Activated 
2025-04-11 11:39:29.797274 Trim Cut Complete
2025-04-11 11:39:37.825279 Reset the pcsig;
2025-04-11 11:40:18.906576 Part 143 Complete;
2025-04-11 11:40:27.402242 Reset the pcsig;
2025-04-11 11:41:04.461739 Part 144 Complete;
2025-04-11 11:41:12.540768 Reset the pcsig;
2025-04-11 11:41:49.563952 Part 145 Complete;
2025-04-11 11:41:57.610802 Reset the pcsig;
2025-04-11 11:42:34.759392 Part 146 Complete;
2025-04-11 11:42:42.746221 Reset the pcsig;
2025-04-11 11:43:23.821606 Part 147 Complete;
2025-04-11 11:43:32.215581 Reset the pcsig;
2025-04-11 11:44:09.237750 Part 148 Complete;
2025-04-11 11:44:17.266854 Reset the pcsig;
2025-04-11 11:44:54.328389 Part 149 Complete;
2025-04-11 11:45:02.418893 Reset the pcsig;
2025-04-11 11:45:39.468553 Part 150 Complete;
2025-04-11 11:45:47.506358 Reset the pcsig;
2025-04-11 11:46:24.566113 Part 151 Complete;
2025-04-11 11:46:33.076748 Reset the pcsig;
2025-04-11 11:47:09.671502 Part 152 Complete;
2025-04-11 11:47:18.187609 Reset the pcsig;
2025-04-11 11:47:55.209702 Part 153 Complete;
2025-04-11 11:48:03.289139 Reset the pcsig;
2025-04-11 11:48:40.303244 Part 154 Complete;
2025-04-11 11:48:48.383869 Reset the pcsig;
2025-04-11 11:49:25.413805 Part 155 Complete;
2025-04-11 11:49:33.518535 Reset the pcsig;
2025-04-11 11:50:10.512649 Part 156 Complete;
2025-04-11 11:50:19.020351 Reset the pcsig;
2025-04-11 11:50:55.610405 Part 157 Complete;
2025-04-11 11:51:04.119393 Reset the pcsig;
2025-04-11 11:51:41.138777 Part 158 Complete;
2025-04-11 11:51:49.232954 Reset the pcsig;
2025-04-11 11:52:26.185710 Part 159 Complete;
2025-04-11 11:52:34.221976 Reset the pcsig;
2025-04-11 11:53:11.288390 Part 160 Complete;
2025-04-11 11:53:19.395723 Reset the pcsig;
2025-04-11 11:53:56.388414 Part 161 Complete;
2025-04-11 11:54:04.900714 Reset the pcsig;
2025-04-11 11:54:41.483457 Part 162 Complete;
2025-04-11 11:54:49.996676 Reset the pcsig;
2025-04-11 11:55:26.991507 Part 163 Complete;
2025-04-11 11:55:35.071710 Reset the pcsig;
2025-04-11 11:56:12.089754 Part 164 Complete;
2025-04-11 11:56:20.110182 Reset the pcsig;
2025-04-11 11:56:57.179063 Part 165 Complete;
2025-04-11 11:57:05.216297 Reset the pcsig;
2025-04-11 11:57:42.284690 Part 166 Complete;
2025-04-11 11:57:50.796811 Reset the pcsig;
2025-04-11 11:58:27.372663 Part 167 Complete;
2025-04-11 11:58:35.890292 Reset the pcsig;
2025-04-11 11:59:12.958587 Part 168 Complete;
2025-04-11 11:59:21.041523 Reset the pcsig;
2025-04-11 11:59:58.073236 Part 169 Complete;
2025-04-11 12:00:06.145175 Reset the pcsig;
2025-04-11 12:00:43.168511 Part 170 Complete;
2025-04-11 12:00:51.256561 Reset the pcsig;
2025-04-11 12:01:28.288487 Part 171 Complete;
2025-04-11 12:01:36.791299 Reset the pcsig;
2025-04-11 12:02:13.379596 Part 172 Complete;
2025-04-11 12:02:21.872297 Reset the pcsig;
2025-04-11 12:02:58.884226 Part 173 Complete;
2025-04-11 12:03:06.969052 Reset the pcsig;
2025-04-11 12:03:40.019821 Part 174 Complete;
2025-04-11 12:03:48.083227 Reset the pcsig;
2025-04-11 12:04:25.112688 Part 175 Complete;
2025-04-11 12:04:33.121902 Reset the pcsig;
2025-04-11 12:05:10.284921 Part 176 Complete;
2025-04-11 12:05:18.272915 Reset the pcsig;
2025-04-11 12:05:55.316000 Part 177 Complete;
2025-04-11 12:06:03.800311 Reset the pcsig;
2025-04-11 12:06:40.433822 Part 178 Complete;
2025-04-11 12:06:48.927859 Reset the pcsig;
2025-04-11 12:07:25.927706 Part 179 Complete;
2025-04-11 12:07:33.955601 Reset the pcsig;
2025-04-11 12:08:11.033854 Part 180 Complete;
2025-04-11 12:08:19.065222 Reset the pcsig;
2025-04-11 12:08:56.122850 Part 181 Complete;
2025-04-11 12:09:04.161870 Reset the pcsig;
2025-04-11 12:09:41.211231 Part 182 Complete;
2025-04-11 12:09:49.729518 Reset the pcsig;
2025-04-11 12:10:26.320418 Part 183 Complete;
2025-04-11 12:10:34.839820 Reset the pcsig;
2025-04-11 12:11:11.855793 Part 184 Complete;
2025-04-11 12:11:19.947021 Reset the pcsig;
2025-04-11 12:11:56.974164 Part 185 Complete;
2025-04-11 12:12:05.064435 Reset the pcsig;
2025-04-11 12:12:38.078774 Part 186 Complete;
2025-04-11 12:12:46.146138 Reset the pcsig;
2025-04-11 12:13:23.168481 Part 187 Complete;
2025-04-11 12:13:31.194961 Reset the pcsig;
2025-04-11 12:14:08.243825 Part 188 Complete;
2025-04-11 12:14:16.704148 Reset the pcsig;
2025-04-11 12:14:53.294220 Part 189 Complete;
2025-04-11 12:15:01.797429 Reset the pcsig;
2025-04-11 12:15:38.824010 Part 190 Complete;
2025-04-11 12:15:46.911618 Reset the pcsig;
2025-04-11 12:16:23.937058 Part 191 Complete;
2025-04-11 12:16:32.012390 Reset the pcsig;
2025-04-11 12:17:05.014015 Part 192 Complete;
2025-04-11 12:17:13.089536 Reset the pcsig;
2025-04-11 12:17:50.106831 Part 193 Complete;
2025-04-11 12:17:58.134295 Reset the pcsig;
2025-04-11 12:18:35.179084 Part 194 Complete;
2025-04-11 12:18:43.696865 Reset the pcsig;
2025-04-11 12:19:20.293786 Part 195 Complete;
2025-04-11 12:19:28.795239 Reset the pcsig;
2025-04-11 12:20:05.809852 Part 196 Complete;
2025-04-11 12:20:13.887695 Reset the pcsig;
2025-04-11 12:20:50.896880 Part 197 Complete;
2025-04-11 12:20:58.977809 Reset the pcsig;
2025-04-11 12:21:32.032660 Part 198 Complete;
2025-04-11 12:21:40.061683 Reset the pcsig;
2025-04-11 12:21:44.033885 Part 199 Complete;
2025-04-11 12:21:52.538852 Reset the pcsig;
2025-04-11 12:22:17.122615 Part 200 Complete;
2025-04-11 12:22:25.154927 Reset the pcsig;
2025-04-11 12:23:02.249720 Part 201 Complete;
2025-04-11 12:23:10.756238 Reset the pcsig;
2025-04-11 12:23:47.353385 Part 202 Complete;
2025-04-11 12:23:55.849553 Reset the pcsig;
2025-04-11 12:24:32.898286 Part 203 Complete;
2025-04-11 12:24:40.924221 Reset the pcsig;
2025-04-11 12:25:18.044482 Part 204 Complete;
2025-04-11 12:25:26.093110 Reset the pcsig;
2025-04-11 12:25:59.090080 Part 205 Complete;
2025-04-11 12:26:07.207863 Reset the pcsig;
2025-04-11 12:26:44.207537 Part 206 Complete;
2025-04-11 12:26:52.247080 Reset the pcsig;
2025-04-11 12:27:29.301254 Part 207 Complete;
2025-04-11 12:27:37.812756 Reset the pcsig;
2025-04-11 12:28:14.402648 Part 208 Complete;
2025-04-11 12:28:22.925725 Reset the pcsig;
2025-04-11 12:28:59.859134 Part 209 Complete;
2025-04-11 12:29:07.898471 Reset the pcsig;
2025-04-11 12:29:44.954971 Part 210 Complete;
2025-04-11 12:29:53.032256 Reset the pcsig;
2025-04-11 12:30:26.066477 Part 211 Complete;
2025-04-11 12:30:34.118408 Reset the pcsig;
2025-04-11 12:31:11.141102 Part 212 Complete;
2025-04-11 12:31:19.180297 Reset the pcsig;
2025-04-11 12:31:56.241938 Part 213 Complete;
2025-04-11 12:32:04.742101 Reset the pcsig;
2025-04-11 12:32:41.335988 Part 214 Complete;
2025-04-11 12:32:49.842467 Reset the pcsig;
2025-04-11 12:33:26.874165 Part 215 Complete;
2025-04-11 12:33:34.914540 Reset the pcsig;
2025-04-11 12:34:07.931894 Part 216 Complete;
2025-04-11 12:34:15.977935 Reset the pcsig;
2025-04-11 12:34:53.023802 Part 217 Complete;
2025-04-11 12:35:01.097241 Reset the pcsig;
2025-04-11 12:35:38.097938 Part 218 Complete;
2025-04-11 12:35:46.188303 Reset the pcsig;
2025-04-11 12:36:23.209671 Part 219 Complete;
2025-04-11 12:36:31.737056 Reset the pcsig;
2025-04-11 12:37:08.319953 Part 220 Complete;
2025-04-11 12:37:16.822957 Reset the pcsig;
2025-04-11 12:37:49.437627 Part 221 Complete;
2025-04-11 12:37:57.919473 Reset the pcsig;
2025-04-11 12:38:34.935082 Part 222 Complete;
2025-04-11 12:38:42.972040 Reset the pcsig;
2025-04-11 12:39:20.017618 Part 223 Complete;
2025-04-11 12:39:28.105177 Reset the pcsig;
2025-04-11 12:40:05.114873 Part 224 Complete;
2025-04-11 12:40:13.153591 Reset the pcsig;
2025-04-11 12:40:46.177818 Part 225 Complete;
2025-04-11 12:40:54.182018 Reset the pcsig;
2025-04-11 12:41:31.237770 Part 226 Complete;
2025-04-11 12:41:39.692559 Reset the pcsig;
2025-04-11 12:42:16.270048 Part 227 Complete;
2025-04-11 12:42:24.791456 Reset the pcsig;
2025-04-11 12:43:01.795308 Part 228 Complete;
2025-04-11 12:43:09.873468 Reset the pcsig;
2025-04-11 12:43:42.928050 Part 229 Complete;
2025-04-11 12:43:51.044604 Reset the pcsig;
2025-04-11 12:44:28.038318 Part 230 Complete;
2025-04-11 12:44:36.126763 Reset the pcsig;
2025-04-11 12:45:13.141888 Part 231 Complete;
2025-04-11 12:45:21.232701 Reset the pcsig;
2025-04-11 12:46:39.353475 Part 232 Complete;
2025-04-11 12:46:47.849536 Reset the pcsig;
2025-04-11 12:47:24.395593 Part 233 Complete;
2025-04-11 12:47:32.908315 Reset the pcsig;
2025-04-11 12:48:09.899435 Part 234 Complete;
2025-04-11 12:48:17.985905 Reset the pcsig;
2025-04-11 12:48:51.014866 Part 235 Complete;
2025-04-11 12:48:59.120879 Reset the pcsig;
2025-04-11 12:49:36.118497 Part 236 Complete;
2025-04-11 12:49:44.199242 Reset the pcsig;
2025-04-11 12:50:21.218328 Part 237 Complete;
2025-04-11 12:50:29.289465 Reset the pcsig;
2025-04-11 12:51:06.304107 Part 238 Complete;
2025-04-11 12:51:14.811376 Reset the pcsig;
2025-04-11 12:59:15.939787 Trim Cut Activated 
2025-04-11 13:01:19.274727 Trim Cut Complete
2025-04-11 13:01:27.354804 Reset the pcsig;
2025-04-11 13:02:04.376512 Part 239 Complete;
2025-04-11 13:02:12.857273 Reset the pcsig;
2025-04-11 13:02:49.452302 Part 240 Complete;
2025-04-11 13:02:57.951081 Reset the pcsig;
2025-04-11 13:03:34.973152 Part 241 Complete;
2025-04-11 13:03:43.055142 Reset the pcsig;
2025-04-11 13:04:16.074065 Part 242 Complete;
2025-04-11 13:04:24.157134 Reset the pcsig;
2025-04-11 13:05:01.105356 Part 243 Complete;
2025-04-11 13:05:09.188296 Reset the pcsig;
2025-04-11 13:05:46.199684 Part 244 Complete;
2025-04-11 13:05:54.226125 Reset the pcsig;
2025-04-11 13:06:31.239409 Part 245 Complete;
2025-04-11 13:06:39.700677 Reset the pcsig;
2025-04-11 13:07:16.287194 Part 246 Complete;
2025-04-11 13:07:24.804749 Reset the pcsig;
2025-04-11 13:08:01.821530 Part 247 Complete;
2025-04-11 13:08:09.901829 Reset the pcsig;
2025-04-11 13:08:42.952000 Part 248 Complete;
2025-04-11 13:08:50.995367 Reset the pcsig;
2025-04-11 13:09:28.053100 Part 249 Complete;
2025-04-11 13:09:36.092527 Reset the pcsig;
2025-04-11 13:10:13.133776 Part 250 Complete;
2025-04-11 13:10:21.231723 Reset the pcsig;
2025-04-11 13:10:58.224561 Part 251 Complete;
2025-04-11 13:11:06.682636 Reset the pcsig;
2025-04-11 13:11:39.287220 Part 252 Complete;
2025-04-11 13:11:47.804756 Reset the pcsig;
2025-04-11 13:12:24.372504 Part 253 Complete;
2025-04-11 13:12:32.865318 Reset the pcsig;
2025-04-11 13:13:09.887962 Part 254 Complete;
2025-04-11 13:13:17.983571 Reset the pcsig;
2025-04-11 13:13:54.981171 Part 255 Complete;
2025-04-11 13:14:03.081389 Reset the pcsig;
2025-04-11 13:14:36.053941 Part 256 Complete;
2025-04-11 13:14:44.121923 Reset the pcsig;
2025-04-11 13:15:21.174888 Part 257 Complete;
2025-04-11 13:15:29.255231 Reset the pcsig;
2025-04-11 13:16:06.276936 Part 258 Complete;
2025-04-11 13:16:14.778405 Reset the pcsig;
2025-04-11 13:16:47.454709 Part 259 Complete;
2025-04-11 13:16:55.826948 Reset the pcsig;
2025-04-11 13:17:32.438634 Part 260 Complete;
2025-04-11 13:17:40.927505 Reset the pcsig;
2025-04-11 13:18:17.933334 Part 261 Complete;
2025-04-11 13:18:25.973554 Reset the pcsig;
2025-04-11 13:19:03.014637 Part 262 Complete;
2025-04-11 13:19:11.085554 Reset the pcsig;
2025-04-11 13:19:44.076946 Part 263 Complete;
2025-04-11 13:19:52.128142 Reset the pcsig;
2025-04-11 13:20:29.163551 Part 264 Complete;
2025-04-11 13:20:37.201264 Reset the pcsig;
2025-04-11 13:21:14.272819 Part 265 Complete;
2025-04-11 13:21:22.776659 Reset the pcsig;
2025-04-11 13:21:55.429901 Part 266 Complete;
2025-04-11 13:22:03.904030 Reset the pcsig;
2025-04-11 13:22:40.451021 Part 267 Complete;
2025-04-11 13:22:48.941697 Reset the pcsig;
2025-04-11 13:23:25.960135 Part 268 Complete;
2025-04-11 13:23:34.041832 Reset the pcsig;
2025-04-11 13:24:11.073079 Part 269 Complete;
2025-04-11 13:24:19.161791 Reset the pcsig;
2025-04-11 13:24:52.158818 Part 270 Complete;
2025-04-11 13:25:00.182350 Reset the pcsig;
2025-04-11 13:25:37.242498 Part 271 Complete;
2025-04-11 13:25:45.281409 Reset the pcsig;
2025-04-11 13:26:22.343117 Part 272 Complete;
2025-04-11 13:26:30.853808 Reset the pcsig;
2025-04-11 13:27:03.498221 Part 273 Complete;
2025-04-11 13:27:11.984123 Reset the pcsig;
2025-04-11 13:27:48.535486 Part 274 Complete;
2025-04-11 13:27:57.030614 Reset the pcsig;
2025-04-11 13:28:34.055604 Part 275 Complete;
2025-04-11 13:28:42.142550 Reset the pcsig;
2025-04-11 13:29:15.155506 Part 276 Complete;
2025-04-11 13:29:23.219386 Reset the pcsig;
2025-04-11 13:30:00.232089 Part 277 Complete;
2025-04-11 13:30:08.260573 Reset the pcsig;
2025-04-11 13:30:45.307825 Part 278 Complete;
2025-04-11 13:30:53.345002 Reset the pcsig;
2025-04-11 13:31:30.427106 Part 279 Complete;
2025-04-11 13:31:38.936641 Reset the pcsig;
2025-04-11 13:32:11.493470 Part 280 Complete;
2025-04-11 13:32:20.054191 Reset the pcsig;
2025-04-11 13:32:56.645715 Part 281 Complete;
2025-04-11 13:33:05.160331 Reset the pcsig;
2025-04-11 13:33:42.196303 Part 282 Complete;
2025-04-11 13:33:50.266980 Reset the pcsig;
2025-04-11 13:34:23.321203 Part 283 Complete;
2025-04-11 13:34:31.394006 Reset the pcsig;
2025-04-11 13:35:08.388862 Part 284 Complete;
2025-04-11 13:35:16.440641 Reset the pcsig;
2025-04-11 13:35:53.477218 Part 285 Complete;
2025-04-11 13:36:01.562814 Reset the pcsig;
2025-04-11 13:36:38.566418 Part 286 Complete;
2025-04-11 13:36:47.030490 Reset the pcsig;
2025-04-11 13:37:19.594191 Part 287 Complete;
2025-04-11 13:37:28.162547 Reset the pcsig;
2025-04-11 13:38:04.761614 Part 288 Complete;
2025-04-11 13:38:13.282476 Reset the pcsig;
2025-04-11 13:38:50.273255 Part 289 Complete;
2025-04-11 13:38:58.354497 Reset the pcsig;
2025-04-11 13:39:31.412449 Part 290 Complete;
2025-04-11 13:39:39.439282 Reset the pcsig;
2025-04-11 13:40:16.498035 Part 291 Complete;
2025-04-11 13:40:24.536820 Reset the pcsig;
2025-04-11 13:41:01.594529 Part 292 Complete;
2025-04-11 13:41:09.675434 Reset the pcsig;
2025-04-11 13:41:42.763939 Part 293 Complete;
2025-04-11 13:41:50.790677 Reset the pcsig;
2025-04-11 13:42:27.783447 Part 294 Complete;
2025-04-11 13:42:36.282231 Reset the pcsig;
2025-04-11 13:43:12.911613 Part 295 Complete;
2025-04-11 13:43:21.322844 Reset the pcsig;
2025-04-11 13:43:58.414660 Part 296 Complete;
2025-04-11 13:44:06.478589 Reset the pcsig;
2025-04-11 13:44:39.422042 Part 297 Complete;
2025-04-11 13:44:47.454817 Reset the pcsig;
2025-04-11 13:45:24.490879 Part 298 Complete;
2025-04-11 13:45:32.526734 Reset the pcsig;
2025-04-11 13:46:09.586265 Part 299 Complete;
2025-04-11 13:46:17.625616 Reset the pcsig;
2025-04-11 13:46:50.663714 Part 300 Complete;
2025-04-11 13:46:58.690648 Reset the pcsig;
2025-04-11 13:47:35.750893 Part 301 Complete;
2025-04-11 13:47:44.248119 Reset the pcsig;
2025-04-11 13:48:20.837634 Part 302 Complete;
2025-04-11 13:48:29.344627 Reset the pcsig;
2025-04-11 13:49:01.906626 Part 303 Complete;
2025-04-11 13:49:10.374288 Reset the pcsig;
2025-04-11 13:49:47.373824 Part 304 Complete;
2025-04-11 13:49:55.411202 Reset the pcsig;
2025-04-11 13:50:28.476770 Part 305 Complete;
2025-04-11 13:50:36.537956 Reset the pcsig;
2025-04-11 13:51:13.561438 Part 306 Complete;
2025-04-11 13:51:21.639141 Reset the pcsig;
2025-04-11 13:51:58.651660 Part 307 Complete;
2025-04-11 13:52:06.752482 Reset the pcsig;
2025-04-11 13:52:39.738469 Part 308 Complete;
2025-04-11 13:52:47.817616 Reset the pcsig;
2025-04-11 13:53:24.770485 Part 309 Complete;
2025-04-11 13:53:33.231111 Reset the pcsig;
2025-04-11 13:54:09.821585 Part 310 Complete;
2025-04-11 13:54:18.331234 Reset the pcsig;
2025-04-11 13:54:50.905601 Part 311 Complete;
2025-04-11 13:54:59.377912 Reset the pcsig;
2025-04-11 13:55:36.385962 Part 312 Complete;
2025-04-11 13:55:44.422534 Reset the pcsig;
2025-04-11 13:56:17.505967 Part 313 Complete;
2025-04-11 13:56:25.552226 Reset the pcsig;
2025-04-11 13:57:02.582194 Part 314 Complete;
2025-04-11 13:57:10.670243 Reset the pcsig;
2025-04-11 13:57:47.689815 Part 315 Complete;
2025-04-11 13:57:55.776609 Reset the pcsig;
2025-04-11 13:58:28.784000 Part 316 Complete;
2025-04-11 13:58:36.811870 Reset the pcsig;
2025-04-11 13:59:13.897589 Part 317 Complete;
2025-04-11 13:59:22.393370 Reset the pcsig;
2025-04-11 13:59:55.054428 Part 318 Complete;
2025-04-11 14:00:03.496791 Reset the pcsig;
2025-04-11 14:00:40.070568 Part 319 Complete;
2025-04-11 14:00:48.576928 Reset the pcsig;
2025-04-11 14:01:25.577581 Part 320 Complete;
2025-04-11 14:01:33.674830 Reset the pcsig;
2025-04-11 14:02:06.591673 Part 321 Complete;
2025-04-11 14:02:14.619624 Reset the pcsig;
2025-04-11 14:02:51.668325 Part 322 Complete;
2025-04-11 14:02:59.705989 Reset the pcsig;
2025-04-11 14:03:32.764304 Part 323 Complete;
2025-04-11 14:03:40.820650 Reset the pcsig;
2025-04-11 14:04:17.838107 Part 324 Complete;
2025-04-11 14:04:25.928449 Reset the pcsig;
2025-04-11 14:05:02.956099 Part 325 Complete;
2025-04-11 14:05:11.416071 Reset the pcsig;
2025-04-11 14:05:43.983866 Part 326 Complete;
2025-04-11 14:05:52.433635 Reset the pcsig;
2025-04-11 14:06:29.022061 Part 327 Complete;
2025-04-11 14:06:37.531239 Reset the pcsig;
2025-04-11 14:07:10.148520 Part 328 Complete;
2025-04-11 14:07:18.669459 Reset the pcsig;
2025-04-11 14:07:55.660466 Part 329 Complete;
2025-04-11 14:08:03.746266 Reset the pcsig;
2025-04-11 14:08:40.755654 Part 330 Complete;
2025-04-11 14:08:48.845553 Reset the pcsig;
2025-04-11 14:09:21.819183 Part 331 Complete;
2025-04-11 14:09:29.911245 Reset the pcsig;
2025-04-11 14:10:06.945681 Part 332 Complete;
2025-04-11 14:10:14.931119 Reset the pcsig;
2025-04-11 14:10:47.977592 Part 333 Complete;
2025-04-11 14:10:56.044644 Reset the pcsig;
2025-04-11 14:11:33.071176 Part 334 Complete;
2025-04-11 14:11:41.528453 Reset the pcsig;
2025-04-11 14:34:39.439013 Part 335 Complete;
2025-04-11 14:34:47.523007 Reset the pcsig;
2025-04-11 14:35:24.556228 Part 336 Complete;
2025-04-11 14:35:32.595462 Reset the pcsig;
2025-04-11 14:36:05.676823 Part 337 Complete;
2025-04-11 14:36:13.717947 Reset the pcsig;
2025-04-11 14:36:50.750113 Part 338 Complete;
2025-04-11 14:36:58.811117 Reset the pcsig;
2025-04-11 14:37:35.847840 Part 339 Complete;
2025-04-11 14:37:44.307875 Reset the pcsig;
2025-04-11 14:38:20.890542 Part 340 Complete;
2025-04-11 14:38:29.390074 Reset the pcsig;
2025-04-11 14:39:06.433455 Part 341 Complete;
2025-04-11 14:39:14.458535 Reset the pcsig;
2025-04-11 14:39:47.473736 Part 342 Complete;
2025-04-11 14:39:55.545513 Reset the pcsig;
2025-04-11 14:40:32.548056 Part 343 Complete;
2025-04-11 14:40:40.627343 Reset the pcsig;
2025-04-11 14:41:13.718226 Part 344 Complete;
2025-04-11 14:41:21.711721 Reset the pcsig;
2025-04-11 14:41:58.732040 Part 345 Complete;
2025-04-11 14:42:06.818930 Reset the pcsig;
2025-04-11 14:42:43.834324 Part 346 Complete;
2025-04-11 14:42:52.335352 Reset the pcsig;
2025-04-11 14:43:24.894803 Part 347 Complete;
2025-04-11 14:43:33.348504 Reset the pcsig;
2025-04-11 14:44:09.937340 Part 348 Complete;
2025-04-11 14:44:18.446860 Reset the pcsig;
2025-04-11 14:44:51.089200 Part 349 Complete;
2025-04-11 14:44:59.537090 Reset the pcsig;
2025-04-11 14:45:36.545254 Part 350 Complete;
2025-04-11 14:45:44.628142 Reset the pcsig;
2025-04-11 14:46:21.651333 Part 351 Complete;
2025-04-11 14:46:29.735466 Reset the pcsig;
2025-04-11 14:47:02.722516 Part 352 Complete;
2025-04-11 14:47:10.752003 Reset the pcsig;
2025-04-11 14:47:47.752467 Part 353 Complete;
2025-04-11 14:47:55.830368 Reset the pcsig;
2025-04-11 14:48:28.830025 Part 354 Complete;
2025-04-11 14:48:36.937868 Reset the pcsig;
2025-04-11 14:49:13.937367 Part 355 Complete;
2025-04-11 14:49:22.441861 Reset the pcsig;
2025-04-11 14:49:59.033726 Part 356 Complete;
2025-04-11 14:50:07.541199 Reset the pcsig;
2025-04-11 14:50:40.157861 Part 357 Complete;
2025-04-11 14:50:48.647175 Reset the pcsig;
2025-04-11 14:51:25.703730 Part 358 Complete;
2025-04-11 14:51:33.798310 Reset the pcsig;
2025-04-11 14:52:06.729169 Part 359 Complete;
2025-04-11 14:52:14.760067 Reset the pcsig;
2025-04-11 14:52:51.818290 Part 360 Complete;
2025-04-11 14:52:59.907049 Reset the pcsig;
2025-04-11 14:53:32.988117 Part 361 Complete;
2025-04-11 14:53:40.990085 Reset the pcsig;
2025-04-11 14:54:18.006308 Part 362 Complete;
2025-04-11 14:54:26.086722 Reset the pcsig;
2025-04-11 14:55:03.105860 Part 363 Complete;
2025-04-11 14:55:11.602653 Reset the pcsig;
2025-04-11 14:55:44.170072 Part 364 Complete;
2025-04-11 14:55:52.612137 Reset the pcsig;
2025-04-11 14:56:29.206264 Part 365 Complete;
2025-04-11 14:56:37.706290 Reset the pcsig;
2025-04-11 14:57:10.366060 Part 366 Complete;
2025-04-11 14:57:18.796861 Reset the pcsig;
2025-04-11 14:57:55.826116 Part 367 Complete;
2025-04-11 14:58:03.907837 Reset the pcsig;
2025-04-11 14:58:40.932594 Part 368 Complete;
2025-04-11 14:58:49.031660 Reset the pcsig;
2025-04-11 14:59:22.027158 Part 369 Complete;
2025-04-11 14:59:30.045321 Reset the pcsig;
2025-04-11 15:00:07.094518 Part 370 Complete;
2025-04-11 15:00:15.133570 Reset the pcsig;
2025-04-11 15:00:48.165451 Part 371 Complete;
2025-04-11 15:00:56.267599 Reset the pcsig;
2025-04-11 15:01:33.280943 Part 372 Complete;
2025-04-11 15:01:41.778084 Reset the pcsig;
2025-04-11 15:02:14.433080 Part 373 Complete;
2025-04-11 15:02:22.901867 Reset the pcsig;
2025-04-11 15:02:59.457989 Part 374 Complete;
2025-04-11 15:03:07.952396 Reset the pcsig;
2025-04-11 15:03:45.050183 Part 375 Complete;
2025-04-11 15:03:53.071296 Reset the pcsig;
2025-04-11 15:04:26.131889 Part 376 Complete;
2025-04-11 15:04:34.209991 Reset the pcsig;
2025-04-11 15:05:07.250839 Part 377 Complete;
2025-04-11 15:05:15.375039 Reset the pcsig;
2025-04-11 15:05:52.366988 Part 378 Complete;
2025-04-11 15:06:00.449058 Reset the pcsig;
2025-04-11 15:06:33.490207 Part 379 Complete;
2025-04-11 15:06:41.540064 Reset the pcsig;
2025-04-11 15:06:45.513515 Part 380 Complete;
2025-04-11 15:06:54.033894 Reset the pcsig;
2025-04-11 15:07:18.597412 Part 381 Complete;
2025-04-11 15:07:26.637631 Reset the pcsig;
2025-04-11 15:07:59.759628 Part 382 Complete;
2025-04-11 15:08:07.760336 Reset the pcsig;
2025-04-11 15:08:44.813983 Part 383 Complete;
2025-04-11 15:08:53.329524 Reset the pcsig;
2025-04-11 15:09:25.975537 Part 384 Complete;
2025-04-11 15:09:34.434273 Reset the pcsig;
2025-04-11 15:10:11.018808 Part 385 Complete;
2025-04-11 15:10:19.544902 Reset the pcsig;
2025-04-11 15:10:56.604288 Part 386 Complete;
2025-04-11 15:11:04.703989 Reset the pcsig;
2025-04-11 15:11:37.635700 Part 387 Complete;
2025-04-11 15:11:45.671892 Reset the pcsig;
2025-04-11 15:12:22.715645 Part 388 Complete;
2025-04-11 15:12:30.751111 Reset the pcsig;
2025-04-11 15:13:03.801890 Part 389 Complete;
2025-04-11 15:13:11.926596 Reset the pcsig;
2025-04-11 15:13:48.918899 Part 390 Complete;
2025-04-11 15:13:56.996091 Reset the pcsig;
2025-04-11 15:14:34.036597 Part 391 Complete;
2025-04-11 15:14:42.496020 Reset the pcsig;
2025-04-11 15:15:15.061317 Part 392 Complete;
2025-04-11 15:15:23.517135 Reset the pcsig;
2025-04-11 15:16:00.101941 Part 393 Complete;
2025-04-11 15:16:08.616993 Reset the pcsig;
2025-04-11 15:16:41.170580 Part 394 Complete;
2025-04-11 15:16:49.664383 Reset the pcsig;
2025-04-11 15:17:26.737144 Part 395 Complete;
2025-04-11 15:17:34.816515 Reset the pcsig;
2025-04-11 15:18:07.875652 Part 396 Complete;
2025-04-11 15:18:15.936613 Reset the pcsig;
2025-04-11 15:18:52.927203 Part 397 Complete;
2025-04-11 15:19:01.006879 Reset the pcsig;
2025-04-11 15:19:38.022255 Part 398 Complete;
2025-04-11 15:19:46.061942 Reset the pcsig;
2025-04-11 15:20:19.087590 Part 399 Complete;
2025-04-11 15:20:27.125792 Reset the pcsig;
2025-04-11 15:21:04.113636 Part 400 Complete;
2025-04-11 15:21:12.570097 Reset the pcsig;
2025-04-11 15:21:45.141733 Part 401 Complete;
2025-04-11 15:21:53.595290 Reset the pcsig;
2025-04-11 15:22:30.190010 Part 402 Complete;
2025-04-11 15:22:38.683049 Reset the pcsig;
2025-04-11 15:23:11.333309 Part 403 Complete;
2025-04-11 15:23:19.787751 Reset the pcsig;
2025-04-11 15:23:56.799862 Part 404 Complete;
2025-04-11 15:24:04.890028 Reset the pcsig;
2025-04-11 15:24:37.906967 Part 405 Complete;
2025-04-11 15:24:45.959389 Reset the pcsig;
2025-04-11 15:25:22.978265 Part 406 Complete;
2025-04-11 15:25:31.062496 Reset the pcsig;
2025-04-11 15:26:08.093286 Part 407 Complete;
2025-04-11 15:26:16.171067 Reset the pcsig;
2025-04-11 15:26:49.170215 Part 408 Complete;
2025-04-11 15:26:57.195442 Reset the pcsig;
2025-04-11 15:27:34.308524 Part 409 Complete;
2025-04-11 15:27:42.816827 Reset the pcsig;
2025-04-11 15:28:15.370751 Part 410 Complete;
2025-04-11 15:28:23.870857 Reset the pcsig;
2025-04-11 15:29:00.458458 Part 411 Complete;
2025-04-11 15:29:08.975051 Reset the pcsig;
2025-04-11 15:29:41.555178 Part 412 Complete;
2025-04-11 15:29:50.029157 Reset the pcsig;
2025-04-11 15:30:27.082340 Part 413 Complete;
2025-04-11 15:30:35.179639 Reset the pcsig;
2025-04-11 15:31:08.117079 Part 414 Complete;
2025-04-11 15:31:16.154356 Reset the pcsig;
2025-04-11 15:31:53.200391 Part 415 Complete;
2025-04-11 15:32:01.232511 Reset the pcsig;
2025-04-11 15:32:34.275208 Part 416 Complete;
2025-04-11 15:32:42.313883 Reset the pcsig;
2025-04-11 15:33:19.320668 Part 417 Complete;
2025-04-11 15:33:27.421601 Reset the pcsig;
2025-04-11 15:34:00.392290 Part 418 Complete;
2025-04-11 15:34:08.416364 Reset the pcsig;
2025-04-11 15:34:45.481835 Part 419 Complete;
2025-04-11 15:34:53.889540 Reset the pcsig;
2025-04-11 15:35:26.520642 Part 420 Complete;
2025-04-11 15:35:35.012251 Reset the pcsig;
2025-04-11 15:36:11.604052 Part 421 Complete;
2025-04-11 15:36:20.085240 Reset the pcsig;
2025-04-11 15:36:52.698210 Part 422 Complete;
2025-04-11 15:37:01.214894 Reset the pcsig;
2025-04-11 15:37:38.302484 Part 423 Complete;
2025-04-11 15:37:46.325023 Reset the pcsig;
2025-04-11 15:38:19.373164 Part 424 Complete;
2025-04-11 15:38:27.465728 Reset the pcsig;
2025-04-11 15:39:00.506649 Part 425 Complete;
2025-04-11 15:39:08.572667 Reset the pcsig;
2025-04-11 15:39:45.584608 Part 426 Complete;
2025-04-11 15:39:53.664757 Reset the pcsig;
2025-04-11 15:40:26.739833 Part 427 Complete;
2025-04-11 15:40:34.758923 Reset the pcsig;
2025-04-11 15:41:11.766953 Part 428 Complete;
2025-04-11 15:41:19.847466 Reset the pcsig;
2025-04-11 15:41:52.940949 Part 429 Complete;
2025-04-11 15:42:00.959945 Reset the pcsig;
2025-04-11 15:42:37.965697 Part 430 Complete;
2025-04-11 15:42:46.491178 Reset the pcsig;
2025-04-11 15:43:19.048452 Part 431 Complete;
2025-04-11 15:43:27.598797 Reset the pcsig;
2025-04-11 15:44:04.193636 Part 432 Complete;
2025-04-11 15:44:12.690624 Reset the pcsig;
httpget.py: An Error has occurred
2025-04-11 16:21:59.473536 Part 433 Complete;
2025-04-11 16:22:07.530030 Reset the pcsig;
2025-04-11 16:22:44.583622 Part 434 Complete;
2025-04-11 16:22:53.055598 Reset the pcsig;
2025-04-11 16:23:29.655444 Part 435 Complete;
2025-04-11 16:23:38.122227 Reset the pcsig;
2025-04-11 16:24:15.128052 Part 436 Complete;
2025-04-11 16:24:23.157779 Reset the pcsig;
2025-04-11 16:25:00.245835 Part 437 Complete;
2025-04-11 16:25:08.283676 Reset the pcsig;
2025-04-11 16:25:45.291017 Part 438 Complete;
2025-04-11 16:25:53.371528 Reset the pcsig;
2025-04-11 16:26:30.404509 Part 439 Complete;
2025-04-11 16:26:38.909598 Reset the pcsig;
2025-04-11 16:27:11.557849 Part 440 Complete;
2025-04-11 16:27:20.010128 Reset the pcsig;
2025-04-11 16:27:56.578731 Part 441 Complete;
2025-04-11 16:28:05.071825 Reset the pcsig;
2025-04-11 16:28:42.087672 Part 442 Complete;
2025-04-11 16:28:50.121025 Reset the pcsig;
2025-04-11 16:29:27.183068 Part 443 Complete;
2025-04-11 16:29:35.266803 Reset the pcsig;
httpget.py: An Error has occurred
httpget.py: An Error has occurred
httpget.py: An Error has occurred
httpget.py: An Error has occurred
httpget.py: An Error has occurred
httpget.py: An Error has occurred
httpget.py: An Error has occurred
httpget.py: An Error has occurred
httpget.py: An Error has occurred
httpget.py: An Error has occurred
httpget.py: An Error has occurred
httpget.py: An Error has occurred
httpget.py: An Error has occurred
httpget.py: An Error has occurred
httpget.py: An Error has occurred
httpget.py: An Error has occurred
httpget.py: An Error has occurred
httpget.py: An Error has occurred
httpget.py: An Error has occurred
httpget.py: An Error has occurred
httpget.py: An Error has occurred
httpget.py: An Error has occurred
httpget.py: An Error has occurred
httpget.py: An Error has occurred
httpget.py: An Error has occurred
httpget.py: An Error has occurred
httpget.py: An Error has occurred
httpget.py: An Error has occurred
httpget.py: An Error has occurred
httpget.py: An Error has occurred
httpget.py: An Error has occurred
httpget.py: An Error has occurred
2025-04-14 06:04:15.503703 Trim Cut Activated 
httpget.py: An Error has occurred
httpget.py: An Error has occurred
2025-04-14 09:11:41.726296 Trim Cut Complete
2025-04-14 09:11:45.742732 Trim Cut Activated 
2025-04-14 09:11:45.742892 Trim Cut Complete
2025-04-14 09:11:49.814178 Trim Cut Activated 
2025-04-14 09:11:49.814332 Trim Cut Complete
2025-04-14 09:11:53.785731 Trim Cut Activated 
2025-04-14 09:11:53.785886 Trim Cut Complete
2025-04-14 09:11:57.804801 Trim Cut Activated 
2025-04-14 09:11:57.804955 Trim Cut Complete
2025-04-14 09:12:02.306800 Trim Cut Activated 
2025-04-14 09:12:02.306960 Trim Cut Complete
2025-04-14 09:12:06.322693 Trim Cut Activated 
2025-04-14 09:12:06.322849 Trim Cut Complete
2025-04-14 09:12:10.336527 Trim Cut Activated 
2025-04-14 09:12:10.336685 Trim Cut Complete
2025-04-14 09:12:14.393855 Trim Cut Activated 
2025-04-14 09:12:14.394121 Trim Cut Complete
2025-04-14 09:12:18.403848 Trim Cut Activated 
2025-04-14 09:12:18.404012 Trim Cut Complete
2025-04-14 09:12:22.945596 Trim Cut Activated 
httpget.py: An Error has occurred
httpget.py: An Error has occurred
